<?xml version="1.0" encoding="UTF-8"?>
<testsuite xmlns:xsi="http://www.w3.org/2001/XMLSchema-instance" xsi:noNamespaceSchemaLocation="https://maven.apache.org/surefire/maven-failsafe-plugin/xsd/failsafe-test-report-3.0.xsd" version="3.0" name="starter.CucumberTestSuite" time="48.777" tests="15" errors="0" skipped="0" failures="0">
  <properties>
    <property name="java.specification.version" value="20"/>
    <property name="sun.cpu.isalist" value="amd64"/>
    <property name="sun.jnu.encoding" value="Cp1252"/>
    <property name="java.class.path" value="D:\Intelij\REST API\fakestoreapi\target\test-classes;C:\Users\ASUS\.m2\repository\net\serenity-bdd\serenity-rest-assured\3.6.22\serenity-rest-assured-3.6.22.jar;C:\Users\ASUS\.m2\repository\org\apache\httpcomponents\httpclient\4.5.13\httpclient-4.5.13.jar;C:\Users\ASUS\.m2\repository\org\apache\httpcomponents\httpcore\4.4.13\httpcore-4.4.13.jar;C:\Users\ASUS\.m2\repository\commons-logging\commons-logging\1.2\commons-logging-1.2.jar;C:\Users\ASUS\.m2\repository\io\rest-assured\rest-assured\5.3.0\rest-assured-5.3.0.jar;C:\Users\ASUS\.m2\repository\org\apache\httpcomponents\httpmime\4.5.13\httpmime-4.5.13.jar;C:\Users\ASUS\.m2\repository\org\ccil\cowan\tagsoup\tagsoup\1.2.1\tagsoup-1.2.1.jar;C:\Users\ASUS\.m2\repository\io\rest-assured\json-path\5.3.0\json-path-5.3.0.jar;C:\Users\ASUS\.m2\repository\io\rest-assured\rest-assured-common\5.3.0\rest-assured-common-5.3.0.jar;C:\Users\ASUS\.m2\repository\io\rest-assured\xml-path\5.3.0\xml-path-5.3.0.jar;C:\Users\ASUS\.m2\repository\org\apache\groovy\groovy-json\4.0.10\groovy-json-4.0.10.jar;C:\Users\ASUS\.m2\repository\org\apache\groovy\groovy-xml\4.0.10\groovy-xml-4.0.10.jar;C:\Users\ASUS\.m2\repository\org\apache\groovy\groovy\4.0.10\groovy-4.0.10.jar;C:\Users\ASUS\.m2\repository\org\opentest4j\opentest4j\1.2.0\opentest4j-1.2.0.jar;C:\Users\ASUS\.m2\repository\net\serenity-bdd\serenity-core\3.6.21\serenity-core-3.6.21.jar;C:\Users\ASUS\.m2\repository\net\serenity-bdd\serenity-model\3.6.21\serenity-model-3.6.21.jar;C:\Users\ASUS\.m2\repository\org\apache\commons\commons-text\1.10.0\commons-text-1.10.0.jar;C:\Users\ASUS\.m2\repository\commons-net\commons-net\3.9.0\commons-net-3.9.0.jar;C:\Users\ASUS\.m2\repository\com\google\guava\guava\31.1-jre\guava-31.1-jre.jar;C:\Users\ASUS\.m2\repository\com\google\guava\failureaccess\1.0.1\failureaccess-1.0.1.jar;C:\Users\ASUS\.m2\repository\com\google\guava\listenablefuture\9999.0-empty-to-avoid-conflict-with-guava\listenablefuture-9999.0-empty-to-avoid-conflict-with-guava.jar;C:\Users\ASUS\.m2\repository\com\google\code\findbugs\jsr305\3.0.2\jsr305-3.0.2.jar;C:\Users\ASUS\.m2\repository\org\checkerframework\checker-qual\3.12.0\checker-qual-3.12.0.jar;C:\Users\ASUS\.m2\repository\com\google\errorprone\error_prone_annotations\2.11.0\error_prone_annotations-2.11.0.jar;C:\Users\ASUS\.m2\repository\com\google\j2objc\j2objc-annotations\1.3\j2objc-annotations-1.3.jar;C:\Users\ASUS\.m2\repository\com\google\inject\guice\5.1.0\guice-5.1.0.jar;C:\Users\ASUS\.m2\repository\javax\inject\javax.inject\1\javax.inject-1.jar;C:\Users\ASUS\.m2\repository\aopalliance\aopalliance\1.0\aopalliance-1.0.jar;C:\Users\ASUS\.m2\repository\org\jsoup\jsoup\1.14.3\jsoup-1.14.3.jar;C:\Users\ASUS\.m2\repository\com\thoughtworks\xstream\xstream\1.4.20\xstream-1.4.20.jar;C:\Users\ASUS\.m2\repository\io\github\x-stream\mxparser\1.2.2\mxparser-1.2.2.jar;C:\Users\ASUS\.m2\repository\xmlpull\xmlpull\1.1.3.1\xmlpull-1.1.3.1.jar;C:\Users\ASUS\.m2\repository\com\typesafe\config\1.4.2\config-1.4.2.jar;C:\Users\ASUS\.m2\repository\org\imgscalr\imgscalr-lib\4.2\imgscalr-lib-4.2.jar;C:\Users\ASUS\.m2\repository\org\awaitility\awaitility\4.2.0\awaitility-4.2.0.jar;C:\Users\ASUS\.m2\repository\org\freemarker\freemarker\2.3.31\freemarker-2.3.31.jar;C:\Users\ASUS\.m2\repository\io\github\classgraph\classgraph\4.8.138\classgraph-4.8.138.jar;C:\Users\ASUS\.m2\repository\net\sourceforge\jexcelapi\jxl\2.6.12\jxl-2.6.12.jar;C:\Users\ASUS\.m2\repository\net\bytebuddy\byte-buddy-agent\1.14.2\byte-buddy-agent-1.14.2.jar;C:\Users\ASUS\.m2\repository\org\objenesis\objenesis\3.3\objenesis-3.3.jar;C:\Users\ASUS\.m2\repository\net\serenity-bdd\serenity-reports\3.6.21\serenity-reports-3.6.21.jar;C:\Users\ASUS\.m2\repository\net\serenity-bdd\serenity-stats\3.6.21\serenity-stats-3.6.21.jar;C:\Users\ASUS\.m2\repository\net\serenity-bdd\serenity-reports-configuration\3.6.21\serenity-reports-configuration-3.6.21.jar;C:\Users\ASUS\.m2\repository\com\vladsch\flexmark\flexmark-all\0.62.2\flexmark-all-0.62.2.jar;C:\Users\ASUS\.m2\repository\com\vladsch\flexmark\flexmark\0.62.2\flexmark-0.62.2.jar;C:\Users\ASUS\.m2\repository\com\vladsch\flexmark\flexmark-ext-abbreviation\0.62.2\flexmark-ext-abbreviation-0.62.2.jar;C:\Users\ASUS\.m2\repository\com\vladsch\flexmark\flexmark-util\0.62.2\flexmark-util-0.62.2.jar;C:\Users\ASUS\.m2\repository\com\vladsch\flexmark\flexmark-ext-admonition\0.62.2\flexmark-ext-admonition-0.62.2.jar;C:\Users\ASUS\.m2\repository\com\vladsch\flexmark\flexmark-ext-anchorlink\0.62.2\flexmark-ext-anchorlink-0.62.2.jar;C:\Users\ASUS\.m2\repository\com\vladsch\flexmark\flexmark-ext-aside\0.62.2\flexmark-ext-aside-0.62.2.jar;C:\Users\ASUS\.m2\repository\com\vladsch\flexmark\flexmark-ext-attributes\0.62.2\flexmark-ext-attributes-0.62.2.jar;C:\Users\ASUS\.m2\repository\com\vladsch\flexmark\flexmark-ext-autolink\0.62.2\flexmark-ext-autolink-0.62.2.jar;C:\Users\ASUS\.m2\repository\org\nibor\autolink\autolink\0.6.0\autolink-0.6.0.jar;C:\Users\ASUS\.m2\repository\com\vladsch\flexmark\flexmark-ext-definition\0.62.2\flexmark-ext-definition-0.62.2.jar;C:\Users\ASUS\.m2\repository\com\vladsch\flexmark\flexmark-ext-emoji\0.62.2\flexmark-ext-emoji-0.62.2.jar;C:\Users\ASUS\.m2\repository\com\vladsch\flexmark\flexmark-ext-enumerated-reference\0.62.2\flexmark-ext-enumerated-reference-0.62.2.jar;C:\Users\ASUS\.m2\repository\com\vladsch\flexmark\flexmark-ext-escaped-character\0.62.2\flexmark-ext-escaped-character-0.62.2.jar;C:\Users\ASUS\.m2\repository\com\vladsch\flexmark\flexmark-ext-footnotes\0.62.2\flexmark-ext-footnotes-0.62.2.jar;C:\Users\ASUS\.m2\repository\com\vladsch\flexmark\flexmark-ext-gfm-issues\0.62.2\flexmark-ext-gfm-issues-0.62.2.jar;C:\Users\ASUS\.m2\repository\com\vladsch\flexmark\flexmark-ext-gfm-strikethrough\0.62.2\flexmark-ext-gfm-strikethrough-0.62.2.jar;C:\Users\ASUS\.m2\repository\com\vladsch\flexmark\flexmark-ext-gfm-tasklist\0.62.2\flexmark-ext-gfm-tasklist-0.62.2.jar;C:\Users\ASUS\.m2\repository\com\vladsch\flexmark\flexmark-ext-gfm-users\0.62.2\flexmark-ext-gfm-users-0.62.2.jar;C:\Users\ASUS\.m2\repository\com\vladsch\flexmark\flexmark-ext-gitlab\0.62.2\flexmark-ext-gitlab-0.62.2.jar;C:\Users\ASUS\.m2\repository\com\vladsch\flexmark\flexmark-ext-jekyll-front-matter\0.62.2\flexmark-ext-jekyll-front-matter-0.62.2.jar;C:\Users\ASUS\.m2\repository\com\vladsch\flexmark\flexmark-ext-jekyll-tag\0.62.2\flexmark-ext-jekyll-tag-0.62.2.jar;C:\Users\ASUS\.m2\repository\com\vladsch\flexmark\flexmark-ext-media-tags\0.62.2\flexmark-ext-media-tags-0.62.2.jar;C:\Users\ASUS\.m2\repository\com\vladsch\flexmark\flexmark-ext-macros\0.62.2\flexmark-ext-macros-0.62.2.jar;C:\Users\ASUS\.m2\repository\com\vladsch\flexmark\flexmark-ext-ins\0.62.2\flexmark-ext-ins-0.62.2.jar;C:\Users\ASUS\.m2\repository\com\vladsch\flexmark\flexmark-ext-xwiki-macros\0.62.2\flexmark-ext-xwiki-macros-0.62.2.jar;C:\Users\ASUS\.m2\repository\com\vladsch\flexmark\flexmark-ext-superscript\0.62.2\flexmark-ext-superscript-0.62.2.jar;C:\Users\ASUS\.m2\repository\com\vladsch\flexmark\flexmark-ext-tables\0.62.2\flexmark-ext-tables-0.62.2.jar;C:\Users\ASUS\.m2\repository\com\vladsch\flexmark\flexmark-ext-toc\0.62.2\flexmark-ext-toc-0.62.2.jar;C:\Users\ASUS\.m2\repository\com\vladsch\flexmark\flexmark-ext-typographic\0.62.2\flexmark-ext-typographic-0.62.2.jar;C:\Users\ASUS\.m2\repository\com\vladsch\flexmark\flexmark-ext-wikilink\0.62.2\flexmark-ext-wikilink-0.62.2.jar;C:\Users\ASUS\.m2\repository\com\vladsch\flexmark\flexmark-ext-yaml-front-matter\0.62.2\flexmark-ext-yaml-front-matter-0.62.2.jar;C:\Users\ASUS\.m2\repository\com\vladsch\flexmark\flexmark-ext-youtube-embedded\0.62.2\flexmark-ext-youtube-embedded-0.62.2.jar;C:\Users\ASUS\.m2\repository\com\vladsch\flexmark\flexmark-html2md-converter\0.62.2\flexmark-html2md-converter-0.62.2.jar;C:\Users\ASUS\.m2\repository\com\vladsch\flexmark\flexmark-jira-converter\0.62.2\flexmark-jira-converter-0.62.2.jar;C:\Users\ASUS\.m2\repository\com\vladsch\flexmark\flexmark-pdf-converter\0.62.2\flexmark-pdf-converter-0.62.2.jar;C:\Users\ASUS\.m2\repository\com\openhtmltopdf\openhtmltopdf-core\1.0.0\openhtmltopdf-core-1.0.0.jar;C:\Users\ASUS\.m2\repository\com\openhtmltopdf\openhtmltopdf-pdfbox\1.0.0\openhtmltopdf-pdfbox-1.0.0.jar;C:\Users\ASUS\.m2\repository\org\apache\pdfbox\pdfbox\2.0.16\pdfbox-2.0.16.jar;C:\Users\ASUS\.m2\repository\org\apache\pdfbox\fontbox\2.0.16\fontbox-2.0.16.jar;C:\Users\ASUS\.m2\repository\org\apache\pdfbox\xmpbox\2.0.16\xmpbox-2.0.16.jar;C:\Users\ASUS\.m2\repository\de\rototor\pdfbox\graphics2d\0.24\graphics2d-0.24.jar;C:\Users\ASUS\.m2\repository\com\openhtmltopdf\openhtmltopdf-rtl-support\1.0.0\openhtmltopdf-rtl-support-1.0.0.jar;C:\Users\ASUS\.m2\repository\com\openhtmltopdf\openhtmltopdf-jsoup-dom-converter\1.0.0\openhtmltopdf-jsoup-dom-converter-1.0.0.jar;C:\Users\ASUS\.m2\repository\com\vladsch\flexmark\flexmark-profile-pegdown\0.62.2\flexmark-profile-pegdown-0.62.2.jar;C:\Users\ASUS\.m2\repository\com\vladsch\flexmark\flexmark-util-ast\0.62.2\flexmark-util-ast-0.62.2.jar;C:\Users\ASUS\.m2\repository\com\vladsch\flexmark\flexmark-util-builder\0.62.2\flexmark-util-builder-0.62.2.jar;C:\Users\ASUS\.m2\repository\com\vladsch\flexmark\flexmark-util-collection\0.62.2\flexmark-util-collection-0.62.2.jar;C:\Users\ASUS\.m2\repository\com\vladsch\flexmark\flexmark-util-data\0.62.2\flexmark-util-data-0.62.2.jar;C:\Users\ASUS\.m2\repository\com\vladsch\flexmark\flexmark-util-dependency\0.62.2\flexmark-util-dependency-0.62.2.jar;C:\Users\ASUS\.m2\repository\com\vladsch\flexmark\flexmark-util-format\0.62.2\flexmark-util-format-0.62.2.jar;C:\Users\ASUS\.m2\repository\com\vladsch\flexmark\flexmark-util-html\0.62.2\flexmark-util-html-0.62.2.jar;C:\Users\ASUS\.m2\repository\com\vladsch\flexmark\flexmark-util-misc\0.62.2\flexmark-util-misc-0.62.2.jar;C:\Users\ASUS\.m2\repository\com\vladsch\flexmark\flexmark-util-options\0.62.2\flexmark-util-options-0.62.2.jar;C:\Users\ASUS\.m2\repository\com\vladsch\flexmark\flexmark-util-sequence\0.62.2\flexmark-util-sequence-0.62.2.jar;C:\Users\ASUS\.m2\repository\com\vladsch\flexmark\flexmark-util-visitor\0.62.2\flexmark-util-visitor-0.62.2.jar;C:\Users\ASUS\.m2\repository\com\vladsch\flexmark\flexmark-youtrack-converter\0.62.2\flexmark-youtrack-converter-0.62.2.jar;C:\Users\ASUS\.m2\repository\com\ibm\icu\icu4j\72.1\icu4j-72.1.jar;C:\Users\ASUS\.m2\repository\es\nitaur\markdown\txtmark\0.16\txtmark-0.16.jar;C:\Users\ASUS\.m2\repository\net\serenity-bdd\serenity-report-resources\3.6.21\serenity-report-resources-3.6.21.jar;C:\Users\ASUS\.m2\repository\com\google\code\gson\gson\2.10.1\gson-2.10.1.jar;C:\Users\ASUS\.m2\repository\com\fasterxml\jackson\core\jackson-core\2.15.0-rc1\jackson-core-2.15.0-rc1.jar;C:\Users\ASUS\.m2\repository\com\fasterxml\jackson\core\jackson-databind\2.15.0-rc1\jackson-databind-2.15.0-rc1.jar;C:\Users\ASUS\.m2\repository\com\fasterxml\jackson\core\jackson-annotations\2.15.0-rc1\jackson-annotations-2.15.0-rc1.jar;C:\Users\ASUS\.m2\repository\commons-codec\commons-codec\1.15\commons-codec-1.15.jar;C:\Users\ASUS\.m2\repository\commons-io\commons-io\2.11.0\commons-io-2.11.0.jar;C:\Users\ASUS\.m2\repository\org\seleniumhq\selenium\selenium-java\4.8.1\selenium-java-4.8.1.jar;C:\Users\ASUS\.m2\repository\org\seleniumhq\selenium\selenium-devtools-v108\4.8.1\selenium-devtools-v108-4.8.1.jar;C:\Users\ASUS\.m2\repository\org\seleniumhq\selenium\selenium-devtools-v109\4.8.1\selenium-devtools-v109-4.8.1.jar;C:\Users\ASUS\.m2\repository\org\seleniumhq\selenium\selenium-devtools-v110\4.8.1\selenium-devtools-v110-4.8.1.jar;C:\Users\ASUS\.m2\repository\org\seleniumhq\selenium\selenium-devtools-v85\4.8.1\selenium-devtools-v85-4.8.1.jar;C:\Users\ASUS\.m2\repository\org\seleniumhq\selenium\selenium-remote-driver\4.8.1\selenium-remote-driver-4.8.1.jar;C:\Users\ASUS\.m2\repository\io\netty\netty-buffer\4.1.87.Final\netty-buffer-4.1.87.Final.jar;C:\Users\ASUS\.m2\repository\io\netty\netty-codec-http\4.1.87.Final\netty-codec-http-4.1.87.Final.jar;C:\Users\ASUS\.m2\repository\io\netty\netty-codec\4.1.87.Final\netty-codec-4.1.87.Final.jar;C:\Users\ASUS\.m2\repository\io\netty\netty-handler\4.1.87.Final\netty-handler-4.1.87.Final.jar;C:\Users\ASUS\.m2\repository\io\netty\netty-common\4.1.87.Final\netty-common-4.1.87.Final.jar;C:\Users\ASUS\.m2\repository\io\netty\netty-transport-classes-epoll\4.1.87.Final\netty-transport-classes-epoll-4.1.87.Final.jar;C:\Users\ASUS\.m2\repository\io\netty\netty-transport-classes-kqueue\4.1.87.Final\netty-transport-classes-kqueue-4.1.87.Final.jar;C:\Users\ASUS\.m2\repository\io\netty\netty-transport-native-epoll\4.1.87.Final\netty-transport-native-epoll-4.1.87.Final.jar;C:\Users\ASUS\.m2\repository\io\netty\netty-transport-native-kqueue\4.1.87.Final\netty-transport-native-kqueue-4.1.87.Final.jar;C:\Users\ASUS\.m2\repository\io\netty\netty-transport-native-unix-common\4.1.87.Final\netty-transport-native-unix-common-4.1.87.Final.jar;C:\Users\ASUS\.m2\repository\io\netty\netty-transport\4.1.87.Final\netty-transport-4.1.87.Final.jar;C:\Users\ASUS\.m2\repository\io\netty\netty-resolver\4.1.87.Final\netty-resolver-4.1.87.Final.jar;C:\Users\ASUS\.m2\repository\io\opentelemetry\opentelemetry-api\1.22.0\opentelemetry-api-1.22.0.jar;C:\Users\ASUS\.m2\repository\io\opentelemetry\opentelemetry-context\1.22.0\opentelemetry-context-1.22.0.jar;C:\Users\ASUS\.m2\repository\io\opentelemetry\opentelemetry-exporter-logging\1.22.0\opentelemetry-exporter-logging-1.22.0.jar;C:\Users\ASUS\.m2\repository\io\opentelemetry\opentelemetry-sdk-metrics\1.22.0\opentelemetry-sdk-metrics-1.22.0.jar;C:\Users\ASUS\.m2\repository\io\opentelemetry\opentelemetry-sdk-logs\1.22.0-alpha\opentelemetry-sdk-logs-1.22.0-alpha.jar;C:\Users\ASUS\.m2\repository\io\opentelemetry\opentelemetry-api-logs\1.22.0-alpha\opentelemetry-api-logs-1.22.0-alpha.jar;C:\Users\ASUS\.m2\repository\io\opentelemetry\opentelemetry-sdk-common\1.22.0\opentelemetry-sdk-common-1.22.0.jar;C:\Users\ASUS\.m2\repository\io\opentelemetry\opentelemetry-sdk-extension-autoconfigure-spi\1.22.0\opentelemetry-sdk-extension-autoconfigure-spi-1.22.0.jar;C:\Users\ASUS\.m2\repository\io\opentelemetry\opentelemetry-sdk-extension-autoconfigure\1.22.0-alpha\opentelemetry-sdk-extension-autoconfigure-1.22.0-alpha.jar;C:\Users\ASUS\.m2\repository\io\opentelemetry\opentelemetry-sdk-trace\1.22.0\opentelemetry-sdk-trace-1.22.0.jar;C:\Users\ASUS\.m2\repository\io\opentelemetry\opentelemetry-sdk\1.22.0\opentelemetry-sdk-1.22.0.jar;C:\Users\ASUS\.m2\repository\io\opentelemetry\opentelemetry-semconv\1.22.0-alpha\opentelemetry-semconv-1.22.0-alpha.jar;C:\Users\ASUS\.m2\repository\io\ous\jtoml\2.0.0\jtoml-2.0.0.jar;C:\Users\ASUS\.m2\repository\org\apache\commons\commons-exec\1.3\commons-exec-1.3.jar;C:\Users\ASUS\.m2\repository\org\asynchttpclient\async-http-client\2.12.3\async-http-client-2.12.3.jar;C:\Users\ASUS\.m2\repository\org\asynchttpclient\async-http-client-netty-utils\2.12.3\async-http-client-netty-utils-2.12.3.jar;C:\Users\ASUS\.m2\repository\io\netty\netty-codec-socks\4.1.60.Final\netty-codec-socks-4.1.60.Final.jar;C:\Users\ASUS\.m2\repository\io\netty\netty-handler-proxy\4.1.60.Final\netty-handler-proxy-4.1.60.Final.jar;C:\Users\ASUS\.m2\repository\io\netty\netty-transport-native-epoll\4.1.60.Final\netty-transport-native-epoll-4.1.60.Final-linux-x86_64.jar;C:\Users\ASUS\.m2\repository\io\netty\netty-transport-native-kqueue\4.1.60.Final\netty-transport-native-kqueue-4.1.60.Final-osx-x86_64.jar;C:\Users\ASUS\.m2\repository\org\reactivestreams\reactive-streams\1.0.3\reactive-streams-1.0.3.jar;C:\Users\ASUS\.m2\repository\com\typesafe\netty\netty-reactive-streams\2.0.4\netty-reactive-streams-2.0.4.jar;C:\Users\ASUS\.m2\repository\org\seleniumhq\selenium\selenium-manager\4.8.1\selenium-manager-4.8.1.jar;C:\Users\ASUS\.m2\repository\org\seleniumhq\selenium\selenium-safari-driver\4.8.1\selenium-safari-driver-4.8.1.jar;C:\Users\ASUS\.m2\repository\org\seleniumhq\selenium\selenium-api\4.8.1\selenium-api-4.8.1.jar;C:\Users\ASUS\.m2\repository\org\seleniumhq\selenium\selenium-support\4.8.1\selenium-support-4.8.1.jar;C:\Users\ASUS\.m2\repository\com\google\auto\service\auto-service-annotations\1.0.1\auto-service-annotations-1.0.1.jar;C:\Users\ASUS\.m2\repository\com\google\auto\service\auto-service\1.0.1\auto-service-1.0.1.jar;C:\Users\ASUS\.m2\repository\com\google\auto\auto-common\1.2\auto-common-1.2.jar;C:\Users\ASUS\.m2\repository\org\seleniumhq\selenium\selenium-json\4.8.1\selenium-json-4.8.1.jar;C:\Users\ASUS\.m2\repository\org\seleniumhq\selenium\selenium-chrome-driver\4.8.1\selenium-chrome-driver-4.8.1.jar;C:\Users\ASUS\.m2\repository\org\seleniumhq\selenium\selenium-chromium-driver\4.8.1\selenium-chromium-driver-4.8.1.jar;C:\Users\ASUS\.m2\repository\org\seleniumhq\selenium\selenium-firefox-driver\4.8.1\selenium-firefox-driver-4.8.1.jar;C:\Users\ASUS\.m2\repository\org\seleniumhq\selenium\selenium-http\4.8.1\selenium-http-4.8.1.jar;C:\Users\ASUS\.m2\repository\dev\failsafe\failsafe\3.3.0\failsafe-3.3.0.jar;C:\Users\ASUS\.m2\repository\org\seleniumhq\selenium\selenium-edge-driver\4.8.1\selenium-edge-driver-4.8.1.jar;C:\Users\ASUS\.m2\repository\org\seleniumhq\selenium\selenium-ie-driver\4.8.1\selenium-ie-driver-4.8.1.jar;C:\Users\ASUS\.m2\repository\org\projectlombok\lombok\1.18.20\lombok-1.18.20.jar;C:\Users\ASUS\.m2\repository\io\appium\java-client\8.3.0\java-client-8.3.0.jar;C:\Users\ASUS\.m2\repository\commons-validator\commons-validator\1.7\commons-validator-1.7.jar;C:\Users\ASUS\.m2\repository\commons-digester\commons-digester\2.1\commons-digester-2.1.jar;C:\Users\ASUS\.m2\repository\net\sf\opencsv\opencsv\2.0\opencsv-2.0.jar;C:\Users\ASUS\.m2\repository\commons-beanutils\commons-beanutils\1.9.4\commons-beanutils-1.9.4.jar;C:\Users\ASUS\.m2\repository\org\apache\commons\commons-lang3\3.12.0\commons-lang3-3.12.0.jar;C:\Users\ASUS\.m2\repository\commons-collections\commons-collections\3.2.2\commons-collections-3.2.2.jar;C:\Users\ASUS\.m2\repository\org\fluentlenium\fluentlenium-core\0.10.2\fluentlenium-core-0.10.2.jar;C:\Users\ASUS\.m2\repository\io\github\bonigarcia\webdrivermanager\5.3.0\webdrivermanager-5.3.0.jar;C:\Users\ASUS\.m2\repository\com\github\docker-java\docker-java\3.2.13\docker-java-3.2.13.jar;C:\Users\ASUS\.m2\repository\com\github\docker-java\docker-java-core\3.2.13\docker-java-core-3.2.13.jar;C:\Users\ASUS\.m2\repository\com\github\docker-java\docker-java-api\3.2.13\docker-java-api-3.2.13.jar;C:\Users\ASUS\.m2\repository\org\apache\commons\commons-compress\1.21\commons-compress-1.21.jar;C:\Users\ASUS\.m2\repository\org\bouncycastle\bcpkix-jdk15on\1.64\bcpkix-jdk15on-1.64.jar;C:\Users\ASUS\.m2\repository\org\bouncycastle\bcprov-jdk15on\1.64\bcprov-jdk15on-1.64.jar;C:\Users\ASUS\.m2\repository\org\slf4j\jcl-over-slf4j\1.7.30\jcl-over-slf4j-1.7.30.jar;C:\Users\ASUS\.m2\repository\com\github\docker-java\docker-java-transport-httpclient5\3.2.13\docker-java-transport-httpclient5-3.2.13.jar;C:\Users\ASUS\.m2\repository\com\github\docker-java\docker-java-transport\3.2.13\docker-java-transport-3.2.13.jar;C:\Users\ASUS\.m2\repository\net\java\dev\jna\jna\5.8.0\jna-5.8.0.jar;C:\Users\ASUS\.m2\repository\org\brotli\dec\0.1.2\dec-0.1.2.jar;C:\Users\ASUS\.m2\repository\org\apache\httpcomponents\client5\httpclient5\5.1.3\httpclient5-5.1.3.jar;C:\Users\ASUS\.m2\repository\org\apache\httpcomponents\core5\httpcore5\5.1.3\httpcore5-5.1.3.jar;C:\Users\ASUS\.m2\repository\org\apache\httpcomponents\core5\httpcore5-h2\5.1.3\httpcore5-h2-5.1.3.jar;C:\Users\ASUS\.m2\repository\com\jhlabs\filters\2.0.235\filters-2.0.235.jar;C:\Users\ASUS\.m2\repository\com\paulhammant\ngwebdriver\1.1.6\ngwebdriver-1.1.6.jar;C:\Users\ASUS\.m2\repository\joda-time\joda-time\2.12.2\joda-time-2.12.2.jar;C:\Users\ASUS\.m2\repository\com\google\jimfs\jimfs\1.2\jimfs-1.2.jar;C:\Users\ASUS\.m2\repository\org\mockito\mockito-core\3.3.3\mockito-core-3.3.3.jar;C:\Users\ASUS\.m2\repository\javax\xml\bind\jaxb-api\2.3.1\jaxb-api-2.3.1.jar;C:\Users\ASUS\.m2\repository\javax\activation\javax.activation-api\1.2.0\javax.activation-api-1.2.0.jar;C:\Users\ASUS\.m2\repository\com\sun\xml\bind\jaxb-core\2.3.0.1\jaxb-core-2.3.0.1.jar;C:\Users\ASUS\.m2\repository\com\sun\xml\bind\jaxb-impl\2.3.3\jaxb-impl-2.3.3.jar;C:\Users\ASUS\.m2\repository\jakarta\xml\bind\jakarta.xml.bind-api\2.3.3\jakarta.xml.bind-api-2.3.3.jar;C:\Users\ASUS\.m2\repository\com\sun\activation\jakarta.activation\1.2.2\jakarta.activation-1.2.2.jar;C:\Users\ASUS\.m2\repository\javax\activation\activation\1.1.1\activation-1.1.1.jar;C:\Users\ASUS\.m2\repository\net\serenity-bdd\serenity-cucumber\3.6.21\serenity-cucumber-3.6.21.jar;C:\Users\ASUS\.m2\repository\io\cucumber\cucumber-core\7.11.0\cucumber-core-7.11.0.jar;C:\Users\ASUS\.m2\repository\io\cucumber\cucumber-gherkin\7.11.0\cucumber-gherkin-7.11.0.jar;C:\Users\ASUS\.m2\repository\io\cucumber\cucumber-gherkin-messages\7.11.0\cucumber-gherkin-messages-7.11.0.jar;C:\Users\ASUS\.m2\repository\io\cucumber\gherkin\26.0.3\gherkin-26.0.3.jar;C:\Users\ASUS\.m2\repository\io\cucumber\messages\21.0.1\messages-21.0.1.jar;C:\Users\ASUS\.m2\repository\io\cucumber\tag-expressions\5.0.1\tag-expressions-5.0.1.jar;C:\Users\ASUS\.m2\repository\io\cucumber\cucumber-expressions\16.1.1\cucumber-expressions-16.1.1.jar;C:\Users\ASUS\.m2\repository\io\cucumber\datatable\7.11.0\datatable-7.11.0.jar;C:\Users\ASUS\.m2\repository\io\cucumber\cucumber-plugin\7.11.0\cucumber-plugin-7.11.0.jar;C:\Users\ASUS\.m2\repository\io\cucumber\docstring\7.11.0\docstring-7.11.0.jar;C:\Users\ASUS\.m2\repository\io\cucumber\html-formatter\20.2.1\html-formatter-20.2.1.jar;C:\Users\ASUS\.m2\repository\io\cucumber\junit-xml-formatter\0.1.0\junit-xml-formatter-0.1.0.jar;C:\Users\ASUS\.m2\repository\io\cucumber\ci-environment\9.1.0\ci-environment-9.1.0.jar;C:\Users\ASUS\.m2\repository\io\cucumber\cucumber-java\7.11.0\cucumber-java-7.11.0.jar;C:\Users\ASUS\.m2\repository\io\cucumber\cucumber-junit\7.11.0\cucumber-junit-7.11.0.jar;C:\Users\ASUS\.m2\repository\org\apache\commons\commons-csv\1.5\commons-csv-1.5.jar;C:\Users\ASUS\.m2\repository\org\testng\testng\7.4.0\testng-7.4.0.jar;C:\Users\ASUS\.m2\repository\com\beust\jcommander\1.78\jcommander-1.78.jar;C:\Users\ASUS\.m2\repository\org\webjars\jquery\3.5.1\jquery-3.5.1.jar;C:\Users\ASUS\.m2\repository\net\serenity-bdd\serenity-screenplay\3.6.21\serenity-screenplay-3.6.21.jar;C:\Users\ASUS\.m2\repository\net\serenity-bdd\serenity-screenplay-webdriver\3.6.21\serenity-screenplay-webdriver-3.6.21.jar;C:\Users\ASUS\.m2\repository\net\serenity-bdd\serenity-ensure\3.6.21\serenity-ensure-3.6.21.jar;C:\Users\ASUS\.m2\repository\net\serenity-bdd\serenity-junit\3.6.21\serenity-junit-3.6.21.jar;C:\Users\ASUS\.m2\repository\org\jetbrains\kotlin\kotlin-stdlib\1.8.10\kotlin-stdlib-1.8.10.jar;C:\Users\ASUS\.m2\repository\org\jetbrains\kotlin\kotlin-stdlib-common\1.8.10\kotlin-stdlib-common-1.8.10.jar;C:\Users\ASUS\.m2\repository\org\jetbrains\annotations\13.0\annotations-13.0.jar;C:\Users\ASUS\.m2\repository\org\junit\platform\junit-platform-launcher\1.9.2\junit-platform-launcher-1.9.2.jar;C:\Users\ASUS\.m2\repository\org\junit\platform\junit-platform-engine\1.9.2\junit-platform-engine-1.9.2.jar;C:\Users\ASUS\.m2\repository\org\junit\platform\junit-platform-commons\1.9.2\junit-platform-commons-1.9.2.jar;C:\Users\ASUS\.m2\repository\org\apiguardian\apiguardian-api\1.1.2\apiguardian-api-1.1.2.jar;C:\Users\ASUS\.m2\repository\org\junit\jupiter\junit-jupiter-engine\5.9.2\junit-jupiter-engine-5.9.2.jar;C:\Users\ASUS\.m2\repository\org\junit\jupiter\junit-jupiter-api\5.9.2\junit-jupiter-api-5.9.2.jar;C:\Users\ASUS\.m2\repository\org\junit\vintage\junit-vintage-engine\5.9.2\junit-vintage-engine-5.9.2.jar;C:\Users\ASUS\.m2\repository\junit\junit\4.13.2\junit-4.13.2.jar;C:\Users\ASUS\.m2\repository\org\hamcrest\hamcrest-core\1.3\hamcrest-core-1.3.jar;C:\Users\ASUS\.m2\repository\ch\qos\logback\logback-classic\1.4.6\logback-classic-1.4.6.jar;C:\Users\ASUS\.m2\repository\ch\qos\logback\logback-core\1.4.6\logback-core-1.4.6.jar;C:\Users\ASUS\.m2\repository\org\slf4j\slf4j-api\2.0.4\slf4j-api-2.0.4.jar;C:\Users\ASUS\.m2\repository\org\assertj\assertj-core\3.24.2\assertj-core-3.24.2.jar;C:\Users\ASUS\.m2\repository\net\bytebuddy\byte-buddy\1.12.21\byte-buddy-1.12.21.jar;C:\Users\ASUS\.m2\repository\com\googlecode\json-simple\json-simple\1.1.1\json-simple-1.1.1.jar;C:\Users\ASUS\.m2\repository\org\hamcrest\hamcrest\2.2\hamcrest-2.2.jar;"/>
    <property name="java.vm.vendor" value="Oracle Corporation"/>
    <property name="sun.arch.data.model" value="64"/>
    <property name="user.variant" value=""/>
    <property name="java.vendor.url" value="https://java.oracle.com/"/>
    <property name="user.timezone" value="Asia/Jakarta"/>
    <property name="os.name" value="Windows 10"/>
    <property name="java.vm.specification.version" value="20"/>
    <property name="sun.java.launcher" value="SUN_STANDARD"/>
    <property name="user.country" value="ID"/>
    <property name="sun.boot.library.path" value="C:\Program Files\Java\jdk-20\bin"/>
    <property name="sun.java.command" value="org.apache.maven.surefire.booter.ForkedBooter C:\Users\ASUS\AppData\Local\Temp\surefire3681997772791874069 2023-04-16T12-54-09_257-jvmRun1 surefire6106629213669100155tmp surefire_012525974529363343914tmp"/>
    <property name="jdk.debug" value="release"/>
    <property name="surefire.test.class.path" value="D:\Intelij\REST API\fakestoreapi\target\test-classes;C:\Users\ASUS\.m2\repository\net\serenity-bdd\serenity-rest-assured\3.6.22\serenity-rest-assured-3.6.22.jar;C:\Users\ASUS\.m2\repository\org\apache\httpcomponents\httpclient\4.5.13\httpclient-4.5.13.jar;C:\Users\ASUS\.m2\repository\org\apache\httpcomponents\httpcore\4.4.13\httpcore-4.4.13.jar;C:\Users\ASUS\.m2\repository\commons-logging\commons-logging\1.2\commons-logging-1.2.jar;C:\Users\ASUS\.m2\repository\io\rest-assured\rest-assured\5.3.0\rest-assured-5.3.0.jar;C:\Users\ASUS\.m2\repository\org\apache\httpcomponents\httpmime\4.5.13\httpmime-4.5.13.jar;C:\Users\ASUS\.m2\repository\org\ccil\cowan\tagsoup\tagsoup\1.2.1\tagsoup-1.2.1.jar;C:\Users\ASUS\.m2\repository\io\rest-assured\json-path\5.3.0\json-path-5.3.0.jar;C:\Users\ASUS\.m2\repository\io\rest-assured\rest-assured-common\5.3.0\rest-assured-common-5.3.0.jar;C:\Users\ASUS\.m2\repository\io\rest-assured\xml-path\5.3.0\xml-path-5.3.0.jar;C:\Users\ASUS\.m2\repository\org\apache\groovy\groovy-json\4.0.10\groovy-json-4.0.10.jar;C:\Users\ASUS\.m2\repository\org\apache\groovy\groovy-xml\4.0.10\groovy-xml-4.0.10.jar;C:\Users\ASUS\.m2\repository\org\apache\groovy\groovy\4.0.10\groovy-4.0.10.jar;C:\Users\ASUS\.m2\repository\org\opentest4j\opentest4j\1.2.0\opentest4j-1.2.0.jar;C:\Users\ASUS\.m2\repository\net\serenity-bdd\serenity-core\3.6.21\serenity-core-3.6.21.jar;C:\Users\ASUS\.m2\repository\net\serenity-bdd\serenity-model\3.6.21\serenity-model-3.6.21.jar;C:\Users\ASUS\.m2\repository\org\apache\commons\commons-text\1.10.0\commons-text-1.10.0.jar;C:\Users\ASUS\.m2\repository\commons-net\commons-net\3.9.0\commons-net-3.9.0.jar;C:\Users\ASUS\.m2\repository\com\google\guava\guava\31.1-jre\guava-31.1-jre.jar;C:\Users\ASUS\.m2\repository\com\google\guava\failureaccess\1.0.1\failureaccess-1.0.1.jar;C:\Users\ASUS\.m2\repository\com\google\guava\listenablefuture\9999.0-empty-to-avoid-conflict-with-guava\listenablefuture-9999.0-empty-to-avoid-conflict-with-guava.jar;C:\Users\ASUS\.m2\repository\com\google\code\findbugs\jsr305\3.0.2\jsr305-3.0.2.jar;C:\Users\ASUS\.m2\repository\org\checkerframework\checker-qual\3.12.0\checker-qual-3.12.0.jar;C:\Users\ASUS\.m2\repository\com\google\errorprone\error_prone_annotations\2.11.0\error_prone_annotations-2.11.0.jar;C:\Users\ASUS\.m2\repository\com\google\j2objc\j2objc-annotations\1.3\j2objc-annotations-1.3.jar;C:\Users\ASUS\.m2\repository\com\google\inject\guice\5.1.0\guice-5.1.0.jar;C:\Users\ASUS\.m2\repository\javax\inject\javax.inject\1\javax.inject-1.jar;C:\Users\ASUS\.m2\repository\aopalliance\aopalliance\1.0\aopalliance-1.0.jar;C:\Users\ASUS\.m2\repository\org\jsoup\jsoup\1.14.3\jsoup-1.14.3.jar;C:\Users\ASUS\.m2\repository\com\thoughtworks\xstream\xstream\1.4.20\xstream-1.4.20.jar;C:\Users\ASUS\.m2\repository\io\github\x-stream\mxparser\1.2.2\mxparser-1.2.2.jar;C:\Users\ASUS\.m2\repository\xmlpull\xmlpull\1.1.3.1\xmlpull-1.1.3.1.jar;C:\Users\ASUS\.m2\repository\com\typesafe\config\1.4.2\config-1.4.2.jar;C:\Users\ASUS\.m2\repository\org\imgscalr\imgscalr-lib\4.2\imgscalr-lib-4.2.jar;C:\Users\ASUS\.m2\repository\org\awaitility\awaitility\4.2.0\awaitility-4.2.0.jar;C:\Users\ASUS\.m2\repository\org\freemarker\freemarker\2.3.31\freemarker-2.3.31.jar;C:\Users\ASUS\.m2\repository\io\github\classgraph\classgraph\4.8.138\classgraph-4.8.138.jar;C:\Users\ASUS\.m2\repository\net\sourceforge\jexcelapi\jxl\2.6.12\jxl-2.6.12.jar;C:\Users\ASUS\.m2\repository\net\bytebuddy\byte-buddy-agent\1.14.2\byte-buddy-agent-1.14.2.jar;C:\Users\ASUS\.m2\repository\org\objenesis\objenesis\3.3\objenesis-3.3.jar;C:\Users\ASUS\.m2\repository\net\serenity-bdd\serenity-reports\3.6.21\serenity-reports-3.6.21.jar;C:\Users\ASUS\.m2\repository\net\serenity-bdd\serenity-stats\3.6.21\serenity-stats-3.6.21.jar;C:\Users\ASUS\.m2\repository\net\serenity-bdd\serenity-reports-configuration\3.6.21\serenity-reports-configuration-3.6.21.jar;C:\Users\ASUS\.m2\repository\com\vladsch\flexmark\flexmark-all\0.62.2\flexmark-all-0.62.2.jar;C:\Users\ASUS\.m2\repository\com\vladsch\flexmark\flexmark\0.62.2\flexmark-0.62.2.jar;C:\Users\ASUS\.m2\repository\com\vladsch\flexmark\flexmark-ext-abbreviation\0.62.2\flexmark-ext-abbreviation-0.62.2.jar;C:\Users\ASUS\.m2\repository\com\vladsch\flexmark\flexmark-util\0.62.2\flexmark-util-0.62.2.jar;C:\Users\ASUS\.m2\repository\com\vladsch\flexmark\flexmark-ext-admonition\0.62.2\flexmark-ext-admonition-0.62.2.jar;C:\Users\ASUS\.m2\repository\com\vladsch\flexmark\flexmark-ext-anchorlink\0.62.2\flexmark-ext-anchorlink-0.62.2.jar;C:\Users\ASUS\.m2\repository\com\vladsch\flexmark\flexmark-ext-aside\0.62.2\flexmark-ext-aside-0.62.2.jar;C:\Users\ASUS\.m2\repository\com\vladsch\flexmark\flexmark-ext-attributes\0.62.2\flexmark-ext-attributes-0.62.2.jar;C:\Users\ASUS\.m2\repository\com\vladsch\flexmark\flexmark-ext-autolink\0.62.2\flexmark-ext-autolink-0.62.2.jar;C:\Users\ASUS\.m2\repository\org\nibor\autolink\autolink\0.6.0\autolink-0.6.0.jar;C:\Users\ASUS\.m2\repository\com\vladsch\flexmark\flexmark-ext-definition\0.62.2\flexmark-ext-definition-0.62.2.jar;C:\Users\ASUS\.m2\repository\com\vladsch\flexmark\flexmark-ext-emoji\0.62.2\flexmark-ext-emoji-0.62.2.jar;C:\Users\ASUS\.m2\repository\com\vladsch\flexmark\flexmark-ext-enumerated-reference\0.62.2\flexmark-ext-enumerated-reference-0.62.2.jar;C:\Users\ASUS\.m2\repository\com\vladsch\flexmark\flexmark-ext-escaped-character\0.62.2\flexmark-ext-escaped-character-0.62.2.jar;C:\Users\ASUS\.m2\repository\com\vladsch\flexmark\flexmark-ext-footnotes\0.62.2\flexmark-ext-footnotes-0.62.2.jar;C:\Users\ASUS\.m2\repository\com\vladsch\flexmark\flexmark-ext-gfm-issues\0.62.2\flexmark-ext-gfm-issues-0.62.2.jar;C:\Users\ASUS\.m2\repository\com\vladsch\flexmark\flexmark-ext-gfm-strikethrough\0.62.2\flexmark-ext-gfm-strikethrough-0.62.2.jar;C:\Users\ASUS\.m2\repository\com\vladsch\flexmark\flexmark-ext-gfm-tasklist\0.62.2\flexmark-ext-gfm-tasklist-0.62.2.jar;C:\Users\ASUS\.m2\repository\com\vladsch\flexmark\flexmark-ext-gfm-users\0.62.2\flexmark-ext-gfm-users-0.62.2.jar;C:\Users\ASUS\.m2\repository\com\vladsch\flexmark\flexmark-ext-gitlab\0.62.2\flexmark-ext-gitlab-0.62.2.jar;C:\Users\ASUS\.m2\repository\com\vladsch\flexmark\flexmark-ext-jekyll-front-matter\0.62.2\flexmark-ext-jekyll-front-matter-0.62.2.jar;C:\Users\ASUS\.m2\repository\com\vladsch\flexmark\flexmark-ext-jekyll-tag\0.62.2\flexmark-ext-jekyll-tag-0.62.2.jar;C:\Users\ASUS\.m2\repository\com\vladsch\flexmark\flexmark-ext-media-tags\0.62.2\flexmark-ext-media-tags-0.62.2.jar;C:\Users\ASUS\.m2\repository\com\vladsch\flexmark\flexmark-ext-macros\0.62.2\flexmark-ext-macros-0.62.2.jar;C:\Users\ASUS\.m2\repository\com\vladsch\flexmark\flexmark-ext-ins\0.62.2\flexmark-ext-ins-0.62.2.jar;C:\Users\ASUS\.m2\repository\com\vladsch\flexmark\flexmark-ext-xwiki-macros\0.62.2\flexmark-ext-xwiki-macros-0.62.2.jar;C:\Users\ASUS\.m2\repository\com\vladsch\flexmark\flexmark-ext-superscript\0.62.2\flexmark-ext-superscript-0.62.2.jar;C:\Users\ASUS\.m2\repository\com\vladsch\flexmark\flexmark-ext-tables\0.62.2\flexmark-ext-tables-0.62.2.jar;C:\Users\ASUS\.m2\repository\com\vladsch\flexmark\flexmark-ext-toc\0.62.2\flexmark-ext-toc-0.62.2.jar;C:\Users\ASUS\.m2\repository\com\vladsch\flexmark\flexmark-ext-typographic\0.62.2\flexmark-ext-typographic-0.62.2.jar;C:\Users\ASUS\.m2\repository\com\vladsch\flexmark\flexmark-ext-wikilink\0.62.2\flexmark-ext-wikilink-0.62.2.jar;C:\Users\ASUS\.m2\repository\com\vladsch\flexmark\flexmark-ext-yaml-front-matter\0.62.2\flexmark-ext-yaml-front-matter-0.62.2.jar;C:\Users\ASUS\.m2\repository\com\vladsch\flexmark\flexmark-ext-youtube-embedded\0.62.2\flexmark-ext-youtube-embedded-0.62.2.jar;C:\Users\ASUS\.m2\repository\com\vladsch\flexmark\flexmark-html2md-converter\0.62.2\flexmark-html2md-converter-0.62.2.jar;C:\Users\ASUS\.m2\repository\com\vladsch\flexmark\flexmark-jira-converter\0.62.2\flexmark-jira-converter-0.62.2.jar;C:\Users\ASUS\.m2\repository\com\vladsch\flexmark\flexmark-pdf-converter\0.62.2\flexmark-pdf-converter-0.62.2.jar;C:\Users\ASUS\.m2\repository\com\openhtmltopdf\openhtmltopdf-core\1.0.0\openhtmltopdf-core-1.0.0.jar;C:\Users\ASUS\.m2\repository\com\openhtmltopdf\openhtmltopdf-pdfbox\1.0.0\openhtmltopdf-pdfbox-1.0.0.jar;C:\Users\ASUS\.m2\repository\org\apache\pdfbox\pdfbox\2.0.16\pdfbox-2.0.16.jar;C:\Users\ASUS\.m2\repository\org\apache\pdfbox\fontbox\2.0.16\fontbox-2.0.16.jar;C:\Users\ASUS\.m2\repository\org\apache\pdfbox\xmpbox\2.0.16\xmpbox-2.0.16.jar;C:\Users\ASUS\.m2\repository\de\rototor\pdfbox\graphics2d\0.24\graphics2d-0.24.jar;C:\Users\ASUS\.m2\repository\com\openhtmltopdf\openhtmltopdf-rtl-support\1.0.0\openhtmltopdf-rtl-support-1.0.0.jar;C:\Users\ASUS\.m2\repository\com\openhtmltopdf\openhtmltopdf-jsoup-dom-converter\1.0.0\openhtmltopdf-jsoup-dom-converter-1.0.0.jar;C:\Users\ASUS\.m2\repository\com\vladsch\flexmark\flexmark-profile-pegdown\0.62.2\flexmark-profile-pegdown-0.62.2.jar;C:\Users\ASUS\.m2\repository\com\vladsch\flexmark\flexmark-util-ast\0.62.2\flexmark-util-ast-0.62.2.jar;C:\Users\ASUS\.m2\repository\com\vladsch\flexmark\flexmark-util-builder\0.62.2\flexmark-util-builder-0.62.2.jar;C:\Users\ASUS\.m2\repository\com\vladsch\flexmark\flexmark-util-collection\0.62.2\flexmark-util-collection-0.62.2.jar;C:\Users\ASUS\.m2\repository\com\vladsch\flexmark\flexmark-util-data\0.62.2\flexmark-util-data-0.62.2.jar;C:\Users\ASUS\.m2\repository\com\vladsch\flexmark\flexmark-util-dependency\0.62.2\flexmark-util-dependency-0.62.2.jar;C:\Users\ASUS\.m2\repository\com\vladsch\flexmark\flexmark-util-format\0.62.2\flexmark-util-format-0.62.2.jar;C:\Users\ASUS\.m2\repository\com\vladsch\flexmark\flexmark-util-html\0.62.2\flexmark-util-html-0.62.2.jar;C:\Users\ASUS\.m2\repository\com\vladsch\flexmark\flexmark-util-misc\0.62.2\flexmark-util-misc-0.62.2.jar;C:\Users\ASUS\.m2\repository\com\vladsch\flexmark\flexmark-util-options\0.62.2\flexmark-util-options-0.62.2.jar;C:\Users\ASUS\.m2\repository\com\vladsch\flexmark\flexmark-util-sequence\0.62.2\flexmark-util-sequence-0.62.2.jar;C:\Users\ASUS\.m2\repository\com\vladsch\flexmark\flexmark-util-visitor\0.62.2\flexmark-util-visitor-0.62.2.jar;C:\Users\ASUS\.m2\repository\com\vladsch\flexmark\flexmark-youtrack-converter\0.62.2\flexmark-youtrack-converter-0.62.2.jar;C:\Users\ASUS\.m2\repository\com\ibm\icu\icu4j\72.1\icu4j-72.1.jar;C:\Users\ASUS\.m2\repository\es\nitaur\markdown\txtmark\0.16\txtmark-0.16.jar;C:\Users\ASUS\.m2\repository\net\serenity-bdd\serenity-report-resources\3.6.21\serenity-report-resources-3.6.21.jar;C:\Users\ASUS\.m2\repository\com\google\code\gson\gson\2.10.1\gson-2.10.1.jar;C:\Users\ASUS\.m2\repository\com\fasterxml\jackson\core\jackson-core\2.15.0-rc1\jackson-core-2.15.0-rc1.jar;C:\Users\ASUS\.m2\repository\com\fasterxml\jackson\core\jackson-databind\2.15.0-rc1\jackson-databind-2.15.0-rc1.jar;C:\Users\ASUS\.m2\repository\com\fasterxml\jackson\core\jackson-annotations\2.15.0-rc1\jackson-annotations-2.15.0-rc1.jar;C:\Users\ASUS\.m2\repository\commons-codec\commons-codec\1.15\commons-codec-1.15.jar;C:\Users\ASUS\.m2\repository\commons-io\commons-io\2.11.0\commons-io-2.11.0.jar;C:\Users\ASUS\.m2\repository\org\seleniumhq\selenium\selenium-java\4.8.1\selenium-java-4.8.1.jar;C:\Users\ASUS\.m2\repository\org\seleniumhq\selenium\selenium-devtools-v108\4.8.1\selenium-devtools-v108-4.8.1.jar;C:\Users\ASUS\.m2\repository\org\seleniumhq\selenium\selenium-devtools-v109\4.8.1\selenium-devtools-v109-4.8.1.jar;C:\Users\ASUS\.m2\repository\org\seleniumhq\selenium\selenium-devtools-v110\4.8.1\selenium-devtools-v110-4.8.1.jar;C:\Users\ASUS\.m2\repository\org\seleniumhq\selenium\selenium-devtools-v85\4.8.1\selenium-devtools-v85-4.8.1.jar;C:\Users\ASUS\.m2\repository\org\seleniumhq\selenium\selenium-remote-driver\4.8.1\selenium-remote-driver-4.8.1.jar;C:\Users\ASUS\.m2\repository\io\netty\netty-buffer\4.1.87.Final\netty-buffer-4.1.87.Final.jar;C:\Users\ASUS\.m2\repository\io\netty\netty-codec-http\4.1.87.Final\netty-codec-http-4.1.87.Final.jar;C:\Users\ASUS\.m2\repository\io\netty\netty-codec\4.1.87.Final\netty-codec-4.1.87.Final.jar;C:\Users\ASUS\.m2\repository\io\netty\netty-handler\4.1.87.Final\netty-handler-4.1.87.Final.jar;C:\Users\ASUS\.m2\repository\io\netty\netty-common\4.1.87.Final\netty-common-4.1.87.Final.jar;C:\Users\ASUS\.m2\repository\io\netty\netty-transport-classes-epoll\4.1.87.Final\netty-transport-classes-epoll-4.1.87.Final.jar;C:\Users\ASUS\.m2\repository\io\netty\netty-transport-classes-kqueue\4.1.87.Final\netty-transport-classes-kqueue-4.1.87.Final.jar;C:\Users\ASUS\.m2\repository\io\netty\netty-transport-native-epoll\4.1.87.Final\netty-transport-native-epoll-4.1.87.Final.jar;C:\Users\ASUS\.m2\repository\io\netty\netty-transport-native-kqueue\4.1.87.Final\netty-transport-native-kqueue-4.1.87.Final.jar;C:\Users\ASUS\.m2\repository\io\netty\netty-transport-native-unix-common\4.1.87.Final\netty-transport-native-unix-common-4.1.87.Final.jar;C:\Users\ASUS\.m2\repository\io\netty\netty-transport\4.1.87.Final\netty-transport-4.1.87.Final.jar;C:\Users\ASUS\.m2\repository\io\netty\netty-resolver\4.1.87.Final\netty-resolver-4.1.87.Final.jar;C:\Users\ASUS\.m2\repository\io\opentelemetry\opentelemetry-api\1.22.0\opentelemetry-api-1.22.0.jar;C:\Users\ASUS\.m2\repository\io\opentelemetry\opentelemetry-context\1.22.0\opentelemetry-context-1.22.0.jar;C:\Users\ASUS\.m2\repository\io\opentelemetry\opentelemetry-exporter-logging\1.22.0\opentelemetry-exporter-logging-1.22.0.jar;C:\Users\ASUS\.m2\repository\io\opentelemetry\opentelemetry-sdk-metrics\1.22.0\opentelemetry-sdk-metrics-1.22.0.jar;C:\Users\ASUS\.m2\repository\io\opentelemetry\opentelemetry-sdk-logs\1.22.0-alpha\opentelemetry-sdk-logs-1.22.0-alpha.jar;C:\Users\ASUS\.m2\repository\io\opentelemetry\opentelemetry-api-logs\1.22.0-alpha\opentelemetry-api-logs-1.22.0-alpha.jar;C:\Users\ASUS\.m2\repository\io\opentelemetry\opentelemetry-sdk-common\1.22.0\opentelemetry-sdk-common-1.22.0.jar;C:\Users\ASUS\.m2\repository\io\opentelemetry\opentelemetry-sdk-extension-autoconfigure-spi\1.22.0\opentelemetry-sdk-extension-autoconfigure-spi-1.22.0.jar;C:\Users\ASUS\.m2\repository\io\opentelemetry\opentelemetry-sdk-extension-autoconfigure\1.22.0-alpha\opentelemetry-sdk-extension-autoconfigure-1.22.0-alpha.jar;C:\Users\ASUS\.m2\repository\io\opentelemetry\opentelemetry-sdk-trace\1.22.0\opentelemetry-sdk-trace-1.22.0.jar;C:\Users\ASUS\.m2\repository\io\opentelemetry\opentelemetry-sdk\1.22.0\opentelemetry-sdk-1.22.0.jar;C:\Users\ASUS\.m2\repository\io\opentelemetry\opentelemetry-semconv\1.22.0-alpha\opentelemetry-semconv-1.22.0-alpha.jar;C:\Users\ASUS\.m2\repository\io\ous\jtoml\2.0.0\jtoml-2.0.0.jar;C:\Users\ASUS\.m2\repository\org\apache\commons\commons-exec\1.3\commons-exec-1.3.jar;C:\Users\ASUS\.m2\repository\org\asynchttpclient\async-http-client\2.12.3\async-http-client-2.12.3.jar;C:\Users\ASUS\.m2\repository\org\asynchttpclient\async-http-client-netty-utils\2.12.3\async-http-client-netty-utils-2.12.3.jar;C:\Users\ASUS\.m2\repository\io\netty\netty-codec-socks\4.1.60.Final\netty-codec-socks-4.1.60.Final.jar;C:\Users\ASUS\.m2\repository\io\netty\netty-handler-proxy\4.1.60.Final\netty-handler-proxy-4.1.60.Final.jar;C:\Users\ASUS\.m2\repository\io\netty\netty-transport-native-epoll\4.1.60.Final\netty-transport-native-epoll-4.1.60.Final-linux-x86_64.jar;C:\Users\ASUS\.m2\repository\io\netty\netty-transport-native-kqueue\4.1.60.Final\netty-transport-native-kqueue-4.1.60.Final-osx-x86_64.jar;C:\Users\ASUS\.m2\repository\org\reactivestreams\reactive-streams\1.0.3\reactive-streams-1.0.3.jar;C:\Users\ASUS\.m2\repository\com\typesafe\netty\netty-reactive-streams\2.0.4\netty-reactive-streams-2.0.4.jar;C:\Users\ASUS\.m2\repository\org\seleniumhq\selenium\selenium-manager\4.8.1\selenium-manager-4.8.1.jar;C:\Users\ASUS\.m2\repository\org\seleniumhq\selenium\selenium-safari-driver\4.8.1\selenium-safari-driver-4.8.1.jar;C:\Users\ASUS\.m2\repository\org\seleniumhq\selenium\selenium-api\4.8.1\selenium-api-4.8.1.jar;C:\Users\ASUS\.m2\repository\org\seleniumhq\selenium\selenium-support\4.8.1\selenium-support-4.8.1.jar;C:\Users\ASUS\.m2\repository\com\google\auto\service\auto-service-annotations\1.0.1\auto-service-annotations-1.0.1.jar;C:\Users\ASUS\.m2\repository\com\google\auto\service\auto-service\1.0.1\auto-service-1.0.1.jar;C:\Users\ASUS\.m2\repository\com\google\auto\auto-common\1.2\auto-common-1.2.jar;C:\Users\ASUS\.m2\repository\org\seleniumhq\selenium\selenium-json\4.8.1\selenium-json-4.8.1.jar;C:\Users\ASUS\.m2\repository\org\seleniumhq\selenium\selenium-chrome-driver\4.8.1\selenium-chrome-driver-4.8.1.jar;C:\Users\ASUS\.m2\repository\org\seleniumhq\selenium\selenium-chromium-driver\4.8.1\selenium-chromium-driver-4.8.1.jar;C:\Users\ASUS\.m2\repository\org\seleniumhq\selenium\selenium-firefox-driver\4.8.1\selenium-firefox-driver-4.8.1.jar;C:\Users\ASUS\.m2\repository\org\seleniumhq\selenium\selenium-http\4.8.1\selenium-http-4.8.1.jar;C:\Users\ASUS\.m2\repository\dev\failsafe\failsafe\3.3.0\failsafe-3.3.0.jar;C:\Users\ASUS\.m2\repository\org\seleniumhq\selenium\selenium-edge-driver\4.8.1\selenium-edge-driver-4.8.1.jar;C:\Users\ASUS\.m2\repository\org\seleniumhq\selenium\selenium-ie-driver\4.8.1\selenium-ie-driver-4.8.1.jar;C:\Users\ASUS\.m2\repository\org\projectlombok\lombok\1.18.20\lombok-1.18.20.jar;C:\Users\ASUS\.m2\repository\io\appium\java-client\8.3.0\java-client-8.3.0.jar;C:\Users\ASUS\.m2\repository\commons-validator\commons-validator\1.7\commons-validator-1.7.jar;C:\Users\ASUS\.m2\repository\commons-digester\commons-digester\2.1\commons-digester-2.1.jar;C:\Users\ASUS\.m2\repository\net\sf\opencsv\opencsv\2.0\opencsv-2.0.jar;C:\Users\ASUS\.m2\repository\commons-beanutils\commons-beanutils\1.9.4\commons-beanutils-1.9.4.jar;C:\Users\ASUS\.m2\repository\org\apache\commons\commons-lang3\3.12.0\commons-lang3-3.12.0.jar;C:\Users\ASUS\.m2\repository\commons-collections\commons-collections\3.2.2\commons-collections-3.2.2.jar;C:\Users\ASUS\.m2\repository\org\fluentlenium\fluentlenium-core\0.10.2\fluentlenium-core-0.10.2.jar;C:\Users\ASUS\.m2\repository\io\github\bonigarcia\webdrivermanager\5.3.0\webdrivermanager-5.3.0.jar;C:\Users\ASUS\.m2\repository\com\github\docker-java\docker-java\3.2.13\docker-java-3.2.13.jar;C:\Users\ASUS\.m2\repository\com\github\docker-java\docker-java-core\3.2.13\docker-java-core-3.2.13.jar;C:\Users\ASUS\.m2\repository\com\github\docker-java\docker-java-api\3.2.13\docker-java-api-3.2.13.jar;C:\Users\ASUS\.m2\repository\org\apache\commons\commons-compress\1.21\commons-compress-1.21.jar;C:\Users\ASUS\.m2\repository\org\bouncycastle\bcpkix-jdk15on\1.64\bcpkix-jdk15on-1.64.jar;C:\Users\ASUS\.m2\repository\org\bouncycastle\bcprov-jdk15on\1.64\bcprov-jdk15on-1.64.jar;C:\Users\ASUS\.m2\repository\org\slf4j\jcl-over-slf4j\1.7.30\jcl-over-slf4j-1.7.30.jar;C:\Users\ASUS\.m2\repository\com\github\docker-java\docker-java-transport-httpclient5\3.2.13\docker-java-transport-httpclient5-3.2.13.jar;C:\Users\ASUS\.m2\repository\com\github\docker-java\docker-java-transport\3.2.13\docker-java-transport-3.2.13.jar;C:\Users\ASUS\.m2\repository\net\java\dev\jna\jna\5.8.0\jna-5.8.0.jar;C:\Users\ASUS\.m2\repository\org\brotli\dec\0.1.2\dec-0.1.2.jar;C:\Users\ASUS\.m2\repository\org\apache\httpcomponents\client5\httpclient5\5.1.3\httpclient5-5.1.3.jar;C:\Users\ASUS\.m2\repository\org\apache\httpcomponents\core5\httpcore5\5.1.3\httpcore5-5.1.3.jar;C:\Users\ASUS\.m2\repository\org\apache\httpcomponents\core5\httpcore5-h2\5.1.3\httpcore5-h2-5.1.3.jar;C:\Users\ASUS\.m2\repository\com\jhlabs\filters\2.0.235\filters-2.0.235.jar;C:\Users\ASUS\.m2\repository\com\paulhammant\ngwebdriver\1.1.6\ngwebdriver-1.1.6.jar;C:\Users\ASUS\.m2\repository\joda-time\joda-time\2.12.2\joda-time-2.12.2.jar;C:\Users\ASUS\.m2\repository\com\google\jimfs\jimfs\1.2\jimfs-1.2.jar;C:\Users\ASUS\.m2\repository\org\mockito\mockito-core\3.3.3\mockito-core-3.3.3.jar;C:\Users\ASUS\.m2\repository\javax\xml\bind\jaxb-api\2.3.1\jaxb-api-2.3.1.jar;C:\Users\ASUS\.m2\repository\javax\activation\javax.activation-api\1.2.0\javax.activation-api-1.2.0.jar;C:\Users\ASUS\.m2\repository\com\sun\xml\bind\jaxb-core\2.3.0.1\jaxb-core-2.3.0.1.jar;C:\Users\ASUS\.m2\repository\com\sun\xml\bind\jaxb-impl\2.3.3\jaxb-impl-2.3.3.jar;C:\Users\ASUS\.m2\repository\jakarta\xml\bind\jakarta.xml.bind-api\2.3.3\jakarta.xml.bind-api-2.3.3.jar;C:\Users\ASUS\.m2\repository\com\sun\activation\jakarta.activation\1.2.2\jakarta.activation-1.2.2.jar;C:\Users\ASUS\.m2\repository\javax\activation\activation\1.1.1\activation-1.1.1.jar;C:\Users\ASUS\.m2\repository\net\serenity-bdd\serenity-cucumber\3.6.21\serenity-cucumber-3.6.21.jar;C:\Users\ASUS\.m2\repository\io\cucumber\cucumber-core\7.11.0\cucumber-core-7.11.0.jar;C:\Users\ASUS\.m2\repository\io\cucumber\cucumber-gherkin\7.11.0\cucumber-gherkin-7.11.0.jar;C:\Users\ASUS\.m2\repository\io\cucumber\cucumber-gherkin-messages\7.11.0\cucumber-gherkin-messages-7.11.0.jar;C:\Users\ASUS\.m2\repository\io\cucumber\gherkin\26.0.3\gherkin-26.0.3.jar;C:\Users\ASUS\.m2\repository\io\cucumber\messages\21.0.1\messages-21.0.1.jar;C:\Users\ASUS\.m2\repository\io\cucumber\tag-expressions\5.0.1\tag-expressions-5.0.1.jar;C:\Users\ASUS\.m2\repository\io\cucumber\cucumber-expressions\16.1.1\cucumber-expressions-16.1.1.jar;C:\Users\ASUS\.m2\repository\io\cucumber\datatable\7.11.0\datatable-7.11.0.jar;C:\Users\ASUS\.m2\repository\io\cucumber\cucumber-plugin\7.11.0\cucumber-plugin-7.11.0.jar;C:\Users\ASUS\.m2\repository\io\cucumber\docstring\7.11.0\docstring-7.11.0.jar;C:\Users\ASUS\.m2\repository\io\cucumber\html-formatter\20.2.1\html-formatter-20.2.1.jar;C:\Users\ASUS\.m2\repository\io\cucumber\junit-xml-formatter\0.1.0\junit-xml-formatter-0.1.0.jar;C:\Users\ASUS\.m2\repository\io\cucumber\ci-environment\9.1.0\ci-environment-9.1.0.jar;C:\Users\ASUS\.m2\repository\io\cucumber\cucumber-java\7.11.0\cucumber-java-7.11.0.jar;C:\Users\ASUS\.m2\repository\io\cucumber\cucumber-junit\7.11.0\cucumber-junit-7.11.0.jar;C:\Users\ASUS\.m2\repository\org\apache\commons\commons-csv\1.5\commons-csv-1.5.jar;C:\Users\ASUS\.m2\repository\org\testng\testng\7.4.0\testng-7.4.0.jar;C:\Users\ASUS\.m2\repository\com\beust\jcommander\1.78\jcommander-1.78.jar;C:\Users\ASUS\.m2\repository\org\webjars\jquery\3.5.1\jquery-3.5.1.jar;C:\Users\ASUS\.m2\repository\net\serenity-bdd\serenity-screenplay\3.6.21\serenity-screenplay-3.6.21.jar;C:\Users\ASUS\.m2\repository\net\serenity-bdd\serenity-screenplay-webdriver\3.6.21\serenity-screenplay-webdriver-3.6.21.jar;C:\Users\ASUS\.m2\repository\net\serenity-bdd\serenity-ensure\3.6.21\serenity-ensure-3.6.21.jar;C:\Users\ASUS\.m2\repository\net\serenity-bdd\serenity-junit\3.6.21\serenity-junit-3.6.21.jar;C:\Users\ASUS\.m2\repository\org\jetbrains\kotlin\kotlin-stdlib\1.8.10\kotlin-stdlib-1.8.10.jar;C:\Users\ASUS\.m2\repository\org\jetbrains\kotlin\kotlin-stdlib-common\1.8.10\kotlin-stdlib-common-1.8.10.jar;C:\Users\ASUS\.m2\repository\org\jetbrains\annotations\13.0\annotations-13.0.jar;C:\Users\ASUS\.m2\repository\org\junit\platform\junit-platform-launcher\1.9.2\junit-platform-launcher-1.9.2.jar;C:\Users\ASUS\.m2\repository\org\junit\platform\junit-platform-engine\1.9.2\junit-platform-engine-1.9.2.jar;C:\Users\ASUS\.m2\repository\org\junit\platform\junit-platform-commons\1.9.2\junit-platform-commons-1.9.2.jar;C:\Users\ASUS\.m2\repository\org\apiguardian\apiguardian-api\1.1.2\apiguardian-api-1.1.2.jar;C:\Users\ASUS\.m2\repository\org\junit\jupiter\junit-jupiter-engine\5.9.2\junit-jupiter-engine-5.9.2.jar;C:\Users\ASUS\.m2\repository\org\junit\jupiter\junit-jupiter-api\5.9.2\junit-jupiter-api-5.9.2.jar;C:\Users\ASUS\.m2\repository\org\junit\vintage\junit-vintage-engine\5.9.2\junit-vintage-engine-5.9.2.jar;C:\Users\ASUS\.m2\repository\junit\junit\4.13.2\junit-4.13.2.jar;C:\Users\ASUS\.m2\repository\org\hamcrest\hamcrest-core\1.3\hamcrest-core-1.3.jar;C:\Users\ASUS\.m2\repository\ch\qos\logback\logback-classic\1.4.6\logback-classic-1.4.6.jar;C:\Users\ASUS\.m2\repository\ch\qos\logback\logback-core\1.4.6\logback-core-1.4.6.jar;C:\Users\ASUS\.m2\repository\org\slf4j\slf4j-api\2.0.4\slf4j-api-2.0.4.jar;C:\Users\ASUS\.m2\repository\org\assertj\assertj-core\3.24.2\assertj-core-3.24.2.jar;C:\Users\ASUS\.m2\repository\net\bytebuddy\byte-buddy\1.12.21\byte-buddy-1.12.21.jar;C:\Users\ASUS\.m2\repository\com\googlecode\json-simple\json-simple\1.1.1\json-simple-1.1.1.jar;C:\Users\ASUS\.m2\repository\org\hamcrest\hamcrest\2.2\hamcrest-2.2.jar;"/>
    <property name="sun.cpu.endian" value="little"/>
    <property name="user.home" value="C:\Users\ASUS"/>
    <property name="user.language" value="en"/>
    <property name="java.specification.vendor" value="Oracle Corporation"/>
    <property name="jdk.module.path" value="D:\Intelij\REST API\fakestoreapi\target\fakestoreapi-elisa-1.0-SNAPSHOT.jar"/>
    <property name="java.version.date" value="2023-03-21"/>
    <property name="java.home" value="C:\Program Files\Java\jdk-20"/>
    <property name="file.separator" value="\"/>
    <property name="basedir" value="D:\Intelij\REST API\fakestoreapi"/>
    <property name="java.vm.compressedOopsMode" value="32-bit"/>
    <property name="line.separator" value="&#10;"/>
    <property name="java.vm.specification.vendor" value="Oracle Corporation"/>
    <property name="java.specification.name" value="Java Platform API Specification"/>
    <property name="surefire.real.class.path" value="C:\Users\ASUS\.m2\repository\org\apache\maven\surefire\surefire-booter\3.0.0-M5\surefire-booter-3.0.0-M5.jar;C:\Users\ASUS\.m2\repository\org\apache\maven\surefire\surefire-api\3.0.0-M5\surefire-api-3.0.0-M5.jar;C:\Users\ASUS\.m2\repository\org\apache\maven\surefire\surefire-logger-api\3.0.0-M5\surefire-logger-api-3.0.0-M5.jar;C:\Users\ASUS\.m2\repository\org\apache\maven\surefire\surefire-shared-utils\3.0.0-M4\surefire-shared-utils-3.0.0-M4.jar;C:\Users\ASUS\.m2\repository\org\apache\maven\surefire\surefire-extensions-spi\3.0.0-M5\surefire-extensions-spi-3.0.0-M5.jar;D:\Intelij\REST API\fakestoreapi\target\test-classes;C:\Users\ASUS\.m2\repository\net\serenity-bdd\serenity-rest-assured\3.6.22\serenity-rest-assured-3.6.22.jar;C:\Users\ASUS\.m2\repository\org\apache\httpcomponents\httpclient\4.5.13\httpclient-4.5.13.jar;C:\Users\ASUS\.m2\repository\org\apache\httpcomponents\httpcore\4.4.13\httpcore-4.4.13.jar;C:\Users\ASUS\.m2\repository\commons-logging\commons-logging\1.2\commons-logging-1.2.jar;C:\Users\ASUS\.m2\repository\io\rest-assured\rest-assured\5.3.0\rest-assured-5.3.0.jar;C:\Users\ASUS\.m2\repository\org\apache\httpcomponents\httpmime\4.5.13\httpmime-4.5.13.jar;C:\Users\ASUS\.m2\repository\org\ccil\cowan\tagsoup\tagsoup\1.2.1\tagsoup-1.2.1.jar;C:\Users\ASUS\.m2\repository\io\rest-assured\json-path\5.3.0\json-path-5.3.0.jar;C:\Users\ASUS\.m2\repository\io\rest-assured\rest-assured-common\5.3.0\rest-assured-common-5.3.0.jar;C:\Users\ASUS\.m2\repository\io\rest-assured\xml-path\5.3.0\xml-path-5.3.0.jar;C:\Users\ASUS\.m2\repository\org\apache\groovy\groovy-json\4.0.10\groovy-json-4.0.10.jar;C:\Users\ASUS\.m2\repository\org\apache\groovy\groovy-xml\4.0.10\groovy-xml-4.0.10.jar;C:\Users\ASUS\.m2\repository\org\apache\groovy\groovy\4.0.10\groovy-4.0.10.jar;C:\Users\ASUS\.m2\repository\org\opentest4j\opentest4j\1.2.0\opentest4j-1.2.0.jar;C:\Users\ASUS\.m2\repository\net\serenity-bdd\serenity-core\3.6.21\serenity-core-3.6.21.jar;C:\Users\ASUS\.m2\repository\net\serenity-bdd\serenity-model\3.6.21\serenity-model-3.6.21.jar;C:\Users\ASUS\.m2\repository\org\apache\commons\commons-text\1.10.0\commons-text-1.10.0.jar;C:\Users\ASUS\.m2\repository\commons-net\commons-net\3.9.0\commons-net-3.9.0.jar;C:\Users\ASUS\.m2\repository\com\google\guava\guava\31.1-jre\guava-31.1-jre.jar;C:\Users\ASUS\.m2\repository\com\google\guava\failureaccess\1.0.1\failureaccess-1.0.1.jar;C:\Users\ASUS\.m2\repository\com\google\guava\listenablefuture\9999.0-empty-to-avoid-conflict-with-guava\listenablefuture-9999.0-empty-to-avoid-conflict-with-guava.jar;C:\Users\ASUS\.m2\repository\com\google\code\findbugs\jsr305\3.0.2\jsr305-3.0.2.jar;C:\Users\ASUS\.m2\repository\org\checkerframework\checker-qual\3.12.0\checker-qual-3.12.0.jar;C:\Users\ASUS\.m2\repository\com\google\errorprone\error_prone_annotations\2.11.0\error_prone_annotations-2.11.0.jar;C:\Users\ASUS\.m2\repository\com\google\j2objc\j2objc-annotations\1.3\j2objc-annotations-1.3.jar;C:\Users\ASUS\.m2\repository\com\google\inject\guice\5.1.0\guice-5.1.0.jar;C:\Users\ASUS\.m2\repository\javax\inject\javax.inject\1\javax.inject-1.jar;C:\Users\ASUS\.m2\repository\aopalliance\aopalliance\1.0\aopalliance-1.0.jar;C:\Users\ASUS\.m2\repository\org\jsoup\jsoup\1.14.3\jsoup-1.14.3.jar;C:\Users\ASUS\.m2\repository\com\thoughtworks\xstream\xstream\1.4.20\xstream-1.4.20.jar;C:\Users\ASUS\.m2\repository\io\github\x-stream\mxparser\1.2.2\mxparser-1.2.2.jar;C:\Users\ASUS\.m2\repository\xmlpull\xmlpull\1.1.3.1\xmlpull-1.1.3.1.jar;C:\Users\ASUS\.m2\repository\com\typesafe\config\1.4.2\config-1.4.2.jar;C:\Users\ASUS\.m2\repository\org\imgscalr\imgscalr-lib\4.2\imgscalr-lib-4.2.jar;C:\Users\ASUS\.m2\repository\org\awaitility\awaitility\4.2.0\awaitility-4.2.0.jar;C:\Users\ASUS\.m2\repository\org\freemarker\freemarker\2.3.31\freemarker-2.3.31.jar;C:\Users\ASUS\.m2\repository\io\github\classgraph\classgraph\4.8.138\classgraph-4.8.138.jar;C:\Users\ASUS\.m2\repository\net\sourceforge\jexcelapi\jxl\2.6.12\jxl-2.6.12.jar;C:\Users\ASUS\.m2\repository\net\bytebuddy\byte-buddy-agent\1.14.2\byte-buddy-agent-1.14.2.jar;C:\Users\ASUS\.m2\repository\org\objenesis\objenesis\3.3\objenesis-3.3.jar;C:\Users\ASUS\.m2\repository\net\serenity-bdd\serenity-reports\3.6.21\serenity-reports-3.6.21.jar;C:\Users\ASUS\.m2\repository\net\serenity-bdd\serenity-stats\3.6.21\serenity-stats-3.6.21.jar;C:\Users\ASUS\.m2\repository\net\serenity-bdd\serenity-reports-configuration\3.6.21\serenity-reports-configuration-3.6.21.jar;C:\Users\ASUS\.m2\repository\com\vladsch\flexmark\flexmark-all\0.62.2\flexmark-all-0.62.2.jar;C:\Users\ASUS\.m2\repository\com\vladsch\flexmark\flexmark\0.62.2\flexmark-0.62.2.jar;C:\Users\ASUS\.m2\repository\com\vladsch\flexmark\flexmark-ext-abbreviation\0.62.2\flexmark-ext-abbreviation-0.62.2.jar;C:\Users\ASUS\.m2\repository\com\vladsch\flexmark\flexmark-util\0.62.2\flexmark-util-0.62.2.jar;C:\Users\ASUS\.m2\repository\com\vladsch\flexmark\flexmark-ext-admonition\0.62.2\flexmark-ext-admonition-0.62.2.jar;C:\Users\ASUS\.m2\repository\com\vladsch\flexmark\flexmark-ext-anchorlink\0.62.2\flexmark-ext-anchorlink-0.62.2.jar;C:\Users\ASUS\.m2\repository\com\vladsch\flexmark\flexmark-ext-aside\0.62.2\flexmark-ext-aside-0.62.2.jar;C:\Users\ASUS\.m2\repository\com\vladsch\flexmark\flexmark-ext-attributes\0.62.2\flexmark-ext-attributes-0.62.2.jar;C:\Users\ASUS\.m2\repository\com\vladsch\flexmark\flexmark-ext-autolink\0.62.2\flexmark-ext-autolink-0.62.2.jar;C:\Users\ASUS\.m2\repository\org\nibor\autolink\autolink\0.6.0\autolink-0.6.0.jar;C:\Users\ASUS\.m2\repository\com\vladsch\flexmark\flexmark-ext-definition\0.62.2\flexmark-ext-definition-0.62.2.jar;C:\Users\ASUS\.m2\repository\com\vladsch\flexmark\flexmark-ext-emoji\0.62.2\flexmark-ext-emoji-0.62.2.jar;C:\Users\ASUS\.m2\repository\com\vladsch\flexmark\flexmark-ext-enumerated-reference\0.62.2\flexmark-ext-enumerated-reference-0.62.2.jar;C:\Users\ASUS\.m2\repository\com\vladsch\flexmark\flexmark-ext-escaped-character\0.62.2\flexmark-ext-escaped-character-0.62.2.jar;C:\Users\ASUS\.m2\repository\com\vladsch\flexmark\flexmark-ext-footnotes\0.62.2\flexmark-ext-footnotes-0.62.2.jar;C:\Users\ASUS\.m2\repository\com\vladsch\flexmark\flexmark-ext-gfm-issues\0.62.2\flexmark-ext-gfm-issues-0.62.2.jar;C:\Users\ASUS\.m2\repository\com\vladsch\flexmark\flexmark-ext-gfm-strikethrough\0.62.2\flexmark-ext-gfm-strikethrough-0.62.2.jar;C:\Users\ASUS\.m2\repository\com\vladsch\flexmark\flexmark-ext-gfm-tasklist\0.62.2\flexmark-ext-gfm-tasklist-0.62.2.jar;C:\Users\ASUS\.m2\repository\com\vladsch\flexmark\flexmark-ext-gfm-users\0.62.2\flexmark-ext-gfm-users-0.62.2.jar;C:\Users\ASUS\.m2\repository\com\vladsch\flexmark\flexmark-ext-gitlab\0.62.2\flexmark-ext-gitlab-0.62.2.jar;C:\Users\ASUS\.m2\repository\com\vladsch\flexmark\flexmark-ext-jekyll-front-matter\0.62.2\flexmark-ext-jekyll-front-matter-0.62.2.jar;C:\Users\ASUS\.m2\repository\com\vladsch\flexmark\flexmark-ext-jekyll-tag\0.62.2\flexmark-ext-jekyll-tag-0.62.2.jar;C:\Users\ASUS\.m2\repository\com\vladsch\flexmark\flexmark-ext-media-tags\0.62.2\flexmark-ext-media-tags-0.62.2.jar;C:\Users\ASUS\.m2\repository\com\vladsch\flexmark\flexmark-ext-macros\0.62.2\flexmark-ext-macros-0.62.2.jar;C:\Users\ASUS\.m2\repository\com\vladsch\flexmark\flexmark-ext-ins\0.62.2\flexmark-ext-ins-0.62.2.jar;C:\Users\ASUS\.m2\repository\com\vladsch\flexmark\flexmark-ext-xwiki-macros\0.62.2\flexmark-ext-xwiki-macros-0.62.2.jar;C:\Users\ASUS\.m2\repository\com\vladsch\flexmark\flexmark-ext-superscript\0.62.2\flexmark-ext-superscript-0.62.2.jar;C:\Users\ASUS\.m2\repository\com\vladsch\flexmark\flexmark-ext-tables\0.62.2\flexmark-ext-tables-0.62.2.jar;C:\Users\ASUS\.m2\repository\com\vladsch\flexmark\flexmark-ext-toc\0.62.2\flexmark-ext-toc-0.62.2.jar;C:\Users\ASUS\.m2\repository\com\vladsch\flexmark\flexmark-ext-typographic\0.62.2\flexmark-ext-typographic-0.62.2.jar;C:\Users\ASUS\.m2\repository\com\vladsch\flexmark\flexmark-ext-wikilink\0.62.2\flexmark-ext-wikilink-0.62.2.jar;C:\Users\ASUS\.m2\repository\com\vladsch\flexmark\flexmark-ext-yaml-front-matter\0.62.2\flexmark-ext-yaml-front-matter-0.62.2.jar;C:\Users\ASUS\.m2\repository\com\vladsch\flexmark\flexmark-ext-youtube-embedded\0.62.2\flexmark-ext-youtube-embedded-0.62.2.jar;C:\Users\ASUS\.m2\repository\com\vladsch\flexmark\flexmark-html2md-converter\0.62.2\flexmark-html2md-converter-0.62.2.jar;C:\Users\ASUS\.m2\repository\com\vladsch\flexmark\flexmark-jira-converter\0.62.2\flexmark-jira-converter-0.62.2.jar;C:\Users\ASUS\.m2\repository\com\vladsch\flexmark\flexmark-pdf-converter\0.62.2\flexmark-pdf-converter-0.62.2.jar;C:\Users\ASUS\.m2\repository\com\openhtmltopdf\openhtmltopdf-core\1.0.0\openhtmltopdf-core-1.0.0.jar;C:\Users\ASUS\.m2\repository\com\openhtmltopdf\openhtmltopdf-pdfbox\1.0.0\openhtmltopdf-pdfbox-1.0.0.jar;C:\Users\ASUS\.m2\repository\org\apache\pdfbox\pdfbox\2.0.16\pdfbox-2.0.16.jar;C:\Users\ASUS\.m2\repository\org\apache\pdfbox\fontbox\2.0.16\fontbox-2.0.16.jar;C:\Users\ASUS\.m2\repository\org\apache\pdfbox\xmpbox\2.0.16\xmpbox-2.0.16.jar;C:\Users\ASUS\.m2\repository\de\rototor\pdfbox\graphics2d\0.24\graphics2d-0.24.jar;C:\Users\ASUS\.m2\repository\com\openhtmltopdf\openhtmltopdf-rtl-support\1.0.0\openhtmltopdf-rtl-support-1.0.0.jar;C:\Users\ASUS\.m2\repository\com\openhtmltopdf\openhtmltopdf-jsoup-dom-converter\1.0.0\openhtmltopdf-jsoup-dom-converter-1.0.0.jar;C:\Users\ASUS\.m2\repository\com\vladsch\flexmark\flexmark-profile-pegdown\0.62.2\flexmark-profile-pegdown-0.62.2.jar;C:\Users\ASUS\.m2\repository\com\vladsch\flexmark\flexmark-util-ast\0.62.2\flexmark-util-ast-0.62.2.jar;C:\Users\ASUS\.m2\repository\com\vladsch\flexmark\flexmark-util-builder\0.62.2\flexmark-util-builder-0.62.2.jar;C:\Users\ASUS\.m2\repository\com\vladsch\flexmark\flexmark-util-collection\0.62.2\flexmark-util-collection-0.62.2.jar;C:\Users\ASUS\.m2\repository\com\vladsch\flexmark\flexmark-util-data\0.62.2\flexmark-util-data-0.62.2.jar;C:\Users\ASUS\.m2\repository\com\vladsch\flexmark\flexmark-util-dependency\0.62.2\flexmark-util-dependency-0.62.2.jar;C:\Users\ASUS\.m2\repository\com\vladsch\flexmark\flexmark-util-format\0.62.2\flexmark-util-format-0.62.2.jar;C:\Users\ASUS\.m2\repository\com\vladsch\flexmark\flexmark-util-html\0.62.2\flexmark-util-html-0.62.2.jar;C:\Users\ASUS\.m2\repository\com\vladsch\flexmark\flexmark-util-misc\0.62.2\flexmark-util-misc-0.62.2.jar;C:\Users\ASUS\.m2\repository\com\vladsch\flexmark\flexmark-util-options\0.62.2\flexmark-util-options-0.62.2.jar;C:\Users\ASUS\.m2\repository\com\vladsch\flexmark\flexmark-util-sequence\0.62.2\flexmark-util-sequence-0.62.2.jar;C:\Users\ASUS\.m2\repository\com\vladsch\flexmark\flexmark-util-visitor\0.62.2\flexmark-util-visitor-0.62.2.jar;C:\Users\ASUS\.m2\repository\com\vladsch\flexmark\flexmark-youtrack-converter\0.62.2\flexmark-youtrack-converter-0.62.2.jar;C:\Users\ASUS\.m2\repository\com\ibm\icu\icu4j\72.1\icu4j-72.1.jar;C:\Users\ASUS\.m2\repository\es\nitaur\markdown\txtmark\0.16\txtmark-0.16.jar;C:\Users\ASUS\.m2\repository\net\serenity-bdd\serenity-report-resources\3.6.21\serenity-report-resources-3.6.21.jar;C:\Users\ASUS\.m2\repository\com\google\code\gson\gson\2.10.1\gson-2.10.1.jar;C:\Users\ASUS\.m2\repository\com\fasterxml\jackson\core\jackson-core\2.15.0-rc1\jackson-core-2.15.0-rc1.jar;C:\Users\ASUS\.m2\repository\com\fasterxml\jackson\core\jackson-databind\2.15.0-rc1\jackson-databind-2.15.0-rc1.jar;C:\Users\ASUS\.m2\repository\com\fasterxml\jackson\core\jackson-annotations\2.15.0-rc1\jackson-annotations-2.15.0-rc1.jar;C:\Users\ASUS\.m2\repository\commons-codec\commons-codec\1.15\commons-codec-1.15.jar;C:\Users\ASUS\.m2\repository\commons-io\commons-io\2.11.0\commons-io-2.11.0.jar;C:\Users\ASUS\.m2\repository\org\seleniumhq\selenium\selenium-java\4.8.1\selenium-java-4.8.1.jar;C:\Users\ASUS\.m2\repository\org\seleniumhq\selenium\selenium-devtools-v108\4.8.1\selenium-devtools-v108-4.8.1.jar;C:\Users\ASUS\.m2\repository\org\seleniumhq\selenium\selenium-devtools-v109\4.8.1\selenium-devtools-v109-4.8.1.jar;C:\Users\ASUS\.m2\repository\org\seleniumhq\selenium\selenium-devtools-v110\4.8.1\selenium-devtools-v110-4.8.1.jar;C:\Users\ASUS\.m2\repository\org\seleniumhq\selenium\selenium-devtools-v85\4.8.1\selenium-devtools-v85-4.8.1.jar;C:\Users\ASUS\.m2\repository\org\seleniumhq\selenium\selenium-remote-driver\4.8.1\selenium-remote-driver-4.8.1.jar;C:\Users\ASUS\.m2\repository\io\netty\netty-buffer\4.1.87.Final\netty-buffer-4.1.87.Final.jar;C:\Users\ASUS\.m2\repository\io\netty\netty-codec-http\4.1.87.Final\netty-codec-http-4.1.87.Final.jar;C:\Users\ASUS\.m2\repository\io\netty\netty-codec\4.1.87.Final\netty-codec-4.1.87.Final.jar;C:\Users\ASUS\.m2\repository\io\netty\netty-handler\4.1.87.Final\netty-handler-4.1.87.Final.jar;C:\Users\ASUS\.m2\repository\io\netty\netty-common\4.1.87.Final\netty-common-4.1.87.Final.jar;C:\Users\ASUS\.m2\repository\io\netty\netty-transport-classes-epoll\4.1.87.Final\netty-transport-classes-epoll-4.1.87.Final.jar;C:\Users\ASUS\.m2\repository\io\netty\netty-transport-classes-kqueue\4.1.87.Final\netty-transport-classes-kqueue-4.1.87.Final.jar;C:\Users\ASUS\.m2\repository\io\netty\netty-transport-native-epoll\4.1.87.Final\netty-transport-native-epoll-4.1.87.Final.jar;C:\Users\ASUS\.m2\repository\io\netty\netty-transport-native-kqueue\4.1.87.Final\netty-transport-native-kqueue-4.1.87.Final.jar;C:\Users\ASUS\.m2\repository\io\netty\netty-transport-native-unix-common\4.1.87.Final\netty-transport-native-unix-common-4.1.87.Final.jar;C:\Users\ASUS\.m2\repository\io\netty\netty-transport\4.1.87.Final\netty-transport-4.1.87.Final.jar;C:\Users\ASUS\.m2\repository\io\netty\netty-resolver\4.1.87.Final\netty-resolver-4.1.87.Final.jar;C:\Users\ASUS\.m2\repository\io\opentelemetry\opentelemetry-api\1.22.0\opentelemetry-api-1.22.0.jar;C:\Users\ASUS\.m2\repository\io\opentelemetry\opentelemetry-context\1.22.0\opentelemetry-context-1.22.0.jar;C:\Users\ASUS\.m2\repository\io\opentelemetry\opentelemetry-exporter-logging\1.22.0\opentelemetry-exporter-logging-1.22.0.jar;C:\Users\ASUS\.m2\repository\io\opentelemetry\opentelemetry-sdk-metrics\1.22.0\opentelemetry-sdk-metrics-1.22.0.jar;C:\Users\ASUS\.m2\repository\io\opentelemetry\opentelemetry-sdk-logs\1.22.0-alpha\opentelemetry-sdk-logs-1.22.0-alpha.jar;C:\Users\ASUS\.m2\repository\io\opentelemetry\opentelemetry-api-logs\1.22.0-alpha\opentelemetry-api-logs-1.22.0-alpha.jar;C:\Users\ASUS\.m2\repository\io\opentelemetry\opentelemetry-sdk-common\1.22.0\opentelemetry-sdk-common-1.22.0.jar;C:\Users\ASUS\.m2\repository\io\opentelemetry\opentelemetry-sdk-extension-autoconfigure-spi\1.22.0\opentelemetry-sdk-extension-autoconfigure-spi-1.22.0.jar;C:\Users\ASUS\.m2\repository\io\opentelemetry\opentelemetry-sdk-extension-autoconfigure\1.22.0-alpha\opentelemetry-sdk-extension-autoconfigure-1.22.0-alpha.jar;C:\Users\ASUS\.m2\repository\io\opentelemetry\opentelemetry-sdk-trace\1.22.0\opentelemetry-sdk-trace-1.22.0.jar;C:\Users\ASUS\.m2\repository\io\opentelemetry\opentelemetry-sdk\1.22.0\opentelemetry-sdk-1.22.0.jar;C:\Users\ASUS\.m2\repository\io\opentelemetry\opentelemetry-semconv\1.22.0-alpha\opentelemetry-semconv-1.22.0-alpha.jar;C:\Users\ASUS\.m2\repository\io\ous\jtoml\2.0.0\jtoml-2.0.0.jar;C:\Users\ASUS\.m2\repository\org\apache\commons\commons-exec\1.3\commons-exec-1.3.jar;C:\Users\ASUS\.m2\repository\org\asynchttpclient\async-http-client\2.12.3\async-http-client-2.12.3.jar;C:\Users\ASUS\.m2\repository\org\asynchttpclient\async-http-client-netty-utils\2.12.3\async-http-client-netty-utils-2.12.3.jar;C:\Users\ASUS\.m2\repository\io\netty\netty-codec-socks\4.1.60.Final\netty-codec-socks-4.1.60.Final.jar;C:\Users\ASUS\.m2\repository\io\netty\netty-handler-proxy\4.1.60.Final\netty-handler-proxy-4.1.60.Final.jar;C:\Users\ASUS\.m2\repository\io\netty\netty-transport-native-epoll\4.1.60.Final\netty-transport-native-epoll-4.1.60.Final-linux-x86_64.jar;C:\Users\ASUS\.m2\repository\io\netty\netty-transport-native-kqueue\4.1.60.Final\netty-transport-native-kqueue-4.1.60.Final-osx-x86_64.jar;C:\Users\ASUS\.m2\repository\org\reactivestreams\reactive-streams\1.0.3\reactive-streams-1.0.3.jar;C:\Users\ASUS\.m2\repository\com\typesafe\netty\netty-reactive-streams\2.0.4\netty-reactive-streams-2.0.4.jar;C:\Users\ASUS\.m2\repository\org\seleniumhq\selenium\selenium-manager\4.8.1\selenium-manager-4.8.1.jar;C:\Users\ASUS\.m2\repository\org\seleniumhq\selenium\selenium-safari-driver\4.8.1\selenium-safari-driver-4.8.1.jar;C:\Users\ASUS\.m2\repository\org\seleniumhq\selenium\selenium-api\4.8.1\selenium-api-4.8.1.jar;C:\Users\ASUS\.m2\repository\org\seleniumhq\selenium\selenium-support\4.8.1\selenium-support-4.8.1.jar;C:\Users\ASUS\.m2\repository\com\google\auto\service\auto-service-annotations\1.0.1\auto-service-annotations-1.0.1.jar;C:\Users\ASUS\.m2\repository\com\google\auto\service\auto-service\1.0.1\auto-service-1.0.1.jar;C:\Users\ASUS\.m2\repository\com\google\auto\auto-common\1.2\auto-common-1.2.jar;C:\Users\ASUS\.m2\repository\org\seleniumhq\selenium\selenium-json\4.8.1\selenium-json-4.8.1.jar;C:\Users\ASUS\.m2\repository\org\seleniumhq\selenium\selenium-chrome-driver\4.8.1\selenium-chrome-driver-4.8.1.jar;C:\Users\ASUS\.m2\repository\org\seleniumhq\selenium\selenium-chromium-driver\4.8.1\selenium-chromium-driver-4.8.1.jar;C:\Users\ASUS\.m2\repository\org\seleniumhq\selenium\selenium-firefox-driver\4.8.1\selenium-firefox-driver-4.8.1.jar;C:\Users\ASUS\.m2\repository\org\seleniumhq\selenium\selenium-http\4.8.1\selenium-http-4.8.1.jar;C:\Users\ASUS\.m2\repository\dev\failsafe\failsafe\3.3.0\failsafe-3.3.0.jar;C:\Users\ASUS\.m2\repository\org\seleniumhq\selenium\selenium-edge-driver\4.8.1\selenium-edge-driver-4.8.1.jar;C:\Users\ASUS\.m2\repository\org\seleniumhq\selenium\selenium-ie-driver\4.8.1\selenium-ie-driver-4.8.1.jar;C:\Users\ASUS\.m2\repository\org\projectlombok\lombok\1.18.20\lombok-1.18.20.jar;C:\Users\ASUS\.m2\repository\io\appium\java-client\8.3.0\java-client-8.3.0.jar;C:\Users\ASUS\.m2\repository\commons-validator\commons-validator\1.7\commons-validator-1.7.jar;C:\Users\ASUS\.m2\repository\commons-digester\commons-digester\2.1\commons-digester-2.1.jar;C:\Users\ASUS\.m2\repository\net\sf\opencsv\opencsv\2.0\opencsv-2.0.jar;C:\Users\ASUS\.m2\repository\commons-beanutils\commons-beanutils\1.9.4\commons-beanutils-1.9.4.jar;C:\Users\ASUS\.m2\repository\org\apache\commons\commons-lang3\3.12.0\commons-lang3-3.12.0.jar;C:\Users\ASUS\.m2\repository\commons-collections\commons-collections\3.2.2\commons-collections-3.2.2.jar;C:\Users\ASUS\.m2\repository\org\fluentlenium\fluentlenium-core\0.10.2\fluentlenium-core-0.10.2.jar;C:\Users\ASUS\.m2\repository\io\github\bonigarcia\webdrivermanager\5.3.0\webdrivermanager-5.3.0.jar;C:\Users\ASUS\.m2\repository\com\github\docker-java\docker-java\3.2.13\docker-java-3.2.13.jar;C:\Users\ASUS\.m2\repository\com\github\docker-java\docker-java-core\3.2.13\docker-java-core-3.2.13.jar;C:\Users\ASUS\.m2\repository\com\github\docker-java\docker-java-api\3.2.13\docker-java-api-3.2.13.jar;C:\Users\ASUS\.m2\repository\org\apache\commons\commons-compress\1.21\commons-compress-1.21.jar;C:\Users\ASUS\.m2\repository\org\bouncycastle\bcpkix-jdk15on\1.64\bcpkix-jdk15on-1.64.jar;C:\Users\ASUS\.m2\repository\org\bouncycastle\bcprov-jdk15on\1.64\bcprov-jdk15on-1.64.jar;C:\Users\ASUS\.m2\repository\org\slf4j\jcl-over-slf4j\1.7.30\jcl-over-slf4j-1.7.30.jar;C:\Users\ASUS\.m2\repository\com\github\docker-java\docker-java-transport-httpclient5\3.2.13\docker-java-transport-httpclient5-3.2.13.jar;C:\Users\ASUS\.m2\repository\com\github\docker-java\docker-java-transport\3.2.13\docker-java-transport-3.2.13.jar;C:\Users\ASUS\.m2\repository\net\java\dev\jna\jna\5.8.0\jna-5.8.0.jar;C:\Users\ASUS\.m2\repository\org\brotli\dec\0.1.2\dec-0.1.2.jar;C:\Users\ASUS\.m2\repository\org\apache\httpcomponents\client5\httpclient5\5.1.3\httpclient5-5.1.3.jar;C:\Users\ASUS\.m2\repository\org\apache\httpcomponents\core5\httpcore5\5.1.3\httpcore5-5.1.3.jar;C:\Users\ASUS\.m2\repository\org\apache\httpcomponents\core5\httpcore5-h2\5.1.3\httpcore5-h2-5.1.3.jar;C:\Users\ASUS\.m2\repository\com\jhlabs\filters\2.0.235\filters-2.0.235.jar;C:\Users\ASUS\.m2\repository\com\paulhammant\ngwebdriver\1.1.6\ngwebdriver-1.1.6.jar;C:\Users\ASUS\.m2\repository\joda-time\joda-time\2.12.2\joda-time-2.12.2.jar;C:\Users\ASUS\.m2\repository\com\google\jimfs\jimfs\1.2\jimfs-1.2.jar;C:\Users\ASUS\.m2\repository\org\mockito\mockito-core\3.3.3\mockito-core-3.3.3.jar;C:\Users\ASUS\.m2\repository\javax\xml\bind\jaxb-api\2.3.1\jaxb-api-2.3.1.jar;C:\Users\ASUS\.m2\repository\javax\activation\javax.activation-api\1.2.0\javax.activation-api-1.2.0.jar;C:\Users\ASUS\.m2\repository\com\sun\xml\bind\jaxb-core\2.3.0.1\jaxb-core-2.3.0.1.jar;C:\Users\ASUS\.m2\repository\com\sun\xml\bind\jaxb-impl\2.3.3\jaxb-impl-2.3.3.jar;C:\Users\ASUS\.m2\repository\jakarta\xml\bind\jakarta.xml.bind-api\2.3.3\jakarta.xml.bind-api-2.3.3.jar;C:\Users\ASUS\.m2\repository\com\sun\activation\jakarta.activation\1.2.2\jakarta.activation-1.2.2.jar;C:\Users\ASUS\.m2\repository\javax\activation\activation\1.1.1\activation-1.1.1.jar;C:\Users\ASUS\.m2\repository\net\serenity-bdd\serenity-cucumber\3.6.21\serenity-cucumber-3.6.21.jar;C:\Users\ASUS\.m2\repository\io\cucumber\cucumber-core\7.11.0\cucumber-core-7.11.0.jar;C:\Users\ASUS\.m2\repository\io\cucumber\cucumber-gherkin\7.11.0\cucumber-gherkin-7.11.0.jar;C:\Users\ASUS\.m2\repository\io\cucumber\cucumber-gherkin-messages\7.11.0\cucumber-gherkin-messages-7.11.0.jar;C:\Users\ASUS\.m2\repository\io\cucumber\gherkin\26.0.3\gherkin-26.0.3.jar;C:\Users\ASUS\.m2\repository\io\cucumber\messages\21.0.1\messages-21.0.1.jar;C:\Users\ASUS\.m2\repository\io\cucumber\tag-expressions\5.0.1\tag-expressions-5.0.1.jar;C:\Users\ASUS\.m2\repository\io\cucumber\cucumber-expressions\16.1.1\cucumber-expressions-16.1.1.jar;C:\Users\ASUS\.m2\repository\io\cucumber\datatable\7.11.0\datatable-7.11.0.jar;C:\Users\ASUS\.m2\repository\io\cucumber\cucumber-plugin\7.11.0\cucumber-plugin-7.11.0.jar;C:\Users\ASUS\.m2\repository\io\cucumber\docstring\7.11.0\docstring-7.11.0.jar;C:\Users\ASUS\.m2\repository\io\cucumber\html-formatter\20.2.1\html-formatter-20.2.1.jar;C:\Users\ASUS\.m2\repository\io\cucumber\junit-xml-formatter\0.1.0\junit-xml-formatter-0.1.0.jar;C:\Users\ASUS\.m2\repository\io\cucumber\ci-environment\9.1.0\ci-environment-9.1.0.jar;C:\Users\ASUS\.m2\repository\io\cucumber\cucumber-java\7.11.0\cucumber-java-7.11.0.jar;C:\Users\ASUS\.m2\repository\io\cucumber\cucumber-junit\7.11.0\cucumber-junit-7.11.0.jar;C:\Users\ASUS\.m2\repository\org\apache\commons\commons-csv\1.5\commons-csv-1.5.jar;C:\Users\ASUS\.m2\repository\org\testng\testng\7.4.0\testng-7.4.0.jar;C:\Users\ASUS\.m2\repository\com\beust\jcommander\1.78\jcommander-1.78.jar;C:\Users\ASUS\.m2\repository\org\webjars\jquery\3.5.1\jquery-3.5.1.jar;C:\Users\ASUS\.m2\repository\net\serenity-bdd\serenity-screenplay\3.6.21\serenity-screenplay-3.6.21.jar;C:\Users\ASUS\.m2\repository\net\serenity-bdd\serenity-screenplay-webdriver\3.6.21\serenity-screenplay-webdriver-3.6.21.jar;C:\Users\ASUS\.m2\repository\net\serenity-bdd\serenity-ensure\3.6.21\serenity-ensure-3.6.21.jar;C:\Users\ASUS\.m2\repository\net\serenity-bdd\serenity-junit\3.6.21\serenity-junit-3.6.21.jar;C:\Users\ASUS\.m2\repository\org\jetbrains\kotlin\kotlin-stdlib\1.8.10\kotlin-stdlib-1.8.10.jar;C:\Users\ASUS\.m2\repository\org\jetbrains\kotlin\kotlin-stdlib-common\1.8.10\kotlin-stdlib-common-1.8.10.jar;C:\Users\ASUS\.m2\repository\org\jetbrains\annotations\13.0\annotations-13.0.jar;C:\Users\ASUS\.m2\repository\org\junit\platform\junit-platform-launcher\1.9.2\junit-platform-launcher-1.9.2.jar;C:\Users\ASUS\.m2\repository\org\junit\platform\junit-platform-engine\1.9.2\junit-platform-engine-1.9.2.jar;C:\Users\ASUS\.m2\repository\org\junit\platform\junit-platform-commons\1.9.2\junit-platform-commons-1.9.2.jar;C:\Users\ASUS\.m2\repository\org\apiguardian\apiguardian-api\1.1.2\apiguardian-api-1.1.2.jar;C:\Users\ASUS\.m2\repository\org\junit\jupiter\junit-jupiter-engine\5.9.2\junit-jupiter-engine-5.9.2.jar;C:\Users\ASUS\.m2\repository\org\junit\jupiter\junit-jupiter-api\5.9.2\junit-jupiter-api-5.9.2.jar;C:\Users\ASUS\.m2\repository\org\junit\vintage\junit-vintage-engine\5.9.2\junit-vintage-engine-5.9.2.jar;C:\Users\ASUS\.m2\repository\junit\junit\4.13.2\junit-4.13.2.jar;C:\Users\ASUS\.m2\repository\org\hamcrest\hamcrest-core\1.3\hamcrest-core-1.3.jar;C:\Users\ASUS\.m2\repository\ch\qos\logback\logback-classic\1.4.6\logback-classic-1.4.6.jar;C:\Users\ASUS\.m2\repository\ch\qos\logback\logback-core\1.4.6\logback-core-1.4.6.jar;C:\Users\ASUS\.m2\repository\org\slf4j\slf4j-api\2.0.4\slf4j-api-2.0.4.jar;C:\Users\ASUS\.m2\repository\org\assertj\assertj-core\3.24.2\assertj-core-3.24.2.jar;C:\Users\ASUS\.m2\repository\net\bytebuddy\byte-buddy\1.12.21\byte-buddy-1.12.21.jar;C:\Users\ASUS\.m2\repository\com\googlecode\json-simple\json-simple\1.1.1\json-simple-1.1.1.jar;C:\Users\ASUS\.m2\repository\org\hamcrest\hamcrest\2.2\hamcrest-2.2.jar;C:\Users\ASUS\.m2\repository\org\apache\maven\surefire\surefire-junit-platform\3.0.0-M5\surefire-junit-platform-3.0.0-M5.jar;C:\Users\ASUS\.m2\repository\org\apache\maven\surefire\common-java5\3.0.0-M5\common-java5-3.0.0-M5.jar"/>
    <property name="user.script" value=""/>
    <property name="sun.management.compiler" value="HotSpot 64-Bit Tiered Compilers"/>
    <property name="java.runtime.version" value="20+36-2344"/>
    <property name="user.name" value="ASUS"/>
    <property name="stdout.encoding" value="Cp1252"/>
    <property name="path.separator" value=";"/>
    <property name="os.version" value="10.0"/>
    <property name="java.runtime.name" value="Java(TM) SE Runtime Environment"/>
    <property name="file.encoding" value="UTF-8"/>
    <property name="java.vm.name" value="Java HotSpot(TM) 64-Bit Server VM"/>
    <property name="localRepository" value="C:\Users\ASUS\.m2\repository"/>
    <property name="java.vendor.url.bug" value="https://bugreport.java.com/bugreport/"/>
    <property name="java.io.tmpdir" value="C:\Users\ASUS\AppData\Local\Temp\"/>
    <property name="java.version" value="20"/>
    <property name="user.dir" value="D:\Intelij\REST API\fakestoreapi"/>
    <property name="os.arch" value="amd64"/>
    <property name="java.vm.specification.name" value="Java Virtual Machine Specification"/>
    <property name="sun.os.patch.level" value=""/>
    <property name="native.encoding" value="Cp1252"/>
    <property name="java.library.path" value="C:\Program Files\Java\jdk-20\bin;C:\Windows\Sun\Java\bin;C:\Windows\system32;C:\Windows;C:\Python311\Scripts\;C:\Python311\;C:\Program Files\Common Files\Oracle\Java\javapath;C:\Program Files (x86)\Common Files\Intel\Shared Files\fortran\bin\Intel64;C:\Program Files (x86)\Common Files\Intel\Shared Libraries\redist\intel64_win\mpirt;C:\Program Files (x86)\Common Files\Intel\Shared Libraries\redist\intel64_win\compiler;C:\Windows\system32;C:\Windows;C:\Windows\System32\Wbem;C:\Windows\System32\WindowsPowerShell\v1.0\;C:\Windows\System32\OpenSSH\;C:\Program Files\Microsoft SQL Server\110\Tools\Binn\;C:\Program Files\Microsoft SQL Server\Client SDK\ODBC\110\Tools\Binn\;C:\Program Files (x86)\Microsoft SQL Server\120\Tools\Binn\;C:\Program Files\Microsoft SQL Server\120\Tools\Binn\;C:\Program Files\Microsoft SQL Server\120\DTS\Binn\;C:\Program Files (x86)\Windows Kits\8.1\Windows Performance Toolkit\;C:\Program Files\Git\cmd;C:\Program Files\Java\jdk-20\bin;C:\Program Files\apache-maven-3.9.1\bin;C:\Program Files\WebDriver;C:\Program Files\nodejs\;C:\ProgramData\chocolatey\bin;C:\Users\ASUS\AppData\Local\Microsoft\WindowsApps;C:\Users\ASUS\AppData\Local\atom\bin;C:\Users\ASUS\AppData\Local\GitHubDesktop\bin;C:\Program Files\JetBrains\IntelliJ IDEA Community Edition 2022.3.2\bin;;C:\Users\ASUS\AppData\Roaming\npm;."/>
    <property name="java.vm.info" value="mixed mode"/>
    <property name="stderr.encoding" value="Cp1252"/>
    <property name="java.vendor" value="Oracle Corporation"/>
    <property name="java.vm.version" value="20+36-2344"/>
    <property name="sun.io.unicode.encoding" value="UnicodeLittle"/>
    <property name="java.class.version" value="64.0"/>
  </properties>
  <testcase name="GET single cart by id" classname="CART of product" time="14.227">
    <system-out><![CDATA[12:54:29.505 [main] DEBUG net.thucydides.core.guice.Injectors -- Created injector for module net.thucydides.core.guice.ThucydidesModule
12:54:30.351 [main] DEBUG io.cucumber.core.plugin.SerenityReporter -- Running feature from file:///D:/Intelij/REST%20API/fakestoreapi/src/test/resources/features/Cart.feature
12:54:30.729 [main] DEBUG net.thucydides.core.guice.Injectors -- Created injector for module net.thucydides.core.guice.webdriver.WebDriverModule
12:54:30.791 [main] INFO  -- 

-------------------------------------------------------------------------------------
     _______. _______ .______       _______ .__   __.  __  .___________.____    ____ 
    /       ||   ____||   _  \     |   ____||  \ |  | |  | |           |\   \  /   / 
   |   (----`|  |__   |  |_)  |    |  |__   |   \|  | |  | `---|  |----` \   \/   /  
    \   \    |   __|  |      /     |   __|  |  . `  | |  |     |  |       \_    _/   
.----)   |   |  |____ |  |\  \----.|  |____ |  |\   | |  |     |  |         |  |     
|_______/    |_______|| _| `._____||_______||__| \__| |__|     |__|         |__|    
                                                                                     
 News and tutorials at http://www.serenity-bdd.info                                  
 Documentation at https://wakaleo.gitbooks.io/the-serenity-book/content/             
 Join the Serenity Community on Gitter: https://gitter.im/serenity-bdd/serenity-core 
 Serenity BDD Support and Training at http://serenity-bdd.info/#/trainingandsupport  
-------------------------------------------------------------------------------------

12:54:30.799 [main] DEBUG net.thucydides.core.steps.StepEventBus -- Test suite started for story net.thucydides.core.model.Story@d87dff42
12:54:30.802 [main] INFO  -- Test Suite Started: CART of product
12:54:30.837 [main] DEBUG io.cucumber.core.plugin.SerenityReporter -- Running feature from file:///D:/Intelij/REST%20API/fakestoreapi/src/test/resources/features/Login.feature
12:54:30.846 [main] DEBUG net.thucydides.core.steps.StepEventBus -- Test suite started for story net.thucydides.core.model.Story@36e8cfbd
12:54:30.847 [main] INFO  -- Test Suite Started: LOGIN for admin fakestoreapi
12:54:30.847 [main] DEBUG io.cucumber.core.plugin.SerenityReporter -- Running feature from file:///D:/Intelij/REST%20API/fakestoreapi/src/test/resources/features/Product.feature
12:54:30.857 [main] DEBUG net.thucydides.core.steps.StepEventBus -- Test suite started for story net.thucydides.core.model.Story@98a31365
12:54:30.858 [main] INFO  -- Test Suite Started: Access Product from Shop
12:54:30.858 [main] DEBUG io.cucumber.core.plugin.SerenityReporter -- Running feature from file:///D:/Intelij/REST%20API/fakestoreapi/src/test/resources/features/User.feature
12:54:30.868 [main] DEBUG net.thucydides.core.steps.StepEventBus -- Test suite started for story net.thucydides.core.model.Story@44965f7f
12:54:30.869 [main] INFO  -- Test Suite Started: USER feature
12:54:30.870 [main] DEBUG io.cucumber.core.plugin.SerenityReporter -- Running feature from file:///D:/Intelij/REST%20API/fakestoreapi/src/test/resources/features/Cart.feature
12:54:30.879 [main] DEBUG net.thucydides.core.steps.StepEventBus -- Test suite started for story net.thucydides.core.model.Story@d87dff42
12:54:30.879 [main] INFO  -- Test Suite Started: CART of product

Scenario: GET single cart by id             &amp#27;[90m# src/test/resources/features/Cart.feature:5&amp#27;[0m
12:54:31.123 [main] DEBUG io.cucumber.core.plugin.SerenityReporter -- Running feature from file:///D:/Intelij/REST%20API/fakestoreapi/src/test/resources/features/Cart.feature
12:54:31.525 [main] INFO  -- 
  _____   ___   ___   _____     ___   _____     _     ___   _____   ___   ___  
 |_   _| | __| / __| |_   _|   / __| |_   _|   /_\   | _ \ |_   _| | __| |   \ 
   | |   | _|  \__ \   | |     \__ \   | |    / _ \  |   /   | |   | _|  | |) |
   |_|   |___| |___/   |_|     |___/   |_|   /_/ \_\ |_|_\   |_|   |___| |___/ 

GET single cart by id(cart-of-product;get-single-cart-by-id)
--------------------------------------------------------------------------------
12:54:31.688 [main] DEBUG net.thucydides.core.requirements.model.cucumber.CucumberParser -- Loading feature D:\Intelij\REST API\fakestoreapi\src\test\resources\features\Cart.feature
12:54:31.721 [main] DEBUG net.thucydides.core.requirements.model.cucumber.CucumberParser -- Loading feature D:\Intelij\REST API\fakestoreapi\src\test\resources\features\Login.feature
12:54:31.735 [main] DEBUG net.thucydides.core.requirements.model.cucumber.CucumberParser -- Loading feature D:\Intelij\REST API\fakestoreapi\src\test\resources\features\Product.feature
12:54:31.757 [main] DEBUG net.thucydides.core.requirements.model.cucumber.CucumberParser -- Loading feature D:\Intelij\REST API\fakestoreapi\src\test\resources\features\User.feature
12:54:33.362 [main] DEBUG net.thucydides.core.steps.StepInterceptor -- STARTING STEP: CartSteps.setGetCartIdEnpoint - I set GET cart endpoint
12:54:33.365 [main] DEBUG net.thucydides.core.steps.StepInterceptor -- STEP DONE: I set GET cart endpoint
  &amp#27;[32mGiven &amp#27;[0m&amp#27;[32mI set GET cart endpoint&amp#27;[0m             &amp#27;[90m# starter.stepdefinition.CartSteps.setGetCartIdEnpoint()&amp#27;[0m
12:54:33.389 [main] DEBUG net.thucydides.core.steps.StepInterceptor -- STARTING STEP: CartSteps.sendRequestGetIdCart - I send HTTP request for GET the Cart
12:54:37.515 [main] DEBUG net.thucydides.core.steps.StepInterceptor -- STARTING STEP: GetbyIdCart.sendRequestIDCart - I set GET cart endpoint
12:54:37.516 [main] DEBUG net.thucydides.core.steps.StepInterceptor -- STEP DONE: I set GET cart endpoint
12:54:39.786 [main] DEBUG org.apache.http.impl.conn.BasicClientConnectionManager -- Get connection for route {s}->https://fakestoreapi.com:443
12:54:40.040 [main] DEBUG org.apache.http.impl.conn.DefaultClientConnectionOperator -- Connecting to fakestoreapi.com:443
12:54:41.198 [main] DEBUG org.apache.http.client.protocol.RequestAddCookies -- CookieSpec selected: ignoreCookies
12:54:41.201 [main] DEBUG org.apache.http.client.protocol.RequestAuthCache -- Auth cache not set in the context
12:54:41.201 [main] DEBUG org.apache.http.client.protocol.RequestTargetAuthentication -- Target auth state: UNCHALLENGED
12:54:41.202 [main] DEBUG org.apache.http.client.protocol.RequestProxyAuthentication -- Proxy auth state: UNCHALLENGED
12:54:41.203 [main] DEBUG org.apache.http.impl.client.DefaultHttpClient -- Attempt 1 to execute request
12:54:41.203 [main] DEBUG org.apache.http.impl.conn.DefaultClientConnection -- Sending request: GET /carts/1 HTTP/1.1
12:54:41.204 [main] DEBUG org.apache.http.wire --  >> "GET /carts/1 HTTP/1.1[\r][\n]"
12:54:41.206 [main] DEBUG org.apache.http.wire --  >> "Accept: */*[\r][\n]"
12:54:41.207 [main] DEBUG org.apache.http.wire --  >> "Host: fakestoreapi.com[\r][\n]"
12:54:41.207 [main] DEBUG org.apache.http.wire --  >> "Connection: Keep-Alive[\r][\n]"
12:54:41.208 [main] DEBUG org.apache.http.wire --  >> "User-Agent: Apache-HttpClient/4.5.13 (Java/20)[\r][\n]"
12:54:41.208 [main] DEBUG org.apache.http.wire --  >> "Accept-Encoding: gzip,deflate[\r][\n]"
12:54:41.209 [main] DEBUG org.apache.http.wire --  >> "[\r][\n]"
12:54:41.209 [main] DEBUG org.apache.http.headers -- >> GET /carts/1 HTTP/1.1
12:54:41.210 [main] DEBUG org.apache.http.headers -- >> Accept: */*
12:54:41.210 [main] DEBUG org.apache.http.headers -- >> Host: fakestoreapi.com
12:54:41.210 [main] DEBUG org.apache.http.headers -- >> Connection: Keep-Alive
12:54:41.210 [main] DEBUG org.apache.http.headers -- >> User-Agent: Apache-HttpClient/4.5.13 (Java/20)
12:54:41.211 [main] DEBUG org.apache.http.headers -- >> Accept-Encoding: gzip,deflate
12:54:42.103 [main] DEBUG org.apache.http.wire --  << "HTTP/1.1 200 OK[\r][\n]"
12:54:42.108 [main] DEBUG org.apache.http.wire --  << "Date: Sun, 16 Apr 2023 05:54:42 GMT[\r][\n]"
12:54:42.110 [main] DEBUG org.apache.http.wire --  << "Content-Type: application/json; charset=utf-8[\r][\n]"
12:54:42.110 [main] DEBUG org.apache.http.wire --  << "Transfer-Encoding: chunked[\r][\n]"
12:54:42.110 [main] DEBUG org.apache.http.wire --  << "Connection: keep-alive[\r][\n]"
12:54:42.111 [main] DEBUG org.apache.http.wire --  << "Access-Control-Allow-Origin: *[\r][\n]"
12:54:42.111 [main] DEBUG org.apache.http.wire --  << "Etag: W/"a1-wvAyaNKAHffOoZd5/I4wHuNFvSs"[\r][\n]"
12:54:42.111 [main] DEBUG org.apache.http.wire --  << "X-Powered-By: Express[\r][\n]"
12:54:42.112 [main] DEBUG org.apache.http.wire --  << "CF-Cache-Status: DYNAMIC[\r][\n]"
12:54:42.112 [main] DEBUG org.apache.http.wire --  << "Report-To: {"endpoints":[{"url":"https:\/\/a.nel.cloudflare.com\/report\/v3?s=hMegUDvw4VLoBEUBlALDnRMgd5Elx24exMmpqocnXNEjacXANuQ7S03syFf5Oa41HoRHl4H%2BYuENdttca%2F0sPnGYYHm9eD3JWSzcfksZpA17Qht3ymQbgS1jMEEz8qf8Y1lv"}],"group":"cf-nel","max_age":604800}[\r][\n]"
12:54:42.112 [main] DEBUG org.apache.http.wire --  << "NEL: {"success_fraction":0,"report_to":"cf-nel","max_age":604800}[\r][\n]"
12:54:42.113 [main] DEBUG org.apache.http.wire --  << "Server: cloudflare[\r][\n]"
12:54:42.113 [main] DEBUG org.apache.http.wire --  << "CF-RAY: 7b8a2cd21e2e91cb-SIN[\r][\n]"
12:54:42.113 [main] DEBUG org.apache.http.wire --  << "Content-Encoding: gzip[\r][\n]"
12:54:42.113 [main] DEBUG org.apache.http.wire --  << "alt-svc: h3=":443"; ma=86400, h3-29=":443"; ma=86400[\r][\n]"
12:54:42.114 [main] DEBUG org.apache.http.wire --  << "[\r][\n]"
12:54:42.118 [main] DEBUG org.apache.http.impl.conn.DefaultClientConnection -- Receiving response: HTTP/1.1 200 OK
12:54:42.118 [main] DEBUG org.apache.http.headers -- << HTTP/1.1 200 OK
12:54:42.119 [main] DEBUG org.apache.http.headers -- << Date: Sun, 16 Apr 2023 05:54:42 GMT
12:54:42.119 [main] DEBUG org.apache.http.headers -- << Content-Type: application/json; charset=utf-8
12:54:42.119 [main] DEBUG org.apache.http.headers -- << Transfer-Encoding: chunked
12:54:42.119 [main] DEBUG org.apache.http.headers -- << Connection: keep-alive
12:54:42.119 [main] DEBUG org.apache.http.headers -- << Access-Control-Allow-Origin: *
12:54:42.119 [main] DEBUG org.apache.http.headers -- << Etag: W/"a1-wvAyaNKAHffOoZd5/I4wHuNFvSs"
12:54:42.119 [main] DEBUG org.apache.http.headers -- << X-Powered-By: Express
12:54:42.120 [main] DEBUG org.apache.http.headers -- << CF-Cache-Status: DYNAMIC
12:54:42.120 [main] DEBUG org.apache.http.headers -- << Report-To: {"endpoints":[{"url":"https:\/\/a.nel.cloudflare.com\/report\/v3?s=hMegUDvw4VLoBEUBlALDnRMgd5Elx24exMmpqocnXNEjacXANuQ7S03syFf5Oa41HoRHl4H%2BYuENdttca%2F0sPnGYYHm9eD3JWSzcfksZpA17Qht3ymQbgS1jMEEz8qf8Y1lv"}],"group":"cf-nel","max_age":604800}
12:54:42.121 [main] DEBUG org.apache.http.headers -- << NEL: {"success_fraction":0,"report_to":"cf-nel","max_age":604800}
12:54:42.121 [main] DEBUG org.apache.http.headers -- << Server: cloudflare
12:54:42.121 [main] DEBUG org.apache.http.headers -- << CF-RAY: 7b8a2cd21e2e91cb-SIN
12:54:42.121 [main] DEBUG org.apache.http.headers -- << Content-Encoding: gzip
12:54:42.121 [main] DEBUG org.apache.http.headers -- << alt-svc: h3=":443"; ma=86400, h3-29=":443"; ma=86400
12:54:42.144 [main] DEBUG org.apache.http.impl.client.DefaultHttpClient -- Connection can be kept alive indefinitely
12:54:42.167 [main] DEBUG io.restassured.internal.RestAssuredHttpBuilder -- Parsing response as: application/json; charset=utf-8
12:54:42.168 [main] DEBUG org.apache.http.wire --  << "7c[\r][\n]"
12:54:42.169 [main] DEBUG org.apache.http.wire --  << "[0x1f][0x8b][0x8][0x0][0x0][0x0][0x0][0x0][0x0][0x3][0xaa]V[0xca]LQ[0xb2]2[0xd4]Q*-N-[0xf2][0x84]0S[0x12]KR[0x95][0xac][0x94][0x8c][0xc][0x8c][0xc]t[\r][0x8c]u[\r][0x8c]B[0xc][0xc][0xac][0xc0]H[0xcf][0xc0][0xc0] JIG[0xa9][0xa0](?[0xa5]4[0xb9][0xa4]X[0xc9]*[0xba][0x1a][0xc6][0x81]j.,M[0xcc]+[0xc9],[0xa9]T[0xb2]2[0xa9][0xd5]A[0x91]4B[0x96]4D[0x93]4F[0x96]4[0xab][0x8d][0xd5]Q[0x8a][0x8f]/S[0xb2]2[0xa8][0x5][0x0][0x0][0x0][0xff][0xff][0x3][0x0][0x8][0xed][0xd1][0xed][0xa1][0x0][0x0][0x0]"
12:54:42.169 [main] DEBUG org.apache.http.wire --  << "[\r][\n]"
12:54:42.170 [main] DEBUG org.apache.http.wire --  << "0[\r][\n]"
12:54:42.170 [main] DEBUG org.apache.http.wire --  << "[\r][\n]"
12:54:42.170 [main] DEBUG io.restassured.internal.RestAssuredHttpBuilder -- Parsed data to instance of: class org.apache.http.conn.EofSensorInputStream
12:54:42.375 [main] DEBUG org.apache.http.impl.conn.BasicClientConnectionManager -- Releasing connection org.apache.http.impl.conn.ManagedClientConnectionImpl@40b54762
12:54:42.376 [main] DEBUG org.apache.http.impl.conn.BasicClientConnectionManager -- Connection can be kept alive indefinitely
12:54:42.477 [main] DEBUG net.thucydides.core.steps.StepInterceptor -- STEP DONE: I send HTTP request for GET the Cart
  &amp#27;[32mWhen &amp#27;[0m&amp#27;[32mI send HTTP request for GET the Cart&amp#27;[0m &amp#27;[90m# starter.stepdefinition.CartSteps.sendRequestGetIdCart()&amp#27;[0m
12:54:42.498 [main] DEBUG net.thucydides.core.steps.StepInterceptor -- STARTING STEP: CartSteps.receiveCodeGetCartId - I receive code build 200
12:54:42.622 [main] DEBUG net.thucydides.core.steps.StepInterceptor -- STEP DONE: I receive code build 200
  &amp#27;[32mThen &amp#27;[0m&amp#27;[32mI receive code build 200&amp#27;[0m             &amp#27;[90m# starter.stepdefinition.CartSteps.receiveCodeGetCartId()&amp#27;[0m
12:54:42.637 [main] DEBUG net.thucydides.core.steps.StepInterceptor -- STARTING STEP: CartSteps.verifyGetCartId - I verify that Cart can be accessed
12:54:45.076 [main] DEBUG net.thucydides.core.steps.StepInterceptor -- STEP DONE: I verify that Cart can be accessed
  &amp#27;[32mAnd &amp#27;[0m&amp#27;[32mI verify that Cart can be accessed&amp#27;[0m    &amp#27;[90m# starter.stepdefinition.CartSteps.verifyGetCartId()&amp#27;[0m
12:54:45.096 [main] INFO  -- 
  _____   ___   ___   _____     ___     _     ___   ___   ___   ___  
 |_   _| | __| / __| |_   _|   | _ \   /_\   / __| / __| | __| |   \ 
   | |   | _|  \__ \   | |     |  _/  / _ \  \__ \ \__ \ | _|  | |) |
   |_|   |___| |___/   |_|     |_|   /_/ \_\ |___/ |___/ |___| |___/ 

GET single cart by id
----------------------------------------------------------------------
]]></system-out>
  </testcase>
  <testcase name="GET carts with limit number" classname="CART of product" time="1.411">
    <system-out><![CDATA[
Scenario: GET carts with limit number        &amp#27;[90m# src/test/resources/features/Cart.feature:11&amp#27;[0m
12:54:45.161 [main] DEBUG io.cucumber.core.plugin.SerenityReporter -- Running feature from file:///D:/Intelij/REST%20API/fakestoreapi/src/test/resources/features/Cart.feature
12:54:45.189 [main] INFO  -- 
  _____   ___   ___   _____     ___   _____     _     ___   _____   ___   ___  
 |_   _| | __| / __| |_   _|   / __| |_   _|   /_\   | _ \ |_   _| | __| |   \ 
   | |   | _|  \__ \   | |     \__ \   | |    / _ \  |   /   | |   | _|  | |) |
   |_|   |___| |___/   |_|     |___/   |_|   /_/ \_\ |_|_\   |_|   |___| |___/ 

GET carts with limit number(cart-of-product;get-carts-with-limit-number)
--------------------------------------------------------------------------------
12:54:45.271 [main] DEBUG net.thucydides.core.steps.StepInterceptor -- STARTING STEP: CartSteps.setEndpointGetLimit - I set GET api endpoint for limit view
12:54:45.272 [main] DEBUG net.thucydides.core.steps.StepInterceptor -- STEP DONE: I set GET api endpoint for limit view
  &amp#27;[32mGiven &amp#27;[0m&amp#27;[32mI set for GET cart endpoint&amp#27;[0m          &amp#27;[90m# starter.stepdefinition.CartSteps.setEndpointGetLimit()&amp#27;[0m
12:54:45.285 [main] DEBUG net.thucydides.core.steps.StepInterceptor -- STARTING STEP: CartSteps.setRequestLimitCart - I send request with Limit Get
12:54:45.291 [main] DEBUG net.thucydides.core.steps.StepInterceptor -- STARTING STEP: GetWithLimitCart.sendTheLimitCartRequest - I set GET api endpoint for limit view
12:54:45.292 [main] DEBUG net.thucydides.core.steps.StepInterceptor -- STEP DONE: I set GET api endpoint for limit view
12:54:45.385 [main] DEBUG org.apache.http.impl.conn.BasicClientConnectionManager -- Get connection for route {s}->https://fakestoreapi.com:443
12:54:45.386 [main] DEBUG org.apache.http.impl.conn.DefaultClientConnectionOperator -- Connecting to fakestoreapi.com:443
12:54:45.623 [main] DEBUG org.apache.http.client.protocol.RequestAddCookies -- CookieSpec selected: ignoreCookies
12:54:45.623 [main] DEBUG org.apache.http.client.protocol.RequestAuthCache -- Auth cache not set in the context
12:54:45.624 [main] DEBUG org.apache.http.client.protocol.RequestTargetAuthentication -- Target auth state: UNCHALLENGED
12:54:45.624 [main] DEBUG org.apache.http.client.protocol.RequestProxyAuthentication -- Proxy auth state: UNCHALLENGED
12:54:45.624 [main] DEBUG org.apache.http.impl.client.DefaultHttpClient -- Attempt 1 to execute request
12:54:45.624 [main] DEBUG org.apache.http.impl.conn.DefaultClientConnection -- Sending request: GET /carts?limit=3 HTTP/1.1
12:54:45.624 [main] DEBUG org.apache.http.wire --  >> "GET /carts?limit=3 HTTP/1.1[\r][\n]"
12:54:45.624 [main] DEBUG org.apache.http.wire --  >> "Accept: */*[\r][\n]"
12:54:45.624 [main] DEBUG org.apache.http.wire --  >> "Host: fakestoreapi.com[\r][\n]"
12:54:45.625 [main] DEBUG org.apache.http.wire --  >> "Connection: Keep-Alive[\r][\n]"
12:54:45.626 [main] DEBUG org.apache.http.wire --  >> "User-Agent: Apache-HttpClient/4.5.13 (Java/20)[\r][\n]"
12:54:45.626 [main] DEBUG org.apache.http.wire --  >> "Accept-Encoding: gzip,deflate[\r][\n]"
12:54:45.626 [main] DEBUG org.apache.http.wire --  >> "[\r][\n]"
12:54:45.626 [main] DEBUG org.apache.http.headers -- >> GET /carts?limit=3 HTTP/1.1
12:54:45.626 [main] DEBUG org.apache.http.headers -- >> Accept: */*
12:54:45.626 [main] DEBUG org.apache.http.headers -- >> Host: fakestoreapi.com
12:54:45.626 [main] DEBUG org.apache.http.headers -- >> Connection: Keep-Alive
12:54:45.626 [main] DEBUG org.apache.http.headers -- >> User-Agent: Apache-HttpClient/4.5.13 (Java/20)
12:54:45.627 [main] DEBUG org.apache.http.headers -- >> Accept-Encoding: gzip,deflate
12:54:46.211 [main] DEBUG org.apache.http.wire --  << "HTTP/1.1 200 OK[\r][\n]"
12:54:46.211 [main] DEBUG org.apache.http.wire --  << "Date: Sun, 16 Apr 2023 05:54:46 GMT[\r][\n]"
12:54:46.211 [main] DEBUG org.apache.http.wire --  << "Content-Type: application/json; charset=utf-8[\r][\n]"
12:54:46.211 [main] DEBUG org.apache.http.wire --  << "Transfer-Encoding: chunked[\r][\n]"
12:54:46.211 [main] DEBUG org.apache.http.wire --  << "Connection: keep-alive[\r][\n]"
12:54:46.211 [main] DEBUG org.apache.http.wire --  << "Access-Control-Allow-Origin: *[\r][\n]"
12:54:46.211 [main] DEBUG org.apache.http.wire --  << "Etag: W/"1cb-k9STtBKwUNpGzaiwMY35nM5R8kQ"[\r][\n]"
12:54:46.211 [main] DEBUG org.apache.http.wire --  << "X-Powered-By: Express[\r][\n]"
12:54:46.212 [main] DEBUG org.apache.http.wire --  << "CF-Cache-Status: DYNAMIC[\r][\n]"
12:54:46.212 [main] DEBUG org.apache.http.wire --  << "Report-To: {"endpoints":[{"url":"https:\/\/a.nel.cloudflare.com\/report\/v3?s=VLiGp6%2BCikgCwnhw%2Fg96oJvldUTmRkdYOFPKP3CtQeU%2Bxmdaaj5w65VxOnQxvtMzhyK%2F9r%2Fdhfks9%2BU5yUWQQWy5Y9uG0WYSAW69ow8zUsuEKkJD%2Fib6nx6pd2ZKSpBnlJL8"}],"group":"cf-nel","max_age":604800}[\r][\n]"
12:54:46.212 [main] DEBUG org.apache.http.wire --  << "NEL: {"success_fraction":0,"report_to":"cf-nel","max_age":604800}[\r][\n]"
12:54:46.212 [main] DEBUG org.apache.http.wire --  << "Server: cloudflare[\r][\n]"
12:54:46.212 [main] DEBUG org.apache.http.wire --  << "CF-RAY: 7b8a2cedbb226bf4-SIN[\r][\n]"
12:54:46.212 [main] DEBUG org.apache.http.wire --  << "Content-Encoding: gzip[\r][\n]"
12:54:46.212 [main] DEBUG org.apache.http.wire --  << "alt-svc: h3=":443"; ma=86400, h3-29=":443"; ma=86400[\r][\n]"
12:54:46.212 [main] DEBUG org.apache.http.wire --  << "[\r][\n]"
12:54:46.212 [main] DEBUG org.apache.http.impl.conn.DefaultClientConnection -- Receiving response: HTTP/1.1 200 OK
12:54:46.212 [main] DEBUG org.apache.http.headers -- << HTTP/1.1 200 OK
12:54:46.212 [main] DEBUG org.apache.http.headers -- << Date: Sun, 16 Apr 2023 05:54:46 GMT
12:54:46.212 [main] DEBUG org.apache.http.headers -- << Content-Type: application/json; charset=utf-8
12:54:46.212 [main] DEBUG org.apache.http.headers -- << Transfer-Encoding: chunked
12:54:46.212 [main] DEBUG org.apache.http.headers -- << Connection: keep-alive
12:54:46.213 [main] DEBUG org.apache.http.headers -- << Access-Control-Allow-Origin: *
12:54:46.213 [main] DEBUG org.apache.http.headers -- << Etag: W/"1cb-k9STtBKwUNpGzaiwMY35nM5R8kQ"
12:54:46.213 [main] DEBUG org.apache.http.headers -- << X-Powered-By: Express
12:54:46.213 [main] DEBUG org.apache.http.headers -- << CF-Cache-Status: DYNAMIC
12:54:46.213 [main] DEBUG org.apache.http.headers -- << Report-To: {"endpoints":[{"url":"https:\/\/a.nel.cloudflare.com\/report\/v3?s=VLiGp6%2BCikgCwnhw%2Fg96oJvldUTmRkdYOFPKP3CtQeU%2Bxmdaaj5w65VxOnQxvtMzhyK%2F9r%2Fdhfks9%2BU5yUWQQWy5Y9uG0WYSAW69ow8zUsuEKkJD%2Fib6nx6pd2ZKSpBnlJL8"}],"group":"cf-nel","max_age":604800}
12:54:46.213 [main] DEBUG org.apache.http.headers -- << NEL: {"success_fraction":0,"report_to":"cf-nel","max_age":604800}
12:54:46.213 [main] DEBUG org.apache.http.headers -- << Server: cloudflare
12:54:46.213 [main] DEBUG org.apache.http.headers -- << CF-RAY: 7b8a2cedbb226bf4-SIN
12:54:46.213 [main] DEBUG org.apache.http.headers -- << Content-Encoding: gzip
12:54:46.213 [main] DEBUG org.apache.http.headers -- << alt-svc: h3=":443"; ma=86400, h3-29=":443"; ma=86400
12:54:46.213 [main] DEBUG org.apache.http.impl.client.DefaultHttpClient -- Connection can be kept alive indefinitely
12:54:46.214 [main] DEBUG io.restassured.internal.RestAssuredHttpBuilder -- Parsing response as: application/json; charset=utf-8
12:54:46.214 [main] DEBUG org.apache.http.wire --  << "ab[\r][\n]"
12:54:46.214 [main] DEBUG org.apache.http.wire --  << "[0x1f][0x8b][0x8][0x0][0x0][0x0][0x0][0x0][0x0][0x3][0x9c][0x90][0xcb][\n]"
12:54:46.214 [main] DEBUG org.apache.http.wire --  << "[0xc2]0[0x10]E[0xff][0xe5][0xae]S[0x99]LTp[0xfe][0xc0][0xbd]+K)[0xc5]t[0x91][0x8d][0x8f]6[0x15][0xa4][0xf4][0xdf]E[0xab]4IQP[0x98][0xc5][0xc]g.[0x1c]n[0xde][0xc3]Y[0x88]V[0xe8][0xda][0xba][0xd9][0x8e][0xab][0xad]|[\r][0x1][0x13]SF&#[0xde][0x11][0xc9]s[0x16]D[0xb4][0x87][0xc2][0xb9]9[0xd9][0xee][0xe0][H[0xde][0xbf][0x8f]W[0xf8][0xd2]UG[0xef][0xfc][\r][0xb2][0x1c]T[0x4]9[0x84]:[0x81]&[0x84][0xeb][0xa1]P([0xcb]+[0x84][0x1e]on[0xc]2[0xd4][0xbf][0x18][0xf2]7[0xc3]H_SBW![0xe5][0xb9][0xa2][0x99][0x14]y^[0xa2][0xfe][0xaf]DN$6q[0x89][0x93]Dq[0x7][0x0][0x0][0xff][0xff][0x3][0x0][0x9a]K[0x1d][0x97][0xcb][0x1][0x0][0x0]"
12:54:46.214 [main] DEBUG org.apache.http.wire --  << "[\r][\n]"
12:54:46.215 [main] DEBUG org.apache.http.wire --  << "0[\r][\n]"
12:54:46.215 [main] DEBUG org.apache.http.wire --  << "[\r][\n]"
12:54:46.215 [main] DEBUG io.restassured.internal.RestAssuredHttpBuilder -- Parsed data to instance of: class org.apache.http.conn.EofSensorInputStream
12:54:46.217 [main] DEBUG org.apache.http.impl.conn.BasicClientConnectionManager -- Releasing connection org.apache.http.impl.conn.ManagedClientConnectionImpl@10830d50
12:54:46.217 [main] DEBUG org.apache.http.impl.conn.BasicClientConnectionManager -- Connection can be kept alive indefinitely
12:54:46.221 [main] DEBUG net.thucydides.core.steps.StepInterceptor -- STEP DONE: I send request with Limit Get
  &amp#27;[32mWhen &amp#27;[0m&amp#27;[32mI set the limit desc for GET the cart&amp#27;[0m &amp#27;[90m# starter.stepdefinition.CartSteps.setRequestLimitCart()&amp#27;[0m
12:54:46.233 [main] DEBUG net.thucydides.core.steps.StepInterceptor -- STARTING STEP: CartSteps.receive200CodeCartLimit - I got verified code success 200
12:54:46.235 [main] DEBUG net.thucydides.core.steps.StepInterceptor -- STEP DONE: I got verified code success 200
  &amp#27;[32mThen &amp#27;[0m&amp#27;[32mI receive 200 code response&amp#27;[0m           &amp#27;[90m# starter.stepdefinition.CartSteps.receive200CodeCartLimit()&amp#27;[0m
12:54:46.250 [main] DEBUG net.thucydides.core.steps.StepInterceptor -- STARTING STEP: CartSteps.gotCartWithLimit - I receive the cart list with desc
12:54:46.500 [main] DEBUG net.thucydides.core.steps.StepInterceptor -- STEP DONE: I receive the cart list with desc
  &amp#27;[32mAnd &amp#27;[0m&amp#27;[32mI got the carts with limit I set&amp#27;[0m       &amp#27;[90m# starter.stepdefinition.CartSteps.gotCartWithLimit()&amp#27;[0m
12:54:46.518 [main] INFO  -- 
  _____   ___   ___   _____     ___     _     ___   ___   ___   ___  
 |_   _| | __| / __| |_   _|   | _ \   /_\   / __| / __| | __| |   \ 
   | |   | _|  \__ \   | |     |  _/  / _ \  \__ \ \__ \ | _|  | |) |
   |_|   |___| |___/   |_|     |_|   /_/ \_\ |___/ |___/ |___| |___/ 

GET carts with limit number
----------------------------------------------------------------------
]]></system-out>
  </testcase>
  <testcase name="Short Result by Desc GET Cart" classname="CART of product" time="1.9">
    <system-out><![CDATA[
Scenario: Short Result by Desc GET Cart       &amp#27;[90m# src/test/resources/features/Cart.feature:17&amp#27;[0m
12:54:46.564 [main] DEBUG io.cucumber.core.plugin.SerenityReporter -- Running feature from file:///D:/Intelij/REST%20API/fakestoreapi/src/test/resources/features/Cart.feature
12:54:46.590 [main] INFO  -- 
  _____   ___   ___   _____     ___   _____     _     ___   _____   ___   ___  
 |_   _| | __| / __| |_   _|   / __| |_   _|   /_\   | _ \ |_   _| | __| |   \ 
   | |   | _|  \__ \   | |     \__ \   | |    / _ \  |   /   | |   | _|  | |) |
   |_|   |___| |___/   |_|     |___/   |_|   /_/ \_\ |_|_\   |_|   |___| |___/ 

Short Result by Desc GET Cart(cart-of-product;short-result-by-desc-get-cart)
--------------------------------------------------------------------------------
12:54:46.691 [main] DEBUG net.thucydides.core.steps.StepInterceptor -- STARTING STEP: CartSteps.setGETcartShortList - I set for GET cart endpoint
12:54:46.696 [main] DEBUG net.thucydides.core.steps.StepInterceptor -- STEP DONE: I set for GET cart endpoint
  &amp#27;[32mGiven &amp#27;[0m&amp#27;[32mI set GET api endpoint for limit view&amp#27;[0m &amp#27;[90m# starter.stepdefinition.CartSteps.setGETcartShortList()&amp#27;[0m
12:54:46.711 [main] DEBUG net.thucydides.core.steps.StepInterceptor -- STARTING STEP: CartSteps.sendRequestLimitGetCart - I set the limit desc for GET the cart
12:54:46.725 [main] DEBUG net.thucydides.core.steps.StepInterceptor -- STARTING STEP: GetShortListCart.setLimitDescCart - I set for GET cart endpoint
12:54:46.726 [main] DEBUG net.thucydides.core.steps.StepInterceptor -- STEP DONE: I set for GET cart endpoint
12:54:46.790 [main] DEBUG org.apache.http.impl.conn.BasicClientConnectionManager -- Get connection for route {s}->https://fakestoreapi.com:443
12:54:46.792 [main] DEBUG org.apache.http.impl.conn.DefaultClientConnectionOperator -- Connecting to fakestoreapi.com:443
12:54:46.991 [main] DEBUG org.apache.http.client.protocol.RequestAddCookies -- CookieSpec selected: ignoreCookies
12:54:46.992 [main] DEBUG org.apache.http.client.protocol.RequestAuthCache -- Auth cache not set in the context
12:54:46.992 [main] DEBUG org.apache.http.client.protocol.RequestTargetAuthentication -- Target auth state: UNCHALLENGED
12:54:46.992 [main] DEBUG org.apache.http.client.protocol.RequestProxyAuthentication -- Proxy auth state: UNCHALLENGED
12:54:46.993 [main] DEBUG org.apache.http.impl.client.DefaultHttpClient -- Attempt 1 to execute request
12:54:46.993 [main] DEBUG org.apache.http.impl.conn.DefaultClientConnection -- Sending request: GET /?sort=desc HTTP/1.1
12:54:46.994 [main] DEBUG org.apache.http.wire --  >> "GET /?sort=desc HTTP/1.1[\r][\n]"
12:54:46.994 [main] DEBUG org.apache.http.wire --  >> "Accept: */*[\r][\n]"
12:54:46.994 [main] DEBUG org.apache.http.wire --  >> "Host: fakestoreapi.com[\r][\n]"
12:54:46.995 [main] DEBUG org.apache.http.wire --  >> "Connection: Keep-Alive[\r][\n]"
12:54:46.995 [main] DEBUG org.apache.http.wire --  >> "User-Agent: Apache-HttpClient/4.5.13 (Java/20)[\r][\n]"
12:54:46.995 [main] DEBUG org.apache.http.wire --  >> "Accept-Encoding: gzip,deflate[\r][\n]"
12:54:46.995 [main] DEBUG org.apache.http.wire --  >> "[\r][\n]"
12:54:46.996 [main] DEBUG org.apache.http.headers -- >> GET /?sort=desc HTTP/1.1
12:54:46.996 [main] DEBUG org.apache.http.headers -- >> Accept: */*
12:54:46.996 [main] DEBUG org.apache.http.headers -- >> Host: fakestoreapi.com
12:54:46.996 [main] DEBUG org.apache.http.headers -- >> Connection: Keep-Alive
12:54:46.996 [main] DEBUG org.apache.http.headers -- >> User-Agent: Apache-HttpClient/4.5.13 (Java/20)
12:54:46.996 [main] DEBUG org.apache.http.headers -- >> Accept-Encoding: gzip,deflate
12:54:47.817 [main] DEBUG org.apache.http.wire --  << "HTTP/1.1 200 OK[\r][\n]"
12:54:47.817 [main] DEBUG org.apache.http.wire --  << "Date: Sun, 16 Apr 2023 05:54:48 GMT[\r][\n]"
12:54:47.817 [main] DEBUG org.apache.http.wire --  << "Content-Type: text/html; charset=utf-8[\r][\n]"
12:54:47.818 [main] DEBUG org.apache.http.wire --  << "Transfer-Encoding: chunked[\r][\n]"
12:54:47.818 [main] DEBUG org.apache.http.wire --  << "Connection: keep-alive[\r][\n]"
12:54:47.818 [main] DEBUG org.apache.http.wire --  << "Access-Control-Allow-Origin: *[\r][\n]"
12:54:47.818 [main] DEBUG org.apache.http.wire --  << "X-Powered-By: Express[\r][\n]"
12:54:47.818 [main] DEBUG org.apache.http.wire --  << "CF-Cache-Status: DYNAMIC[\r][\n]"
12:54:47.818 [main] DEBUG org.apache.http.wire --  << "Report-To: {"endpoints":[{"url":"https:\/\/a.nel.cloudflare.com\/report\/v3?s=R6UwYbFmPatqI%2FPtoPB7UksBCBBz1NQjB2K%2FLuV7XSnDwjLUn4U%2FoOm5mvi2OKc%2F9HCkr4P5Q%2FxZOZzmxYyvJY9fOaC3IM%2BzHA9fBXtc%2BkBwBD9Wi%2FVxlI0sZs3zjjVLU%2BXF"}],"group":"cf-nel","max_age":604800}[\r][\n]"
12:54:47.818 [main] DEBUG org.apache.http.wire --  << "NEL: {"success_fraction":0,"report_to":"cf-nel","max_age":604800}[\r][\n]"
12:54:47.818 [main] DEBUG org.apache.http.wire --  << "Server: cloudflare[\r][\n]"
12:54:47.818 [main] DEBUG org.apache.http.wire --  << "CF-RAY: 7b8a2cf64b554649-SIN[\r][\n]"
12:54:47.818 [main] DEBUG org.apache.http.wire --  << "Content-Encoding: gzip[\r][\n]"
12:54:47.818 [main] DEBUG org.apache.http.wire --  << "alt-svc: h3=":443"; ma=86400, h3-29=":443"; ma=86400[\r][\n]"
12:54:47.819 [main] DEBUG org.apache.http.wire --  << "[\r][\n]"
12:54:47.819 [main] DEBUG org.apache.http.impl.conn.DefaultClientConnection -- Receiving response: HTTP/1.1 200 OK
12:54:47.819 [main] DEBUG org.apache.http.headers -- << HTTP/1.1 200 OK
12:54:47.819 [main] DEBUG org.apache.http.headers -- << Date: Sun, 16 Apr 2023 05:54:48 GMT
12:54:47.819 [main] DEBUG org.apache.http.headers -- << Content-Type: text/html; charset=utf-8
12:54:47.819 [main] DEBUG org.apache.http.headers -- << Transfer-Encoding: chunked
12:54:47.819 [main] DEBUG org.apache.http.headers -- << Connection: keep-alive
12:54:47.819 [main] DEBUG org.apache.http.headers -- << Access-Control-Allow-Origin: *
12:54:47.819 [main] DEBUG org.apache.http.headers -- << X-Powered-By: Express
12:54:47.819 [main] DEBUG org.apache.http.headers -- << CF-Cache-Status: DYNAMIC
12:54:47.819 [main] DEBUG org.apache.http.headers -- << Report-To: {"endpoints":[{"url":"https:\/\/a.nel.cloudflare.com\/report\/v3?s=R6UwYbFmPatqI%2FPtoPB7UksBCBBz1NQjB2K%2FLuV7XSnDwjLUn4U%2FoOm5mvi2OKc%2F9HCkr4P5Q%2FxZOZzmxYyvJY9fOaC3IM%2BzHA9fBXtc%2BkBwBD9Wi%2FVxlI0sZs3zjjVLU%2BXF"}],"group":"cf-nel","max_age":604800}
12:54:47.819 [main] DEBUG org.apache.http.headers -- << NEL: {"success_fraction":0,"report_to":"cf-nel","max_age":604800}
12:54:47.820 [main] DEBUG org.apache.http.headers -- << Server: cloudflare
12:54:47.820 [main] DEBUG org.apache.http.headers -- << CF-RAY: 7b8a2cf64b554649-SIN
12:54:47.820 [main] DEBUG org.apache.http.headers -- << Content-Encoding: gzip
12:54:47.820 [main] DEBUG org.apache.http.headers -- << alt-svc: h3=":443"; ma=86400, h3-29=":443"; ma=86400
12:54:47.820 [main] DEBUG org.apache.http.impl.client.DefaultHttpClient -- Connection can be kept alive indefinitely
12:54:47.821 [main] DEBUG io.restassured.internal.RestAssuredHttpBuilder -- Parsing response as: text/html; charset=utf-8
12:54:47.821 [main] DEBUG org.apache.http.wire --  << "9aa[\r][\n]"
12:54:47.821 [main] DEBUG org.apache.http.wire --  << "[0x1f][0x8b][0x8][0x0][0x0][0x0][0x0][0x0][0x0][0x3][0xb4]Yms[0xe3][0xb6][0x11][0xfe][0xae]_[0xb1][0xe1]M+[0xa9]1IK[0xee][0xd9][0x17][0x9f][0xc8][0x1b][0xc7]vrn/[0x89][0xe7]N[0xd7][0x99]N&s[0x3][0x11]K[0x12]6[0x8][0xb0][0x0]hYi[0xf2][0xdf];[0x0])[0x89][0xa4]$[0xfb].m[0xf5][0xc1]$[0x81][0xdd]g[0x17][0xfb][\n]"
12:54:47.821 [main] DEBUG org.apache.http.wire --  << "[0xc0][0xb3][0xaf][0xae]~[0xba][0x9c][0xff][0xf3][0xf6][0x1a]rS[0xf0]x0[0xb3][0xf][0xe0]Dd[0x91][0x87][0xc2][0xb3][0x3]Hh<[0x98][0x15]h[0x8]$9Q[0x1a]M[0xe4]}[0x9c][0xe7][0xbf][0xf2][0xd6][0xc3][0x82][0x14][0x18]y[0xf][0xc][0x97][0xa5]T[0xc6][0x83]D[\n]"
12:54:47.821 [main] DEBUG org.apache.http.wire --  << "[0x83][0xc2]D[0xde][0x92]Q[0x93]G[0x14][0x1f]X[0x82][0xbe][0xfb]8[0x2]&[0x98]a[0x84][0xfb]:![0x1c][0xa3]Ip[0xdc][0x83][0xa1][0xa8][0x13][0xc5]J[0xc3][0xa4]h!}G[0xee][0x11][0xb4][0x91][\n]"
12:54:47.822 [main] DEBUG org.apache.http.wire --  << "A[0xa1]6@J[0x6][0xa9]T[0xb0][0x92][0x95][0x2]LdQ[0xa0]J[0x10][0xa4][0x2][0x9d][0xcb][0xb2]d"[0x83]%.43[0x8][0xa5][0x92]F[0x9a]U[0x89]V[0x10]g[0xe2][0x1e][0x14][0xf2][0xc8][0xd3]f[0xc5]Q[0xe7][0x88][0xc6][0x83]\a[0x1a]y!e[0xda][0x84][0x5][0xd1][0x6]UP0[0x11]$Z[[0x1e][0xc3][0xc][0xc7][0xd8]i[0xf0][0xc1]ipq{3[0xb][0xeb][0xd1]6")K[0x8e][0xbe][0x91]U[0x92][0xfb],[0xb1][0xea]k[0xf6]+[0xea][0xc8][0x9b][0xbc]:~[0x9c][0xbc]:[0xde][0xc8][0xe9][0x13][0x6][0xa5][0xc8][0xba][0xca][0xd5][0xec]V[0xe9][0xc8]c[0x5][0xc9]0[0xb4]$k[0xbc][0x93][0xe9][0xe3][0xc9]t[0x83][0x96][0x92][0x7]K[0xee][0xbb][0xd1]/[0x85][0x9a][0x9c]>NNw[0xa0][0xdc][0xe8].TA[0x4]KQo[\r]f[0xed][0x1b],q[0xb1][0x99][0xe8][0x91][0xeb][0xfb][0xc6][0x10]kz[0x92][0x12][0xc5][0xfc][0x92][0x9][0x81][0xd4]7d[0x11][0xe8][0x87][0xcc]z[0x99]K[0x15]y/^.[0x16][0x84][0xbe][0xec][0xc5]C[0xa1][0xad][0xb9]XBlD[0xf8]s[0xc6][0xf1][0xd2][0x92][0xb7]b[0xe3][0xc5][0xab][0xe3]ir[0x8a]=>[0x93]c[0x81]~[0xd2][0xa7]M[0xdd]oC[*Y[0xa2]2[0xab][0xc8][0x93][0xd9]9[0x97]6&[[0xd4])[0xf9]t[0xf3][0xde][0x83]p/[0xb5][0xb][0xa9]V[0xac][0xd7][0xe1]v[0x90][0xda][0x86]K?[0xa0]7[0xe1]t[0x88][0xeb][0xff][0x98][0xc][0x7]$V[0x8a]w[0xc]p[0x8f]N[0x10])Y[0x90][0xc8][0xe2][0x10][0x97][0xc5][0xfe]d[0xed][0xfe][0xf4][\n]"
12:54:47.822 [main] DEBUG org.apache.http.wire --  << "[0x7][0xb3]z9@[0xf4]J$[0xa0]U[0x12]y[0xb9]1[0xa5]>[0xf][0xc3][0xe5]r[0x19]dRf[0x1c][\r][0xc9][\n]"
12:54:47.822 [main] DEBUG org.apache.http.wire --  << ""H[0x86][0xca][0x8a][0xc]3C[0xb2][0xf0]N[0xbf]a4[0xfa]x[0xe1]ON[0x8f]O&[0xaf]N[0xce][0xce][0xfc][0xa9][0x17][0xcf][0xc2][0x1a]/^[0x3][0xc7][0x3]h~K&[0xa8]\[0x6][0x94][0x18][0xf2][0x8e][0xac]PA[0xb4];[0xf4][0xdb]o[0xf0][0xf3]/[0xaf][0x7][0x1b][0x9e][0xb4][0x12][0x89]55X[0x91][0xa3]1[0xfc]{3c[0x1b][0xbe][0xa0][0xac]t>"*[0xab][\n]"
12:54:47.822 [main] DEBUG org.apache.http.wire --  << "[0x14]F[0x8f]_o[0xc8]~[0xdf][0xbc]9[0x84][0xe1][0x9d][0x1e][0x1e][0x81][0xc0]%\[0x11][0x83][0xa3][0xf1][0xb8]%[0xab]&H[0xa4]HY6<[0x82]awi[0xc3][0x6][0xb4][0xbd]@[[0xaf][0xb6][0xeb][0xb][0x8]Gez*[0xba][0x12]{[0xe][0x93][0xe3][0xe3]?[0xbd][0xee]"
12:54:47.823 [main] DEBUG org.apache.http.wire --  << "L[0x94][0x84]R&[0xb2]s[0x98][0xbc],[0x1f][0xbb]S[0xb][0x92][0xdc]gJV[0x82][0xd6][0xc9]r[0xe]M>u[0xc9][0xd6]si[0x9a]v'[0xc]>[0x1a][0x9f]p[0x96][0x89]sHP[0x18]Tm{[0xf4][0xf5]%=[0x8d][0xf][0xc2].[0xa4][0xa2][0xa8][0xfc][0x85]4F[0x16][0xe7]0)[0x1f][0x81][0x12][0x9d]#[0xdd]C[0xdb][0xac][0xae]M[0xbc]_[0x87][0x84]K[0x8d][0xfe]>[0xcb][0x95]R3[0xeb][0xfa]s [0xb]-yez[0xcb]W,[0xcb][0x8d][0xb5]l[0xdf]|F[0x96][0xfb][0x86][0x9f]Y[0xd7]9[0x8])z"de8[0x13][0xb8]oj[0xd7]GF[0x11][0xa1]K[0xa2]P[0x98].i*[0x85][0xf1]mq?[0x87])[0x16][0xbd][0xc8][0x9c][0x85]M[0x14]=[0x91][0x87]%[0xc9][0x90][0xd0]i[0x93][0x8b]z%hS{]2[0xd6][0xb3][0xe1][0x9d][0xe][0x9][0xd5][0x8b]UM[0x14][0xdc][0xe9]7[0x9]g6[0xeb][0x13][0xe2][0x97][0xd5][0xc2]?y5[0xf9][0xe6][0xf4]d[0xfa][0xea][0x9b][0xb3]o[0xce][0xce]^[0x9e][0x9d]y[0x90]([0xa9][0xb5]T,c"[0xf2][0x88][0x90]bU[0xc8]JwR8l[0xb6][0x1a][0xb]IW[0xf1]`F[0xd9][0x3]$[0x9c]h[0x1d]y[0xb6][0xa6][0x10]&P[0xd9][0xba]-[0xc8][0x83]%[0xaa][0x8c][0x91][0x2][0x18][0x8d][0xbc][0x2]EU[0xf7][0x19][0xbb][0xb0][0x92][0x8][0xb]j[0x1f][0xfd][0xaf][0xb0]f[0x8a][0x7]3[0xb2][0xee]H[0xde]Z[0x4][0x97][0x99][0xf4][0xe2][0x19]+[0xb2][0xda][0x1c][0xa1][0x5][0xd4][0xa1][0x1d][0xae][0x1b][0xe1],$[0xf1]`V[0xf1][0x8d][0xc8][0xba][0xd9][0xc5]-[0xac][0xf8][0xad],[0xd0][0xd2][0xcd]B[0xce][0xfa][0xb3]T&[0xda][0x8b][0xaf]d[0xa2][0xf]P[0xac][0x1d][0x90]1[0x93]W[0xb]g[0xed]{d[0xf7][0x84]<[0xc8]J[0xb3][0xd0][0x96]b[0xdf][0xd5]b[0x9f][0x94][0xcc][0x3]CTf[0xb7]b[0x9f][0x16][0x9c][0x88]{[0xaf]n[0xb9]B[0xca][0x12][0x5]*[0x10]Ra[0x8a]JY[0x93]}[0xcf][0xcc][0xdb]j[0xb1]#[0xb5][0xf][0xd0][0xd5][0x82]JA[0xc][0x6]-[\r]\[0xfd][0x8f][0xbf][0xad]VP [0x10]Hd[0x9a]"[0xd6]V[0xa9]a[0xc3][0xca]n [0xc3][0xda]?[0x5]a[0xc2][0x15]|[0xac]Kjcf%[0x97]^[0xdf][0xb7][0xdc]/[0xa8][\n]"
12:54:47.824 [main] DEBUG org.apache.http.wire --  << "L[0x18]%[0xdd][0x8e]s[0xb2][0xb3][0xd9][0xca]'[0xf1]`V[0xc6][0xd0][0xef]|[0x17][0xb7]7[0xad][0xce][0xe7]^[0xeb][0x9b][0x85]eW[0x85][0x85][0x11]n[0xa3]GZ[0x3][0xb0]0[0xc2][0xe7][0xd6]D[0xee][0xad]T[0xac] j[0xf5][0x5]f[0xff]C^[0x8d][0xff][0xc1]p[0x9]R@[0xed]3[0xd8][0x89][0xc7][0x6][0xc6]n[0x9b][0x9a][0x88]|Bi[0x8d][0x89][0x14][0xd4][0xa9][0xdd][0x9][0xc2][0xf7]H([0xd8]H[0xdc][0xc5]_Hy[0xdf]F[0xf]){[0xd8]>[0xe][0xba][0xcd]g[0x85][0xdb]+[0xf6][0xe1][0xdc]d[0xbd][0xc9][0xb][hMP[0xec][0x8f][0xf] [0xb]Y[0xb9][0xad]d~[0xb2][0x91][0xe6][0x1a]K[0xdd]f[0xa0][0x11]=[0x99]z[0xf1][0xf7]h[0xc0]0[0x85][0x14]d[\n]"
12:54:47.824 [main] DEBUG org.apache.http.wire --  << "[0xef][0xa4][0xc2][0x2]X[0xa9][0xab][0xc2]5[0xeb]7_[0xcd][0xc2][0xfc][0xe4][0xb3]p[0xae][0x18][0x15]Cc[0xc3][0x8]R&([0x10][0xb1][0x82]T![0xb6]c[0xea][0xe2][0xf6]f[0x83]X[0xee][0x3][0xf4][0xe2][0x81]u[0xa7][0xb][0xdb][0x8b][0x92][0x1][0xd3]@j[0x14])le[0x87][0xf7][0xd7][0x1f][0xe6].dMNja[0x9][0x11]Pi[0x84]e[0x8e][0x2][0x1f][0xd0][0x5]2[0x8]D[\n]"
12:54:47.824 [main] DEBUG org.apache.http.wire --  << "[0xb7][0x1a]+*}[0x85][0x84][0xbb][0xc5][0xec][0xb][0xf3][0xc1][0xbe]0_2[0x93][0xcb][0xca][0x80][0xaa][0x84][0xb0][0xe3]v)[0x1a][0xd5][0x3]*_3[0x8a][0x90]H[0x8a][0x1][0xdc][0x98][0xa1][0x6][0xb2]D-[0xb]t[0xd0][0x6]I[0x92][[0xfa][0xb2]R[0xa5][0xd4][0xa8][0x8f]@[0x93][0xa2][0xe4]5[0x83]>[0x1a][0x18][0xd4]F[0x1f][0x1][0x9a]$[0x18][0xd4][0x19][0xb4][0xcf][0x8d][0xb6]8[0x1a][0x1b]p[0xdd]|[0xcf][0xa7][0xeb][0x1][[0xe3][0x99][0xad][0xa7][0xd7][0x8f]5[0xfc][0xa5][0xa4]8[0xb][0xf3][0xa9][0xb5][0xaa][0xc2]xf[0xc5][0xc5])[0x9a]$[0x1f][\r][0xd7][0xc9][0xd3][0xdf][0x86][0x86][0xa5][0x92][0xb4]J[0x8c][0xe]'[0xc3]q[0xa7][0xfd][0x5]&G1R[0xa8][0xa3]X[0xa1][0xe][0xee][0xb4][0x14][0xa3][0xf1]>[0x12];[0x13][0xc5]6H%[0xc7][0x80][0xcb][0xcc][0x8d][0x8c][0xc7][0xb3][0xd0])0[0xb][0xad]2[0x9d]6[0xe3]t[0xfa][0xb4]0[0xc2][0xeb]g[0xdc][0xba]8[0xc4]s[0xb5][0x2]fZ}[0xa6]T[0xe8]x[0x15][0xea][0x8a][0x1b][0xaf]Y]O[0xc6][0xd3][0xe9]p[0xc0]|[0xef]Q[0xcb]J%[0xa8][0xd7][0xb6][0x8b][0xe7]9*[0x4][0xa2][0x10][0xfe][\n]"
12:54:47.825 [main] DEBUG org.apache.http.wire --  << "[0xb6][0xfa][0xda][\n]"
12:54:47.825 [main] DEBUG org.apache.http.wire --  << "Y[0x93][0xd4][0x11][0xc5][0xc4]6X6[0xb5]P[0xd7][0xae][0xac][0xf8][0xa6][0xf][0xb2][0xf5]1[0xae][0xd5][0xbb][0xd6][0xe6][0xf6][0xe2][0xdb][0xe6][0xcd]u[0x13][0xd7]V[0xa7][0xc7]Pn[0x6][0x9b]~[0xbb][0xdb][0xfd][0x12][0xa2],[0xfb]%Q[0xc6][0xb2]N[0x8f][0xc1][0x8e][0x0]3X[0xec]#[0xaf]4*[0xed][0xc5][0x1f][0xed][0xc3][0xd2]O[0x8e][0xa1][0xaa][0xdf]{[0xb4][0xf1];[0x99]1[0x1]sy[0x8f]b[0xa3][0xd3][0xc6]?[0x84]f[0xe8][0xc5]?[0xe2][0xf2][0xab][0xae]ju[0xa7][0xea][0xb6][0xe6][0x83]Nu%[0xf9][\n]"
12:54:47.825 [main] DEBUG org.apache.http.wire --  << "[\r]a\[0xdb][0xd2][0xbc]n[0xe1][0xd4]q[0xb2]2-[0xaf]]p[0xe]o[0xe7][0xf3][([0xd0][0xe4][0x92]j[0xe7]@][0x95][0xf6]&[0x5][0xe9]S[0xde]q[0xb][0xfa][0xfe]z[0xbe]^[0xda][0x1e]o[0x85]e[0xdb]][[0xdb]=[0xcb][0x1a]NZ[0xcc][0xe1][0xe4][0x8b][0xd9][0x13]b0[0x93][0x8a]a[[0x89][0xd6][0xe8][0x1f][0x5]\[0x85]w[0xb8]D[0x8e][0xd6]/OL~.[0xbc][0x8d][0xc1]76[0xb0]nhdW[0xdc][0xf9][0xfe]R[0x1d][0xdf]pV0[0x13][0xbd]li[0xb6][0x1e][0xda][0x7]u[0xfb][0xd3][0x87]5V[0xcb]M=[0x9a][0x8f];$[0xd6][0x19]=[0xa2][0x8b][0xf9][0xe5][0xdb][0xe7][0xc9][0xae][0xae][0xdf]][0xcf][0xaf][0xf][0xd2][0xfd][0xcf]S[0xa2]s"[0xe7]h`[0xa9]HY[0xba][0x83]8[0x95][0x89];:[0x7][0xff][0xaa]P[0xad]> [0xc7][0xc4]H5[0x1a][0xbe][0xa8][0xcb][0xa4][0xeb]8M][0xb7][0x8c]\[0xba][0xd4]i3&[\n]"
12:54:47.825 [main] DEBUG org.apache.http.wire --  << "[0x89][0xc1]k[0x8e][0xf6]k4[0xb4]kZ3[0xd4][0xc4][0x81]S[0xfd]GR D[0xe0]5[0x83]^}[0x14][0xdc][0xa0]dh[0x1a][0x88]oW7t[0xd4][0xaa][0xf0][0xe3][0x80]Pz[0xfd][0x80][0xc2][0xbc]c[0xda][0xd8][0xad][0xdd]h[0x98]p[0x96][0xdc][0xf][0x8f][0xb6][0xb7][0x4][0x9d][0x1b][0x82]fu[0x81][0xfd]+[0xe8]e[0xce]8[0x1d]5b[0xb7][0xed][0xe7][0xbf]ok[0x10][0xc5][0xf0]|c[0xb3]T[0xdd][0xf3]m[E{b[0xbf][0xac]oi [0x82][0xbf]}[0xf8][0xe9][0xc7]@[0x1b][0xc5]D[0xc6][0xd2][0x95]c?[0x82]JPL[0x99]@z[0x4][0xd3][0xae][0x90][0xdf][0xeb][0xcf][0xdf][0xc7][0x83][0xf6][0xc9][0xad][0xde][0xed][0xaf][0xf7]w[0xa9][0x94][0x6]"
12:54:47.827 [main] DEBUG org.apache.http.wire --  << "[0x95]+o?[0x10]ZoI[0xa0]S[0x99]s$[0xca]x[0xf1][0x9f][0xdd]S[0xbf]n[0xa2][0x12][0x16]+[0xd8]s0[0xf9][0xdc]-[0xf6][0xce]Y[0xe5][0x7][0x99][0x93][0xa2] [0xf4]=[0xfe]J[0xe0][0xef]v[0xd6]M[0xd6][0xd9]X[0xb6][0xc2][0xfd][0x99]C[0xcf][0x8e]F[0xcd]*j[0xf2]}[0xfb][0xde][0xfa]p[0xb4][0xd9][0xf8][0xee]?4m[0xcc][0xd4][0x1c][0xc6]k[0x80];[0x1d][0x96][0x92][0xaf]R[0xc6][0xb9][0xbb][0x84][0xbe][0xd3][0x7][0xef][0xb9]lrXy[0xed][0xcc][0xe8][0xc7][0xf4][0xf6]p[0xbc]M(;[0xf6][0x1c][0x8f]7~&YZ[0xc0][0x9f][0x95],[0xd8][0xce][0x16]w[0xeb][0xed][0xac]hY[0x2]#[0xb3][0x8c][0xe3][0xc8][0xb3].[0xf6][0xb6][0xf1]fE<O[0xb5][0xd1][0xd0][0xde][0x1b][0xec]!O[0xd9][0xe3]>[0xea][0xf5]K[0xb3][0xa8]=[0x8c][0x16][0xcf][0xdf]rwC[0xbe][0xed][0x87]0tf[0xad][0xa3][0xe4]B$[0xb9]TO[0x99][0xd7][0xee][0x8f][0x1b][0xeb][0xba][0xf2][0xc6][0xc4][0xbd]>X[0x15]/8[0x1f]y[0xe4]g[0x1b][0xa7][0x89][0x86]/[0x86][0xbf][0xac]Y[0xed][0xa6]}[0xe4]"[0x0]"8~[\r][0xc]f5T[0xc0]Qd&[\r][0xec][0xeb][0xaf][0xdb]6w[0x93]?[0xb3]_[0xbe][0xdc][[0xf6][0x87]A[0xa9][0xd0]r]aJ*nF[0xe3]Ag[0xde]j[0x92][0x13][0x9d]C[0xb4][0x15]d[0xbf]w[0x88][0xe]Y[0xa9][0xdb][0xb],[0xeb][0xb8]w[0xa3][0xb6][0xdd][0xaa][0xdb][0xd9][0xa3][0xe]R [0xd3]T[0xa3][0x99][0xcb][0xf2]h}[0xcf][0xab][0x13]%9[0xff]gO[0xcf][0xce][0xe4]\[0x8e]v[0xcb][0xa4][0xbb][0xd1][0xdb][0x8f][\r]_[0xc3][0xe9][0xf4][0xf8]h[0x87]e[0x81]9y`[0xf6]^n[0xa8][0xb])M>[0xec][0xd5][0xcc][0xd6][0xc5][0xef][0xba][0x80][0xd6]#vU[0x6][0xdc][0xbd][0xe4][0xa7][0xfa]^[0xf2]p[0xe0][0xc][dM[0xa8][0xd9][0xeb]:[0xf4]<[0x9b]n[\r][0xb0][0x85]|".F[0xe3]nGi[0x3][0x5][0xee]J1[0xa0]L[0x97][0x9c][0xac] [0x82][0xa1][0xbd][0xbf][0x1c][0xee][0xeb][0x12][0xcd][0xc5]^[0xe8][0xfe][0xd5][0xf8][0x1f][0x0][0x0][0x0][0xff][0xff][0x3][0x0][0x1e][0xd8][0x10][0x9d]z[0x1c][0x0][0x0]"
12:54:47.827 [main] DEBUG org.apache.http.wire --  << "[\r][\n]"
12:54:47.828 [main] DEBUG org.apache.http.wire --  << "0[\r][\n]"
12:54:47.829 [main] DEBUG org.apache.http.wire --  << "[\r][\n]"
12:54:47.829 [main] DEBUG io.restassured.internal.RestAssuredHttpBuilder -- Parsed data to instance of: class org.apache.http.conn.EofSensorInputStream
12:54:47.837 [main] DEBUG org.apache.http.impl.conn.BasicClientConnectionManager -- Releasing connection org.apache.http.impl.conn.ManagedClientConnectionImpl@70e54ec3
12:54:47.837 [main] DEBUG org.apache.http.impl.conn.BasicClientConnectionManager -- Connection can be kept alive indefinitely
12:54:48.374 [main] DEBUG net.thucydides.core.steps.StepInterceptor -- STEP DONE: I set the limit desc for GET the cart
  &amp#27;[32mWhen &amp#27;[0m&amp#27;[32mI send request with Limit Get&amp#27;[0m          &amp#27;[90m# starter.stepdefinition.CartSteps.sendRequestLimitGetCart()&amp#27;[0m
12:54:48.396 [main] DEBUG net.thucydides.core.steps.StepInterceptor -- STARTING STEP: CartSteps.receiveCartList - I receive 200 code response
12:54:48.401 [main] DEBUG net.thucydides.core.steps.StepInterceptor -- STEP DONE: I receive 200 code response
  &amp#27;[32mThen &amp#27;[0m&amp#27;[32mI receive the cart list with desc&amp#27;[0m      &amp#27;[90m# starter.stepdefinition.CartSteps.receiveCartList()&amp#27;[0m
12:54:48.414 [main] DEBUG net.thucydides.core.steps.StepInterceptor -- STARTING STEP: CartSteps.verified200GetCartShort - I got the carts with limit I set
I Got list of everi desc cart
12:54:48.415 [main] DEBUG net.thucydides.core.steps.StepInterceptor -- STEP DONE: I got the carts with limit I set
  &amp#27;[32mAnd &amp#27;[0m&amp#27;[32mI got verified code success 200&amp#27;[0m         &amp#27;[90m# starter.stepdefinition.CartSteps.verified200GetCartShort()&amp#27;[0m
12:54:48.424 [main] INFO  -- 
  _____   ___   ___   _____     ___     _     ___   ___   ___   ___  
 |_   _| | __| / __| |_   _|   | _ \   /_\   / __| / __| | __| |   \ 
   | |   | _|  \__ \   | |     |  _/  / _ \  \__ \ \__ \ | _|  | |) |
   |_|   |___| |___/   |_|     |_|   /_/ \_\ |___/ |___/ |___| |___/ 

Short Result by Desc GET Cart
----------------------------------------------------------------------
]]></system-out>
  </testcase>
  <testcase name="PUT new add product for any cart" classname="CART of product" time="1.349">
    <system-out><![CDATA[
Scenario: PUT new add product for any cart    &amp#27;[90m# src/test/resources/features/Cart.feature:23&amp#27;[0m
12:54:48.457 [main] DEBUG io.cucumber.core.plugin.SerenityReporter -- Running feature from file:///D:/Intelij/REST%20API/fakestoreapi/src/test/resources/features/Cart.feature
12:54:48.473 [main] INFO  -- 
  _____   ___   ___   _____     ___   _____     _     ___   _____   ___   ___  
 |_   _| | __| / __| |_   _|   / __| |_   _|   /_\   | _ \ |_   _| | __| |   \ 
   | |   | _|  \__ \   | |     \__ \   | |    / _ \  |   /   | |   | _|  | |) |
   |_|   |___| |___/   |_|     |___/   |_|   /_/ \_\ |_|_\   |_|   |___| |___/ 

PUT new add product for any cart(cart-of-product;put-new-add-product-for-any-cart)
--------------------------------------------------------------------------------
12:54:48.549 [main] DEBUG net.thucydides.core.steps.StepInterceptor -- STARTING STEP: CartSteps.setEndpointPUTNewcart - Set the cart PUT api endpoint
12:54:48.550 [main] DEBUG net.thucydides.core.steps.StepInterceptor -- STEP DONE: Set the cart PUT api endpoint
  &amp#27;[32mGiven &amp#27;[0m&amp#27;[32mSet the cart PUT api endpoint&amp#27;[0m         &amp#27;[90m# starter.stepdefinition.CartSteps.setEndpointPUTNewcart()&amp#27;[0m
12:54:48.620 [main] DEBUG net.thucydides.core.steps.StepInterceptor -- STARTING STEP: CartSteps.sendRequestPutNewCart - I send request PUT to add product cart
12:54:48.639 [Finalizer] DEBUG org.apache.http.impl.conn.DefaultClientConnection -- Connection 0.0.0.0:50989<->104.21.3.149:443 closed
12:54:48.707 [main] DEBUG net.thucydides.core.steps.StepInterceptor -- STARTING STEP: PutProductCart.sendRequestUpdateCART - Set the cart PUT api endpoint
12:54:48.708 [main] DEBUG net.thucydides.core.steps.StepInterceptor -- STEP DONE: Set the cart PUT api endpoint
12:54:48.885 [main] DEBUG org.apache.http.impl.conn.BasicClientConnectionManager -- Get connection for route {s}->https://fakestoreapi.com:443
12:54:48.886 [main] DEBUG org.apache.http.impl.conn.DefaultClientConnectionOperator -- Connecting to fakestoreapi.com:443
12:54:49.153 [main] DEBUG org.apache.http.client.protocol.RequestAddCookies -- CookieSpec selected: ignoreCookies
12:54:49.153 [main] DEBUG org.apache.http.client.protocol.RequestAuthCache -- Auth cache not set in the context
12:54:49.153 [main] DEBUG org.apache.http.client.protocol.RequestTargetAuthentication -- Target auth state: UNCHALLENGED
12:54:49.153 [main] DEBUG org.apache.http.client.protocol.RequestProxyAuthentication -- Proxy auth state: UNCHALLENGED
12:54:49.153 [main] DEBUG org.apache.http.impl.client.DefaultHttpClient -- Attempt 1 to execute request
12:54:49.153 [main] DEBUG org.apache.http.impl.conn.DefaultClientConnection -- Sending request: PUT /carts/2 HTTP/1.1
12:54:49.153 [main] DEBUG org.apache.http.wire --  >> "PUT /carts/2 HTTP/1.1[\r][\n]"
12:54:49.154 [main] DEBUG org.apache.http.wire --  >> "Accept: */*[\r][\n]"
12:54:49.154 [main] DEBUG org.apache.http.wire --  >> "Content-Type: application/json[\r][\n]"
12:54:49.154 [main] DEBUG org.apache.http.wire --  >> "Content-Length: 77[\r][\n]"
12:54:49.154 [main] DEBUG org.apache.http.wire --  >> "Host: fakestoreapi.com[\r][\n]"
12:54:49.154 [main] DEBUG org.apache.http.wire --  >> "Connection: Keep-Alive[\r][\n]"
12:54:49.154 [main] DEBUG org.apache.http.wire --  >> "User-Agent: Apache-HttpClient/4.5.13 (Java/20)[\r][\n]"
12:54:49.154 [main] DEBUG org.apache.http.wire --  >> "Accept-Encoding: gzip,deflate[\r][\n]"
12:54:49.154 [main] DEBUG org.apache.http.wire --  >> "[\r][\n]"
12:54:49.154 [main] DEBUG org.apache.http.headers -- >> PUT /carts/2 HTTP/1.1
12:54:49.155 [main] DEBUG org.apache.http.headers -- >> Accept: */*
12:54:49.155 [main] DEBUG org.apache.http.headers -- >> Content-Type: application/json
12:54:49.155 [main] DEBUG org.apache.http.headers -- >> Content-Length: 77
12:54:49.155 [main] DEBUG org.apache.http.headers -- >> Host: fakestoreapi.com
12:54:49.155 [main] DEBUG org.apache.http.headers -- >> Connection: Keep-Alive
12:54:49.155 [main] DEBUG org.apache.http.headers -- >> User-Agent: Apache-HttpClient/4.5.13 (Java/20)
12:54:49.155 [main] DEBUG org.apache.http.headers -- >> Accept-Encoding: gzip,deflate
12:54:49.156 [main] DEBUG org.apache.http.wire --  >> "{"date":"2019-12-10","products.productId":1,"products.quantity":3,"userId":3}"
12:54:49.601 [main] DEBUG org.apache.http.wire --  << "HTTP/1.1 200 OK[\r][\n]"
12:54:49.602 [main] DEBUG org.apache.http.wire --  << "Date: Sun, 16 Apr 2023 05:54:49 GMT[\r][\n]"
12:54:49.602 [main] DEBUG org.apache.http.wire --  << "Content-Type: application/json; charset=utf-8[\r][\n]"
12:54:49.602 [main] DEBUG org.apache.http.wire --  << "Content-Length: 39[\r][\n]"
12:54:49.602 [main] DEBUG org.apache.http.wire --  << "Connection: keep-alive[\r][\n]"
12:54:49.602 [main] DEBUG org.apache.http.wire --  << "Access-Control-Allow-Origin: *[\r][\n]"
12:54:49.603 [main] DEBUG org.apache.http.wire --  << "Etag: W/"27-HoorUC75HrnUGoVosq+23JsEy+g"[\r][\n]"
12:54:49.603 [main] DEBUG org.apache.http.wire --  << "X-Powered-By: Express[\r][\n]"
12:54:49.603 [main] DEBUG org.apache.http.wire --  << "CF-Cache-Status: DYNAMIC[\r][\n]"
12:54:49.605 [main] DEBUG org.apache.http.wire --  << "Report-To: {"endpoints":[{"url":"https:\/\/a.nel.cloudflare.com\/report\/v3?s=%2BWzw2MyKO3rTpt1cIRoS5e3HVSeTtLAIc8H%2F7vI46ZHSNrTJVcQ9MhvDmyQSG8KW%2BgoxHaxAuEM97hgOhV43bmOJy%2BP8nPkDDFBdni34msHalTaDrokPJst3OY6voz8LsHSh"}],"group":"cf-nel","max_age":604800}[\r][\n]"
12:54:49.605 [main] DEBUG org.apache.http.wire --  << "NEL: {"success_fraction":0,"report_to":"cf-nel","max_age":604800}[\r][\n]"
12:54:49.605 [main] DEBUG org.apache.http.wire --  << "Server: cloudflare[\r][\n]"
12:54:49.606 [main] DEBUG org.apache.http.wire --  << "CF-RAY: 7b8a2d03e8643fb1-SIN[\r][\n]"
12:54:49.606 [main] DEBUG org.apache.http.wire --  << "alt-svc: h3=":443"; ma=86400, h3-29=":443"; ma=86400[\r][\n]"
12:54:49.606 [main] DEBUG org.apache.http.wire --  << "[\r][\n]"
12:54:49.607 [main] DEBUG org.apache.http.impl.conn.DefaultClientConnection -- Receiving response: HTTP/1.1 200 OK
12:54:49.607 [main] DEBUG org.apache.http.headers -- << HTTP/1.1 200 OK
12:54:49.607 [main] DEBUG org.apache.http.headers -- << Date: Sun, 16 Apr 2023 05:54:49 GMT
12:54:49.607 [main] DEBUG org.apache.http.headers -- << Content-Type: application/json; charset=utf-8
12:54:49.607 [main] DEBUG org.apache.http.headers -- << Content-Length: 39
12:54:49.607 [main] DEBUG org.apache.http.headers -- << Connection: keep-alive
12:54:49.608 [main] DEBUG org.apache.http.headers -- << Access-Control-Allow-Origin: *
12:54:49.608 [main] DEBUG org.apache.http.headers -- << Etag: W/"27-HoorUC75HrnUGoVosq+23JsEy+g"
12:54:49.609 [main] DEBUG org.apache.http.headers -- << X-Powered-By: Express
12:54:49.609 [main] DEBUG org.apache.http.headers -- << CF-Cache-Status: DYNAMIC
12:54:49.609 [main] DEBUG org.apache.http.headers -- << Report-To: {"endpoints":[{"url":"https:\/\/a.nel.cloudflare.com\/report\/v3?s=%2BWzw2MyKO3rTpt1cIRoS5e3HVSeTtLAIc8H%2F7vI46ZHSNrTJVcQ9MhvDmyQSG8KW%2BgoxHaxAuEM97hgOhV43bmOJy%2BP8nPkDDFBdni34msHalTaDrokPJst3OY6voz8LsHSh"}],"group":"cf-nel","max_age":604800}
12:54:49.609 [main] DEBUG org.apache.http.headers -- << NEL: {"success_fraction":0,"report_to":"cf-nel","max_age":604800}
12:54:49.609 [main] DEBUG org.apache.http.headers -- << Server: cloudflare
12:54:49.609 [main] DEBUG org.apache.http.headers -- << CF-RAY: 7b8a2d03e8643fb1-SIN
12:54:49.609 [main] DEBUG org.apache.http.headers -- << alt-svc: h3=":443"; ma=86400, h3-29=":443"; ma=86400
12:54:49.611 [main] DEBUG org.apache.http.impl.client.DefaultHttpClient -- Connection can be kept alive indefinitely
12:54:49.611 [main] DEBUG io.restassured.internal.RestAssuredHttpBuilder -- Parsing response as: application/json; charset=utf-8
12:54:49.611 [main] DEBUG io.restassured.internal.RestAssuredHttpBuilder -- Parsed data to instance of: class org.apache.http.conn.EofSensorInputStream
12:54:49.618 [main] DEBUG org.apache.http.wire --  << "{"id":2,"userId":3,"date":"2019-12-10"}"
12:54:49.619 [main] DEBUG org.apache.http.impl.conn.BasicClientConnectionManager -- Releasing connection org.apache.http.impl.conn.ManagedClientConnectionImpl@2ffcdc9b
12:54:49.619 [main] DEBUG org.apache.http.impl.conn.BasicClientConnectionManager -- Connection can be kept alive indefinitely
12:54:49.622 [main] DEBUG net.thucydides.core.steps.StepInterceptor -- STEP DONE: I send request PUT to add product cart
  &amp#27;[32mWhen &amp#27;[0m&amp#27;[32mI send request PUT to add product cart&amp#27;[0m &amp#27;[90m# starter.stepdefinition.CartSteps.sendRequestPutNewCart()&amp#27;[0m
12:54:49.641 [main] DEBUG net.thucydides.core.steps.StepInterceptor -- STARTING STEP: CartSteps.receive200PutNewCart - I receive Http response 200
12:54:49.645 [main] DEBUG net.thucydides.core.steps.StepInterceptor -- STEP DONE: I receive Http response 200
  &amp#27;[32mThen &amp#27;[0m&amp#27;[32mI receive Http response 200&amp#27;[0m            &amp#27;[90m# starter.stepdefinition.CartSteps.receive200PutNewCart()&amp#27;[0m
12:54:49.659 [main] DEBUG net.thucydides.core.steps.StepInterceptor -- STARTING STEP: CartSteps.accessCartPutUpdate - I try to access that cart update
12:54:49.764 [main] DEBUG net.thucydides.core.steps.StepInterceptor -- STEP DONE: I try to access that cart update
  &amp#27;[32mAnd &amp#27;[0m&amp#27;[32mI try to access that cart update&amp#27;[0m        &amp#27;[90m# starter.stepdefinition.CartSteps.accessCartPutUpdate()&amp#27;[0m
12:54:49.772 [main] INFO  -- 
  _____   ___   ___   _____     ___     _     ___   ___   ___   ___  
 |_   _| | __| / __| |_   _|   | _ \   /_\   / __| / __| | __| |   \ 
   | |   | _|  \__ \   | |     |  _/  / _ \  \__ \ \__ \ | _|  | |) |
   |_|   |___| |___/   |_|     |_|   /_/ \_\ |___/ |___/ |___| |___/ 

PUT new add product for any cart
----------------------------------------------------------------------
]]></system-out>
  </testcase>
  <testcase name="POST valid username and password to Login" classname="LOGIN for admin fakestoreapi" time="1.375">
    <system-out><![CDATA[12:54:49.782 [main] DEBUG io.cucumber.core.plugin.SerenityReporter -- Running feature from file:///D:/Intelij/REST%20API/fakestoreapi/src/test/resources/features/Login.feature
12:54:49.795 [main] DEBUG net.thucydides.core.steps.StepEventBus -- Test suite started for story net.thucydides.core.model.Story@36e8cfbd
12:54:49.797 [main] INFO  -- Test Suite Started: LOGIN for admin fakestoreapi

Scenario: POST valid username and password to Login &amp#27;[90m# src/test/resources/features/Login.feature:5&amp#27;[0m
12:54:49.845 [main] DEBUG io.cucumber.core.plugin.SerenityReporter -- Running feature from file:///D:/Intelij/REST%20API/fakestoreapi/src/test/resources/features/Login.feature
12:54:49.868 [main] INFO  -- 
  _____   ___   ___   _____     ___   _____     _     ___   _____   ___   ___  
 |_   _| | __| / __| |_   _|   / __| |_   _|   /_\   | _ \ |_   _| | __| |   \ 
   | |   | _|  \__ \   | |     \__ \   | |    / _ \  |   /   | |   | _|  | |) |
   |_|   |___| |___/   |_|     |___/   |_|   /_/ \_\ |_|_\   |_|   |___| |___/ 

POST valid username and password to Login(login-for-admin-fakestoreapi;post-valid-username-and-password-to-login)
--------------------------------------------------------------------------------
12:54:49.987 [main] DEBUG net.thucydides.core.steps.StepInterceptor -- STARTING STEP: LoginSteps.setPOSTLoginEndpoint - I am set the POST Api for login endpoint
12:54:49.987 [main] DEBUG net.thucydides.core.steps.StepInterceptor -- STEP DONE: I am set the POST Api for login endpoint
  &amp#27;[32mGiven &amp#27;[0m&amp#27;[32mI am set the POST Api for login endpoint&amp#27;[0m    &amp#27;[90m# starter.stepdefinition.LoginSteps.setPOSTLoginEndpoint()&amp#27;[0m
12:54:49.999 [main] DEBUG net.thucydides.core.steps.StepInterceptor -- STARTING STEP: LoginSteps.httpRequestPostLogin - I send HTTP request POST for login
12:54:50.006 [main] DEBUG net.thucydides.core.steps.StepInterceptor -- STARTING STEP: PostLogin.sendRequestPostLogin - I am set the POST Api for login endpoint
12:54:50.006 [main] DEBUG net.thucydides.core.steps.StepInterceptor -- STEP DONE: I am set the POST Api for login endpoint
12:54:50.062 [main] DEBUG org.apache.http.impl.conn.BasicClientConnectionManager -- Get connection for route {s}->https://fakestoreapi.com:443
12:54:50.062 [main] DEBUG org.apache.http.impl.conn.DefaultClientConnectionOperator -- Connecting to fakestoreapi.com:443
12:54:50.240 [main] DEBUG org.apache.http.client.protocol.RequestAddCookies -- CookieSpec selected: ignoreCookies
12:54:50.240 [main] DEBUG org.apache.http.client.protocol.RequestAuthCache -- Auth cache not set in the context
12:54:50.240 [main] DEBUG org.apache.http.client.protocol.RequestTargetAuthentication -- Target auth state: UNCHALLENGED
12:54:50.241 [main] DEBUG org.apache.http.client.protocol.RequestProxyAuthentication -- Proxy auth state: UNCHALLENGED
12:54:50.241 [main] DEBUG org.apache.http.impl.client.DefaultHttpClient -- Attempt 1 to execute request
12:54:50.241 [main] DEBUG org.apache.http.impl.conn.DefaultClientConnection -- Sending request: POST /auth/login HTTP/1.1
12:54:50.241 [main] DEBUG org.apache.http.wire --  >> "POST /auth/login HTTP/1.1[\r][\n]"
12:54:50.241 [main] DEBUG org.apache.http.wire --  >> "Accept: */*[\r][\n]"
12:54:50.241 [main] DEBUG org.apache.http.wire --  >> "Content-Type: application/json[\r][\n]"
12:54:50.241 [main] DEBUG org.apache.http.wire --  >> "Content-Length: 43[\r][\n]"
12:54:50.241 [main] DEBUG org.apache.http.wire --  >> "Host: fakestoreapi.com[\r][\n]"
12:54:50.241 [main] DEBUG org.apache.http.wire --  >> "Connection: Keep-Alive[\r][\n]"
12:54:50.241 [main] DEBUG org.apache.http.wire --  >> "User-Agent: Apache-HttpClient/4.5.13 (Java/20)[\r][\n]"
12:54:50.241 [main] DEBUG org.apache.http.wire --  >> "Accept-Encoding: gzip,deflate[\r][\n]"
12:54:50.241 [main] DEBUG org.apache.http.wire --  >> "[\r][\n]"
12:54:50.241 [main] DEBUG org.apache.http.headers -- >> POST /auth/login HTTP/1.1
12:54:50.242 [main] DEBUG org.apache.http.headers -- >> Accept: */*
12:54:50.242 [main] DEBUG org.apache.http.headers -- >> Content-Type: application/json
12:54:50.242 [main] DEBUG org.apache.http.headers -- >> Content-Length: 43
12:54:50.242 [main] DEBUG org.apache.http.headers -- >> Host: fakestoreapi.com
12:54:50.242 [main] DEBUG org.apache.http.headers -- >> Connection: Keep-Alive
12:54:50.242 [main] DEBUG org.apache.http.headers -- >> User-Agent: Apache-HttpClient/4.5.13 (Java/20)
12:54:50.242 [main] DEBUG org.apache.http.headers -- >> Accept-Encoding: gzip,deflate
12:54:50.242 [main] DEBUG org.apache.http.wire --  >> "{"password":"83r5^_","username":"mor_2314"}"
12:54:51.143 [main] DEBUG org.apache.http.wire --  << "HTTP/1.1 200 OK[\r][\n]"
12:54:51.143 [main] DEBUG org.apache.http.wire --  << "Date: Sun, 16 Apr 2023 05:54:51 GMT[\r][\n]"
12:54:51.143 [main] DEBUG org.apache.http.wire --  << "Content-Type: application/json; charset=utf-8[\r][\n]"
12:54:51.143 [main] DEBUG org.apache.http.wire --  << "Transfer-Encoding: chunked[\r][\n]"
12:54:51.143 [main] DEBUG org.apache.http.wire --  << "Connection: keep-alive[\r][\n]"
12:54:51.143 [main] DEBUG org.apache.http.wire --  << "Access-Control-Allow-Origin: *[\r][\n]"
12:54:51.143 [main] DEBUG org.apache.http.wire --  << "Etag: W/"98-94D12NMHQ+Sqm4melEi8PTqtDFA"[\r][\n]"
12:54:51.143 [main] DEBUG org.apache.http.wire --  << "X-Powered-By: Express[\r][\n]"
12:54:51.143 [main] DEBUG org.apache.http.wire --  << "CF-Cache-Status: DYNAMIC[\r][\n]"
12:54:51.143 [main] DEBUG org.apache.http.wire --  << "Report-To: {"endpoints":[{"url":"https:\/\/a.nel.cloudflare.com\/report\/v3?s=hXejJ1YdhTitRRsfqFdUxFeOera04qWMqAm4pW4pe%2FK%2BeBg7N8q0c6eqDWiIRRrl6lgsVjkUJv0j%2FJDydIl5WZev8BtjWKECWYex9BKpuRAXXefSZwx86wxWNhLgel1D9qQu"}],"group":"cf-nel","max_age":604800}[\r][\n]"
12:54:51.143 [main] DEBUG org.apache.http.wire --  << "NEL: {"success_fraction":0,"report_to":"cf-nel","max_age":604800}[\r][\n]"
12:54:51.143 [main] DEBUG org.apache.http.wire --  << "Server: cloudflare[\r][\n]"
12:54:51.143 [main] DEBUG org.apache.http.wire --  << "CF-RAY: 7b8a2d0a999a3e19-SIN[\r][\n]"
12:54:51.143 [main] DEBUG org.apache.http.wire --  << "Content-Encoding: gzip[\r][\n]"
12:54:51.144 [main] DEBUG org.apache.http.wire --  << "alt-svc: h3=":443"; ma=86400, h3-29=":443"; ma=86400[\r][\n]"
12:54:51.144 [main] DEBUG org.apache.http.wire --  << "[\r][\n]"
12:54:51.144 [main] DEBUG org.apache.http.impl.conn.DefaultClientConnection -- Receiving response: HTTP/1.1 200 OK
12:54:51.144 [main] DEBUG org.apache.http.headers -- << HTTP/1.1 200 OK
12:54:51.144 [main] DEBUG org.apache.http.headers -- << Date: Sun, 16 Apr 2023 05:54:51 GMT
12:54:51.144 [main] DEBUG org.apache.http.headers -- << Content-Type: application/json; charset=utf-8
12:54:51.144 [main] DEBUG org.apache.http.headers -- << Transfer-Encoding: chunked
12:54:51.144 [main] DEBUG org.apache.http.headers -- << Connection: keep-alive
12:54:51.144 [main] DEBUG org.apache.http.headers -- << Access-Control-Allow-Origin: *
12:54:51.144 [main] DEBUG org.apache.http.headers -- << Etag: W/"98-94D12NMHQ+Sqm4melEi8PTqtDFA"
12:54:51.144 [main] DEBUG org.apache.http.headers -- << X-Powered-By: Express
12:54:51.144 [main] DEBUG org.apache.http.headers -- << CF-Cache-Status: DYNAMIC
12:54:51.144 [main] DEBUG org.apache.http.headers -- << Report-To: {"endpoints":[{"url":"https:\/\/a.nel.cloudflare.com\/report\/v3?s=hXejJ1YdhTitRRsfqFdUxFeOera04qWMqAm4pW4pe%2FK%2BeBg7N8q0c6eqDWiIRRrl6lgsVjkUJv0j%2FJDydIl5WZev8BtjWKECWYex9BKpuRAXXefSZwx86wxWNhLgel1D9qQu"}],"group":"cf-nel","max_age":604800}
12:54:51.144 [main] DEBUG org.apache.http.headers -- << NEL: {"success_fraction":0,"report_to":"cf-nel","max_age":604800}
12:54:51.144 [main] DEBUG org.apache.http.headers -- << Server: cloudflare
12:54:51.144 [main] DEBUG org.apache.http.headers -- << CF-RAY: 7b8a2d0a999a3e19-SIN
12:54:51.144 [main] DEBUG org.apache.http.headers -- << Content-Encoding: gzip
12:54:51.144 [main] DEBUG org.apache.http.headers -- << alt-svc: h3=":443"; ma=86400, h3-29=":443"; ma=86400
12:54:51.145 [main] DEBUG org.apache.http.impl.client.DefaultHttpClient -- Connection can be kept alive indefinitely
12:54:51.145 [main] DEBUG io.restassured.internal.RestAssuredHttpBuilder -- Parsing response as: application/json; charset=utf-8
12:54:51.145 [main] DEBUG org.apache.http.wire --  << "a7[\r][\n]"
12:54:51.145 [main] DEBUG org.apache.http.wire --  << "[0x1f][0x8b][0x8][0x0][0x0][0x0][0x0][0x0][0x0][0x3][0x14][0xcb][0xbb][0xe][0x82]0[0x14][0x0][0xd0][0xe9][0xae]A[0x5][0xc][0x8e][0xd6][0xa0][0xb7][0xa4]%(`[0xcb]b[0x4]j(O#[0xc][0xb4][0xc6]7[0xcc]'[0xe7][0x8b][0xa6][0xa1][0x91]=: [0xa9]I[0x95][0x9f][0xb][0x15]*[0x2][0x89][0x81][\r]S0Bu[\n]"
12:54:51.145 [main] DEBUG org.apache.http.wire --  << "[0xc].4o[0x9e]b[0xe2][0xad][0xa5]&[0xa6][0xbc][0x83][\n]"
12:54:51.145 [main] DEBUG org.apache.http.wire --  << "[0xeb][0x5]S[0x93]qX[0xc2][0x94][0xef][0xc8][0x8b][0xd6]tf[0x18]F[0xe8][0xda][0xaa][0xc4][0xe0][0xd2]X[0xd8]4[0x16][0x9a][0x9d]"[0x87]rk[0x1d]G[0xdc][0xdf][0xea]U4[0xf4][0x1][0xcb]h`[0xb][0xef][0x2][0x8f][0xa7][0xb0]Dwk[0xc7]@[0xed][0xfd]9[0xa9]&[0xf9]9[0x1a]![0xd0][0xef][0xf][0x0][0x0][0xff][0xff][0x3][0x0][0xb6][0xa0][0xf3][0xbe][0x98][0x0][0x0][0x0]"
12:54:51.145 [main] DEBUG org.apache.http.wire --  << "[\r][\n]"
12:54:51.146 [main] DEBUG org.apache.http.wire --  << "0[\r][\n]"
12:54:51.146 [main] DEBUG org.apache.http.wire --  << "[\r][\n]"
12:54:51.146 [main] DEBUG io.restassured.internal.RestAssuredHttpBuilder -- Parsed data to instance of: class org.apache.http.conn.EofSensorInputStream
12:54:51.150 [main] DEBUG org.apache.http.impl.conn.BasicClientConnectionManager -- Releasing connection org.apache.http.impl.conn.ManagedClientConnectionImpl@6a7ea7c
12:54:51.150 [main] DEBUG org.apache.http.impl.conn.BasicClientConnectionManager -- Connection can be kept alive indefinitely
12:54:51.151 [main] DEBUG net.thucydides.core.steps.StepInterceptor -- STEP DONE: I send HTTP request POST for login
  &amp#27;[32mWhen &amp#27;[0m&amp#27;[32mI send HTTP request POST for login&amp#27;[0m           &amp#27;[90m# starter.stepdefinition.LoginSteps.httpRequestPostLogin()&amp#27;[0m
12:54:51.158 [main] DEBUG net.thucydides.core.steps.StepInterceptor -- STARTING STEP: LoginSteps.receive200CodePostLogin - I received success code 200
12:54:51.160 [main] DEBUG net.thucydides.core.steps.StepInterceptor -- STEP DONE: I received success code 200
  &amp#27;[32mThen &amp#27;[0m&amp#27;[32mI received success code 200&amp#27;[0m                  &amp#27;[90m# starter.stepdefinition.LoginSteps.receive200CodePostLogin()&amp#27;[0m
12:54:51.165 [main] DEBUG net.thucydides.core.steps.StepInterceptor -- STARTING STEP: LoginSteps.receivedLogin - I received Token for log in
I Just The Login Token
12:54:51.166 [main] DEBUG net.thucydides.core.steps.StepInterceptor -- STEP DONE: I received Token for log in
  &amp#27;[32mAnd &amp#27;[0m&amp#27;[32mI received Token for log in&amp#27;[0m                   &amp#27;[90m# starter.stepdefinition.LoginSteps.receivedLogin()&amp#27;[0m
12:54:51.170 [main] INFO  -- 
  _____   ___   ___   _____     ___     _     ___   ___   ___   ___  
 |_   _| | __| / __| |_   _|   | _ \   /_\   / __| / __| | __| |   \ 
   | |   | _|  \__ \   | |     |  _/  / _ \  \__ \ \__ \ | _|  | |) |
   |_|   |___| |___/   |_|     |_|   /_/ \_\ |___/ |___/ |___| |___/ 

POST valid username and password to Login
----------------------------------------------------------------------
]]></system-out>
  </testcase>
  <testcase name="POST INVALID password and Valid Username" classname="LOGIN for admin fakestoreapi" time="1.287">
    <system-out><![CDATA[
Scenario: POST INVALID password and Valid Username &amp#27;[90m# src/test/resources/features/Login.feature:11&amp#27;[0m
12:54:51.189 [main] DEBUG io.cucumber.core.plugin.SerenityReporter -- Running feature from file:///D:/Intelij/REST%20API/fakestoreapi/src/test/resources/features/Login.feature
12:54:51.196 [main] INFO  -- 
  _____   ___   ___   _____     ___   _____     _     ___   _____   ___   ___  
 |_   _| | __| / __| |_   _|   / __| |_   _|   /_\   | _ \ |_   _| | __| |   \ 
   | |   | _|  \__ \   | |     \__ \   | |    / _ \  |   /   | |   | _|  | |) |
   |_|   |___| |___/   |_|     |___/   |_|   /_/ \_\ |_|_\   |_|   |___| |___/ 

POST INVALID password and Valid Username(login-for-admin-fakestoreapi;post-invalid-password-and-valid-username)
--------------------------------------------------------------------------------
12:54:51.230 [main] DEBUG net.thucydides.core.steps.StepInterceptor -- STARTING STEP: LoginSteps.setPostInvalid - I set POST API LOGIN endpoint
12:54:51.230 [main] DEBUG net.thucydides.core.steps.StepInterceptor -- STEP DONE: I set POST API LOGIN endpoint
  &amp#27;[32mGiven &amp#27;[0m&amp#27;[32mI set POST API LOGIN endpoint&amp#27;[0m              &amp#27;[90m# starter.stepdefinition.LoginSteps.setPostInvalid()&amp#27;[0m
12:54:51.244 [main] DEBUG net.thucydides.core.steps.StepInterceptor -- STARTING STEP: LoginSteps.sendRequestInvalid - I send the Rrquest on HTTP
12:54:51.251 [main] DEBUG net.thucydides.core.steps.StepInterceptor -- STARTING STEP: PostInvelidLogin.sendRequestPostINVALIDLogin - I set POST API LOGIN endpoint
12:54:51.251 [main] DEBUG net.thucydides.core.steps.StepInterceptor -- STEP DONE: I set POST API LOGIN endpoint
12:54:51.378 [main] DEBUG org.apache.http.impl.conn.BasicClientConnectionManager -- Get connection for route {s}->https://fakestoreapi.com:443
12:54:51.379 [main] DEBUG org.apache.http.impl.conn.DefaultClientConnectionOperator -- Connecting to fakestoreapi.com:443
12:54:51.542 [main] DEBUG org.apache.http.client.protocol.RequestAddCookies -- CookieSpec selected: ignoreCookies
12:54:51.543 [main] DEBUG org.apache.http.client.protocol.RequestAuthCache -- Auth cache not set in the context
12:54:51.543 [main] DEBUG org.apache.http.client.protocol.RequestTargetAuthentication -- Target auth state: UNCHALLENGED
12:54:51.543 [main] DEBUG org.apache.http.client.protocol.RequestProxyAuthentication -- Proxy auth state: UNCHALLENGED
12:54:51.543 [main] DEBUG org.apache.http.impl.client.DefaultHttpClient -- Attempt 1 to execute request
12:54:51.543 [main] DEBUG org.apache.http.impl.conn.DefaultClientConnection -- Sending request: POST /auth/login HTTP/1.1
12:54:51.543 [main] DEBUG org.apache.http.wire --  >> "POST /auth/login HTTP/1.1[\r][\n]"
12:54:51.543 [main] DEBUG org.apache.http.wire --  >> "Accept: */*[\r][\n]"
12:54:51.544 [main] DEBUG org.apache.http.wire --  >> "Content-Type: application/json[\r][\n]"
12:54:51.544 [main] DEBUG org.apache.http.wire --  >> "Content-Length: 44[\r][\n]"
12:54:51.544 [main] DEBUG org.apache.http.wire --  >> "Host: fakestoreapi.com[\r][\n]"
12:54:51.544 [main] DEBUG org.apache.http.wire --  >> "Connection: Keep-Alive[\r][\n]"
12:54:51.544 [main] DEBUG org.apache.http.wire --  >> "User-Agent: Apache-HttpClient/4.5.13 (Java/20)[\r][\n]"
12:54:51.544 [main] DEBUG org.apache.http.wire --  >> "Accept-Encoding: gzip,deflate[\r][\n]"
12:54:51.544 [main] DEBUG org.apache.http.wire --  >> "[\r][\n]"
12:54:51.544 [main] DEBUG org.apache.http.headers -- >> POST /auth/login HTTP/1.1
12:54:51.544 [main] DEBUG org.apache.http.headers -- >> Accept: */*
12:54:51.544 [main] DEBUG org.apache.http.headers -- >> Content-Type: application/json
12:54:51.544 [main] DEBUG org.apache.http.headers -- >> Content-Length: 44
12:54:51.544 [main] DEBUG org.apache.http.headers -- >> Host: fakestoreapi.com
12:54:51.544 [main] DEBUG org.apache.http.headers -- >> Connection: Keep-Alive
12:54:51.544 [main] DEBUG org.apache.http.headers -- >> User-Agent: Apache-HttpClient/4.5.13 (Java/20)
12:54:51.544 [main] DEBUG org.apache.http.headers -- >> Accept-Encoding: gzip,deflate
12:54:51.545 [main] DEBUG org.apache.http.wire --  >> "{"password":"bukanYa","username":"mor_2314"}"
12:54:52.426 [main] DEBUG org.apache.http.wire --  << "HTTP/1.1 401 Unauthorized[\r][\n]"
12:54:52.427 [main] DEBUG org.apache.http.wire --  << "Date: Sun, 16 Apr 2023 05:54:52 GMT[\r][\n]"
12:54:52.427 [main] DEBUG org.apache.http.wire --  << "Content-Type: text/html; charset=utf-8[\r][\n]"
12:54:52.427 [main] DEBUG org.apache.http.wire --  << "Transfer-Encoding: chunked[\r][\n]"
12:54:52.427 [main] DEBUG org.apache.http.wire --  << "Connection: keep-alive[\r][\n]"
12:54:52.427 [main] DEBUG org.apache.http.wire --  << "Access-Control-Allow-Origin: *[\r][\n]"
12:54:52.427 [main] DEBUG org.apache.http.wire --  << "X-Powered-By: Express[\r][\n]"
12:54:52.427 [main] DEBUG org.apache.http.wire --  << "CF-Cache-Status: DYNAMIC[\r][\n]"
12:54:52.427 [main] DEBUG org.apache.http.wire --  << "Report-To: {"endpoints":[{"url":"https:\/\/a.nel.cloudflare.com\/report\/v3?s=MINVQjtKMKhiAb9kFD7g%2FvWggGABbNQkCu1ttJ2A0f8NYP3cMIJXD9J5iTtMQ5sK8z53qBM4l4m13pAAcFppq4ohOmdVNkpUrk7IyoL%2FZWjosAAY2Y1DmrfOnw1v1qLEpyEG"}],"group":"cf-nel","max_age":604800}[\r][\n]"
12:54:52.427 [main] DEBUG org.apache.http.wire --  << "NEL: {"success_fraction":0,"report_to":"cf-nel","max_age":604800}[\r][\n]"
12:54:52.427 [main] DEBUG org.apache.http.wire --  << "Server: cloudflare[\r][\n]"
12:54:52.427 [main] DEBUG org.apache.http.wire --  << "CF-RAY: 7b8a2d12991d3dfc-SIN[\r][\n]"
12:54:52.427 [main] DEBUG org.apache.http.wire --  << "alt-svc: h3=":443"; ma=86400, h3-29=":443"; ma=86400[\r][\n]"
12:54:52.427 [main] DEBUG org.apache.http.wire --  << "[\r][\n]"
12:54:52.427 [main] DEBUG org.apache.http.impl.conn.DefaultClientConnection -- Receiving response: HTTP/1.1 401 Unauthorized
12:54:52.427 [main] DEBUG org.apache.http.headers -- << HTTP/1.1 401 Unauthorized
12:54:52.427 [main] DEBUG org.apache.http.headers -- << Date: Sun, 16 Apr 2023 05:54:52 GMT
12:54:52.427 [main] DEBUG org.apache.http.headers -- << Content-Type: text/html; charset=utf-8
12:54:52.427 [main] DEBUG org.apache.http.headers -- << Transfer-Encoding: chunked
12:54:52.427 [main] DEBUG org.apache.http.headers -- << Connection: keep-alive
12:54:52.427 [main] DEBUG org.apache.http.headers -- << Access-Control-Allow-Origin: *
12:54:52.427 [main] DEBUG org.apache.http.headers -- << X-Powered-By: Express
12:54:52.427 [main] DEBUG org.apache.http.headers -- << CF-Cache-Status: DYNAMIC
12:54:52.427 [main] DEBUG org.apache.http.headers -- << Report-To: {"endpoints":[{"url":"https:\/\/a.nel.cloudflare.com\/report\/v3?s=MINVQjtKMKhiAb9kFD7g%2FvWggGABbNQkCu1ttJ2A0f8NYP3cMIJXD9J5iTtMQ5sK8z53qBM4l4m13pAAcFppq4ohOmdVNkpUrk7IyoL%2FZWjosAAY2Y1DmrfOnw1v1qLEpyEG"}],"group":"cf-nel","max_age":604800}
12:54:52.427 [main] DEBUG org.apache.http.headers -- << NEL: {"success_fraction":0,"report_to":"cf-nel","max_age":604800}
12:54:52.427 [main] DEBUG org.apache.http.headers -- << Server: cloudflare
12:54:52.428 [main] DEBUG org.apache.http.headers -- << CF-RAY: 7b8a2d12991d3dfc-SIN
12:54:52.428 [main] DEBUG org.apache.http.headers -- << alt-svc: h3=":443"; ma=86400, h3-29=":443"; ma=86400
12:54:52.428 [main] DEBUG org.apache.http.impl.client.DefaultHttpClient -- Connection can be kept alive indefinitely
12:54:52.428 [main] DEBUG org.apache.http.impl.client.DefaultHttpClient -- Authentication required
12:54:52.428 [main] DEBUG org.apache.http.impl.client.DefaultHttpClient -- fakestoreapi.com:443 requested authentication
12:54:52.428 [main] DEBUG org.apache.http.impl.client.DefaultHttpClient -- Response contains no authentication challenges
12:54:52.428 [main] DEBUG io.restassured.internal.RestAssuredHttpBuilder -- Parsing response as: text/html; charset=utf-8
12:54:52.428 [main] DEBUG io.restassured.internal.RestAssuredHttpBuilder -- Parsed data to instance of: class org.apache.http.conn.EofSensorInputStream
12:54:52.431 [main] DEBUG org.apache.http.wire --  << "21[\r][\n]"
12:54:52.431 [main] DEBUG org.apache.http.wire --  << "username or password is incorrect"
12:54:52.431 [main] DEBUG org.apache.http.wire --  << "[\r][\n]"
12:54:52.431 [main] DEBUG org.apache.http.wire --  << "0[\r][\n]"
12:54:52.431 [main] DEBUG org.apache.http.wire --  << "[\r][\n]"
12:54:52.431 [main] DEBUG org.apache.http.impl.conn.BasicClientConnectionManager -- Releasing connection org.apache.http.impl.conn.ManagedClientConnectionImpl@548f4f60
12:54:52.431 [main] DEBUG org.apache.http.impl.conn.BasicClientConnectionManager -- Connection can be kept alive indefinitely
12:54:52.434 [main] DEBUG net.thucydides.core.steps.StepInterceptor -- STEP DONE: I send the Rrquest on HTTP
  &amp#27;[32mWhen &amp#27;[0m&amp#27;[32mI send the Rrquest on HTTP&amp#27;[0m                  &amp#27;[90m# starter.stepdefinition.LoginSteps.sendRequestInvalid()&amp#27;[0m
12:54:52.442 [main] DEBUG net.thucydides.core.steps.StepInterceptor -- STARTING STEP: LoginSteps.receive401Login - I receive error Code 401
12:54:52.444 [main] DEBUG net.thucydides.core.steps.StepInterceptor -- STEP DONE: I receive error Code 401
  &amp#27;[32mThen &amp#27;[0m&amp#27;[32mI receive error Code 401&amp#27;[0m                    &amp#27;[90m# starter.stepdefinition.LoginSteps.receive401Login()&amp#27;[0m
12:54:52.451 [main] DEBUG net.thucydides.core.steps.StepInterceptor -- STARTING STEP: LoginSteps.responseInvalid - I get the response for Invalid
I Just Cannot get Token
12:54:52.453 [main] DEBUG net.thucydides.core.steps.StepInterceptor -- STEP DONE: I get the response for Invalid
  &amp#27;[32mAnd &amp#27;[0m&amp#27;[32mI get the response for Invalid&amp#27;[0m               &amp#27;[90m# starter.stepdefinition.LoginSteps.responseInvalid()&amp#27;[0m
12:54:52.460 [main] INFO  -- 
  _____   ___   ___   _____     ___     _     ___   ___   ___   ___  
 |_   _| | __| / __| |_   _|   | _ \   /_\   / __| / __| | __| |   \ 
   | |   | _|  \__ \   | |     |  _/  / _ \  \__ \ \__ \ | _|  | |) |
   |_|   |___| |___/   |_|     |_|   /_/ \_\ |___/ |___/ |___| |___/ 

POST INVALID password and Valid Username
----------------------------------------------------------------------
]]></system-out>
  </testcase>
  <testcase name="Get Product by id" classname="Access Product from Shop" time="1.312">
    <system-out><![CDATA[12:54:52.461 [main] DEBUG io.cucumber.core.plugin.SerenityReporter -- Running feature from file:///D:/Intelij/REST%20API/fakestoreapi/src/test/resources/features/Product.feature
12:54:52.469 [main] DEBUG net.thucydides.core.steps.StepEventBus -- Test suite started for story net.thucydides.core.model.Story@98a31365
12:54:52.469 [main] INFO  -- Test Suite Started: Access Product from Shop

Scenario: Get Product by id                 &amp#27;[90m# src/test/resources/features/Product.feature:5&amp#27;[0m
12:54:52.485 [main] DEBUG io.cucumber.core.plugin.SerenityReporter -- Running feature from file:///D:/Intelij/REST%20API/fakestoreapi/src/test/resources/features/Product.feature
12:54:52.494 [main] INFO  -- 
  _____   ___   ___   _____     ___   _____     _     ___   _____   ___   ___  
 |_   _| | __| / __| |_   _|   / __| |_   _|   /_\   | _ \ |_   _| | __| |   \ 
   | |   | _|  \__ \   | |     \__ \   | |    / _ \  |   /   | |   | _|  | |) |
   |_|   |___| |___/   |_|     |___/   |_|   /_/ \_\ |_|_\   |_|   |___| |___/ 

Get Product by id(access-product-from-shop;get-product-by-id)
--------------------------------------------------------------------------------
12:54:52.657 [main] DEBUG net.thucydides.core.steps.StepInterceptor -- STARTING STEP: ProductSteps.setToGetProductId - I am set the GET product endpoint
12:54:52.658 [main] DEBUG net.thucydides.core.steps.StepInterceptor -- STEP DONE: I am set the GET product endpoint
  &amp#27;[32mGiven &amp#27;[0m&amp#27;[32mI am set the GET product endpoint&amp#27;[0m   &amp#27;[90m# starter.stepdefinition.ProductSteps.setToGetProductId()&amp#27;[0m
12:54:52.668 [main] DEBUG net.thucydides.core.steps.StepInterceptor -- STARTING STEP: ProductSteps.sendRequestGetProductId - I send request for GET product by id
12:54:52.672 [main] DEBUG net.thucydides.core.steps.StepInterceptor -- STARTING STEP: GetbyId.requestGetProductId - I am set the GET product endpoint
12:54:52.673 [main] DEBUG net.thucydides.core.steps.StepInterceptor -- STEP DONE: I am set the GET product endpoint
12:54:52.724 [main] DEBUG org.apache.http.impl.conn.BasicClientConnectionManager -- Get connection for route {s}->https://fakestoreapi.com:443
12:54:52.724 [main] DEBUG org.apache.http.impl.conn.DefaultClientConnectionOperator -- Connecting to fakestoreapi.com:443
12:54:53.032 [main] DEBUG org.apache.http.client.protocol.RequestAddCookies -- CookieSpec selected: ignoreCookies
12:54:53.032 [main] DEBUG org.apache.http.client.protocol.RequestAuthCache -- Auth cache not set in the context
12:54:53.032 [main] DEBUG org.apache.http.client.protocol.RequestTargetAuthentication -- Target auth state: UNCHALLENGED
12:54:53.032 [main] DEBUG org.apache.http.client.protocol.RequestProxyAuthentication -- Proxy auth state: UNCHALLENGED
12:54:53.032 [main] DEBUG org.apache.http.impl.client.DefaultHttpClient -- Attempt 1 to execute request
12:54:53.032 [main] DEBUG org.apache.http.impl.conn.DefaultClientConnection -- Sending request: GET /products/1 HTTP/1.1
12:54:53.032 [main] DEBUG org.apache.http.wire --  >> "GET /products/1 HTTP/1.1[\r][\n]"
12:54:53.032 [main] DEBUG org.apache.http.wire --  >> "Accept: */*[\r][\n]"
12:54:53.032 [main] DEBUG org.apache.http.wire --  >> "Host: fakestoreapi.com[\r][\n]"
12:54:53.032 [main] DEBUG org.apache.http.wire --  >> "Connection: Keep-Alive[\r][\n]"
12:54:53.033 [main] DEBUG org.apache.http.wire --  >> "User-Agent: Apache-HttpClient/4.5.13 (Java/20)[\r][\n]"
12:54:53.033 [main] DEBUG org.apache.http.wire --  >> "Accept-Encoding: gzip,deflate[\r][\n]"
12:54:53.033 [main] DEBUG org.apache.http.wire --  >> "[\r][\n]"
12:54:53.033 [main] DEBUG org.apache.http.headers -- >> GET /products/1 HTTP/1.1
12:54:53.033 [main] DEBUG org.apache.http.headers -- >> Accept: */*
12:54:53.033 [main] DEBUG org.apache.http.headers -- >> Host: fakestoreapi.com
12:54:53.033 [main] DEBUG org.apache.http.headers -- >> Connection: Keep-Alive
12:54:53.034 [main] DEBUG org.apache.http.headers -- >> User-Agent: Apache-HttpClient/4.5.13 (Java/20)
12:54:53.034 [main] DEBUG org.apache.http.headers -- >> Accept-Encoding: gzip,deflate
12:54:53.756 [main] DEBUG org.apache.http.wire --  << "HTTP/1.1 200 OK[\r][\n]"
12:54:53.757 [main] DEBUG org.apache.http.wire --  << "Date: Sun, 16 Apr 2023 05:54:54 GMT[\r][\n]"
12:54:53.757 [main] DEBUG org.apache.http.wire --  << "Content-Type: application/json; charset=utf-8[\r][\n]"
12:54:53.757 [main] DEBUG org.apache.http.wire --  << "Transfer-Encoding: chunked[\r][\n]"
12:54:53.757 [main] DEBUG org.apache.http.wire --  << "Connection: keep-alive[\r][\n]"
12:54:53.757 [main] DEBUG org.apache.http.wire --  << "Access-Control-Allow-Origin: *[\r][\n]"
12:54:53.757 [main] DEBUG org.apache.http.wire --  << "Etag: W/"16c-MMdrqY6N0sTiefLdsgtBej9eunY"[\r][\n]"
12:54:53.757 [main] DEBUG org.apache.http.wire --  << "X-Powered-By: Express[\r][\n]"
12:54:53.757 [main] DEBUG org.apache.http.wire --  << "CF-Cache-Status: DYNAMIC[\r][\n]"
12:54:53.757 [main] DEBUG org.apache.http.wire --  << "Report-To: {"endpoints":[{"url":"https:\/\/a.nel.cloudflare.com\/report\/v3?s=AQtmKDM7THBNNxqx45aFnJeNJ2mbuHupgz9qdD%2BlBFC1c7bNUffAeqnxjl1RmoK3fDkubKL7nWPAtYigTI%2BnDxIGZ%2BQASG%2FbmvqrreehBMOewH6wzKPxiiSiB%2BDj4WKpZiO%2F"}],"group":"cf-nel","max_age":604800}[\r][\n]"
12:54:53.757 [main] DEBUG org.apache.http.wire --  << "NEL: {"success_fraction":0,"report_to":"cf-nel","max_age":604800}[\r][\n]"
12:54:53.757 [main] DEBUG org.apache.http.wire --  << "Server: cloudflare[\r][\n]"
12:54:53.757 [main] DEBUG org.apache.http.wire --  << "CF-RAY: 7b8a2d1bedaf8932-SIN[\r][\n]"
12:54:53.757 [main] DEBUG org.apache.http.wire --  << "Content-Encoding: gzip[\r][\n]"
12:54:53.757 [main] DEBUG org.apache.http.wire --  << "alt-svc: h3=":443"; ma=86400, h3-29=":443"; ma=86400[\r][\n]"
12:54:53.757 [main] DEBUG org.apache.http.wire --  << "[\r][\n]"
12:54:53.757 [main] DEBUG org.apache.http.impl.conn.DefaultClientConnection -- Receiving response: HTTP/1.1 200 OK
12:54:53.757 [main] DEBUG org.apache.http.headers -- << HTTP/1.1 200 OK
12:54:53.757 [main] DEBUG org.apache.http.headers -- << Date: Sun, 16 Apr 2023 05:54:54 GMT
12:54:53.757 [main] DEBUG org.apache.http.headers -- << Content-Type: application/json; charset=utf-8
12:54:53.757 [main] DEBUG org.apache.http.headers -- << Transfer-Encoding: chunked
12:54:53.757 [main] DEBUG org.apache.http.headers -- << Connection: keep-alive
12:54:53.757 [main] DEBUG org.apache.http.headers -- << Access-Control-Allow-Origin: *
12:54:53.757 [main] DEBUG org.apache.http.headers -- << Etag: W/"16c-MMdrqY6N0sTiefLdsgtBej9eunY"
12:54:53.757 [main] DEBUG org.apache.http.headers -- << X-Powered-By: Express
12:54:53.757 [main] DEBUG org.apache.http.headers -- << CF-Cache-Status: DYNAMIC
12:54:53.757 [main] DEBUG org.apache.http.headers -- << Report-To: {"endpoints":[{"url":"https:\/\/a.nel.cloudflare.com\/report\/v3?s=AQtmKDM7THBNNxqx45aFnJeNJ2mbuHupgz9qdD%2BlBFC1c7bNUffAeqnxjl1RmoK3fDkubKL7nWPAtYigTI%2BnDxIGZ%2BQASG%2FbmvqrreehBMOewH6wzKPxiiSiB%2BDj4WKpZiO%2F"}],"group":"cf-nel","max_age":604800}
12:54:53.757 [main] DEBUG org.apache.http.headers -- << NEL: {"success_fraction":0,"report_to":"cf-nel","max_age":604800}
12:54:53.757 [main] DEBUG org.apache.http.headers -- << Server: cloudflare
12:54:53.757 [main] DEBUG org.apache.http.headers -- << CF-RAY: 7b8a2d1bedaf8932-SIN
12:54:53.757 [main] DEBUG org.apache.http.headers -- << Content-Encoding: gzip
12:54:53.757 [main] DEBUG org.apache.http.headers -- << alt-svc: h3=":443"; ma=86400, h3-29=":443"; ma=86400
12:54:53.757 [main] DEBUG org.apache.http.impl.client.DefaultHttpClient -- Connection can be kept alive indefinitely
12:54:53.757 [main] DEBUG io.restassured.internal.RestAssuredHttpBuilder -- Parsing response as: application/json; charset=utf-8
12:54:53.757 [main] DEBUG org.apache.http.wire --  << "124[\r][\n]"
12:54:53.757 [main] DEBUG org.apache.http.wire --  << "[0x1f][0x8b][0x8][0x0][0x0][0x0][0x0][0x0][0x0][0x3]4[0x8f]Mk[0xc3]0[0x10]D[0xff][0xca][0xb2][0x97][0xb6][0xa0][0xf8]#%[0xd0][0xe8][0x96][0x16]ri([0x85][0x9c]r[\n]"
12:54:53.757 [main] DEBUG org.apache.http.wire --  << "BZ[0xdb][0x8a]eIH[0xeb][0x14][0x13][0xf2][0xdf][0x8b]Zr[0x9b][0xc3][0xcc]{[0xcc][\r][0xad]A[0xd9][\n]"
12:54:53.757 [main] DEBUG org.apache.http.wire --  << "d[0xcb][0x8e]P[0xe2][0xfe][0xa2][0x9c]K[0xea]J[0x1e]V[0xb0][0xf][0xce]d[0xa5]G[0xf8][\n]"
12:54:53.757 [main] DEBUG org.apache.http.wire --  << "[0x15][0xb4][0xf0][0xae][0xf4][0x18][0x95][0x1e][0x5][0xec]-gh7pP[0x91]C[0xcc](0&[0xab][0x9]e[0xdb]l[0xab][0xed]F[0xa0][0xa1][0xac][0x93][0x8d]l[0x83]G[0x89][0xa7]0'[0x88][0x94]:[0xd2][0xc][0x85][0x0]]H@WJ[0x8b]Q[0xb][0xcc][0x99]@y[0x3]?[0xca][0x8d][0x19][0xac][0x7][0x1e][0xa8]4(s[0x5]GVy[0x80][0xa5][0x10][0xdc][0x9f][\r][0x9e][0xe7][0x8][0x1c][0x8a][0xde]z=P~yL[0xa2]2[0x86][0xc]dGt%[0xf1][0xbf]yHP[0xa0]VL}H[0xb]J[0x9c][0xc8]?e[0xd0].[0xf0]`}[0x8f][0x2][0xed][0xa4][0xfa]r`[0x8e]Y[0xd6]u[0xa7]F[0xca][0x1c][0x12][0xa9]h+[0x1d][0xa6][0xda]N}[0xfd][0xd6]v[0xdf][0x9f]f[0xb5][0xde][0x9d][0xe][0xd5]y[0xf7]q>[0x1e][0xda]M[0xd3][0x9c][0xab]K,[0x88][0xa4][0xb8][0xb0][0xe4][0xad]$B[0xf9]Zm[0x5][0xea]0{F[0xd9][0xae][0x9b][0xfb][0xfd][0x17][0x0][0x0][0xff][0xff][0x3][0x0]hW[0xe2][0x13]l[0x1][0x0][0x0]"
12:54:53.757 [main] DEBUG org.apache.http.wire --  << "[\r][\n]"
12:54:53.758 [main] DEBUG org.apache.http.wire --  << "0[\r][\n]"
12:54:53.758 [main] DEBUG org.apache.http.wire --  << "[\r][\n]"
12:54:53.758 [main] DEBUG io.restassured.internal.RestAssuredHttpBuilder -- Parsed data to instance of: class org.apache.http.conn.EofSensorInputStream
12:54:53.763 [main] DEBUG org.apache.http.impl.conn.BasicClientConnectionManager -- Releasing connection org.apache.http.impl.conn.ManagedClientConnectionImpl@155318b5
12:54:53.763 [main] DEBUG org.apache.http.impl.conn.BasicClientConnectionManager -- Connection can be kept alive indefinitely
12:54:53.766 [main] DEBUG net.thucydides.core.steps.StepInterceptor -- STEP DONE: I send request for GET product by id
  &amp#27;[32mWhen &amp#27;[0m&amp#27;[32mI send request for GET product by id&amp#27;[0m &amp#27;[90m# starter.stepdefinition.ProductSteps.sendRequestGetProductId()&amp#27;[0m
12:54:53.774 [main] DEBUG net.thucydides.core.steps.StepInterceptor -- STARTING STEP: ProductSteps.validateGetproductId - I receive validate code 200
12:54:53.775 [main] DEBUG net.thucydides.core.steps.StepInterceptor -- STEP DONE: I receive validate code 200
  &amp#27;[32mThen &amp#27;[0m&amp#27;[32mI receive validate code 200&amp#27;[0m          &amp#27;[90m# starter.stepdefinition.ProductSteps.validateGetproductId()&amp#27;[0m
12:54:53.781 [main] INFO  -- 
  _____   ___   ___   _____     ___     _     ___   ___   ___   ___  
 |_   _| | __| / __| |_   _|   | _ \   /_\   / __| / __| | __| |   \ 
   | |   | _|  \__ \   | |     |  _/  / _ \  \__ \ \__ \ | _|  | |) |
   |_|   |___| |___/   |_|     |_|   /_/ \_\ |___/ |___/ |___| |___/ 

Get Product by id
----------------------------------------------------------------------
]]></system-out>
  </testcase>
  <testcase name="Get product by short the parameter" classname="Access Product from Shop" time="1.562">
    <system-out><![CDATA[12:54:53.813 [Finalizer] DEBUG org.apache.http.impl.conn.DefaultClientConnection -- Connection 0.0.0.0:50991<->104.21.3.149:443 closed
12:54:53.815 [Finalizer] DEBUG org.apache.http.impl.conn.DefaultClientConnection -- Connection 0.0.0.0:50993<->104.21.3.149:443 closed
12:54:53.816 [Finalizer] DEBUG org.apache.http.impl.conn.DefaultClientConnection -- Connection 0.0.0.0:50992<->104.21.3.149:443 closed

Scenario: Get product by short the parameter  &amp#27;[90m# src/test/resources/features/Product.feature:10&amp#27;[0m
12:54:53.820 [main] DEBUG io.cucumber.core.plugin.SerenityReporter -- Running feature from file:///D:/Intelij/REST%20API/fakestoreapi/src/test/resources/features/Product.feature
12:54:53.828 [main] INFO  -- 
  _____   ___   ___   _____     ___   _____     _     ___   _____   ___   ___  
 |_   _| | __| / __| |_   _|   / __| |_   _|   /_\   | _ \ |_   _| | __| |   \ 
   | |   | _|  \__ \   | |     \__ \   | |    / _ \  |   /   | |   | _|  | |) |
   |_|   |___| |___/   |_|     |___/   |_|   /_/ \_\ |_|_\   |_|   |___| |___/ 

Get product by short the parameter(access-product-from-shop;get-product-by-short-the-parameter)
--------------------------------------------------------------------------------
12:54:53.913 [main] DEBUG net.thucydides.core.steps.StepInterceptor -- STARTING STEP: ProductSteps.setToGetProductShort - I set the short GET product parameter
12:54:53.914 [main] DEBUG net.thucydides.core.steps.StepInterceptor -- STEP DONE: I set the short GET product parameter
  &amp#27;[32mGiven &amp#27;[0m&amp#27;[32mI set the short GET product parameter&amp#27;[0m &amp#27;[90m# starter.stepdefinition.ProductSteps.setToGetProductShort()&amp#27;[0m
12:54:53.931 [main] DEBUG net.thucydides.core.steps.StepInterceptor -- STARTING STEP: ProductSteps.requestGetProductShort - I send the request Get product
12:54:53.937 [main] DEBUG net.thucydides.core.steps.StepInterceptor -- STARTING STEP: GetbyShort.requestGETShortProduct - I set the short GET product parameter
12:54:53.937 [main] DEBUG net.thucydides.core.steps.StepInterceptor -- STEP DONE: I set the short GET product parameter
12:54:53.984 [Finalizer] DEBUG org.apache.http.impl.conn.DefaultClientConnection -- Connection 0.0.0.0:50987<->104.21.3.149:443 closed
12:54:54.020 [main] DEBUG org.apache.http.impl.conn.BasicClientConnectionManager -- Get connection for route {s}->https://fakestoreapi.com:443
12:54:54.020 [main] DEBUG org.apache.http.impl.conn.DefaultClientConnectionOperator -- Connecting to fakestoreapi.com:443
12:54:54.566 [main] DEBUG org.apache.http.client.protocol.RequestAddCookies -- CookieSpec selected: ignoreCookies
12:54:54.566 [main] DEBUG org.apache.http.client.protocol.RequestAuthCache -- Auth cache not set in the context
12:54:54.566 [main] DEBUG org.apache.http.client.protocol.RequestTargetAuthentication -- Target auth state: UNCHALLENGED
12:54:54.566 [main] DEBUG org.apache.http.client.protocol.RequestProxyAuthentication -- Proxy auth state: UNCHALLENGED
12:54:54.566 [main] DEBUG org.apache.http.impl.client.DefaultHttpClient -- Attempt 1 to execute request
12:54:54.566 [main] DEBUG org.apache.http.impl.conn.DefaultClientConnection -- Sending request: GET /products?sort=desc HTTP/1.1
12:54:54.566 [main] DEBUG org.apache.http.wire --  >> "GET /products?sort=desc HTTP/1.1[\r][\n]"
12:54:54.566 [main] DEBUG org.apache.http.wire --  >> "Accept: */*[\r][\n]"
12:54:54.566 [main] DEBUG org.apache.http.wire --  >> "Host: fakestoreapi.com[\r][\n]"
12:54:54.566 [main] DEBUG org.apache.http.wire --  >> "Connection: Keep-Alive[\r][\n]"
12:54:54.566 [main] DEBUG org.apache.http.wire --  >> "User-Agent: Apache-HttpClient/4.5.13 (Java/20)[\r][\n]"
12:54:54.566 [main] DEBUG org.apache.http.wire --  >> "Accept-Encoding: gzip,deflate[\r][\n]"
12:54:54.566 [main] DEBUG org.apache.http.wire --  >> "[\r][\n]"
12:54:54.566 [main] DEBUG org.apache.http.headers -- >> GET /products?sort=desc HTTP/1.1
12:54:54.566 [main] DEBUG org.apache.http.headers -- >> Accept: */*
12:54:54.566 [main] DEBUG org.apache.http.headers -- >> Host: fakestoreapi.com
12:54:54.566 [main] DEBUG org.apache.http.headers -- >> Connection: Keep-Alive
12:54:54.566 [main] DEBUG org.apache.http.headers -- >> User-Agent: Apache-HttpClient/4.5.13 (Java/20)
12:54:54.566 [main] DEBUG org.apache.http.headers -- >> Accept-Encoding: gzip,deflate
12:54:55.285 [main] DEBUG org.apache.http.wire --  << "HTTP/1.1 200 OK[\r][\n]"
12:54:55.285 [main] DEBUG org.apache.http.wire --  << "Date: Sun, 16 Apr 2023 05:54:55 GMT[\r][\n]"
12:54:55.285 [main] DEBUG org.apache.http.wire --  << "Content-Type: application/json; charset=utf-8[\r][\n]"
12:54:55.285 [main] DEBUG org.apache.http.wire --  << "Transfer-Encoding: chunked[\r][\n]"
12:54:55.285 [main] DEBUG org.apache.http.wire --  << "Connection: keep-alive[\r][\n]"
12:54:55.285 [main] DEBUG org.apache.http.wire --  << "Access-Control-Allow-Origin: *[\r][\n]"
12:54:55.285 [main] DEBUG org.apache.http.wire --  << "Etag: W/"297c-kgtAqsPV+9MMR0dzy4sqhhSyR9Q"[\r][\n]"
12:54:55.285 [main] DEBUG org.apache.http.wire --  << "X-Powered-By: Express[\r][\n]"
12:54:55.285 [main] DEBUG org.apache.http.wire --  << "CF-Cache-Status: DYNAMIC[\r][\n]"
12:54:55.285 [main] DEBUG org.apache.http.wire --  << "Report-To: {"endpoints":[{"url":"https:\/\/a.nel.cloudflare.com\/report\/v3?s=StlOs8N4NflrrMu0SFn0FjDMBlVR%2Fhie0PQeC0%2Fo3zUhv3kXD7HWnfTy8QTYXazdRFRl4SvXGmXzrqEwZk9X%2Fj%2Ftg%2FL2Iv9%2BIKfw09Y%2Fy3sDzMeWikTC%2FXNV3%2Ff02iy8SJyf"}],"group":"cf-nel","max_age":604800}[\r][\n]"
12:54:55.286 [main] DEBUG org.apache.http.wire --  << "NEL: {"success_fraction":0,"report_to":"cf-nel","max_age":604800}[\r][\n]"
12:54:55.286 [main] DEBUG org.apache.http.wire --  << "Server: cloudflare[\r][\n]"
12:54:55.286 [main] DEBUG org.apache.http.wire --  << "CF-RAY: 7b8a2d257b67a057-SIN[\r][\n]"
12:54:55.286 [main] DEBUG org.apache.http.wire --  << "Content-Encoding: gzip[\r][\n]"
12:54:55.286 [main] DEBUG org.apache.http.wire --  << "alt-svc: h3=":443"; ma=86400, h3-29=":443"; ma=86400[\r][\n]"
12:54:55.286 [main] DEBUG org.apache.http.wire --  << "[\r][\n]"
12:54:55.286 [main] DEBUG org.apache.http.impl.conn.DefaultClientConnection -- Receiving response: HTTP/1.1 200 OK
12:54:55.286 [main] DEBUG org.apache.http.headers -- << HTTP/1.1 200 OK
12:54:55.286 [main] DEBUG org.apache.http.headers -- << Date: Sun, 16 Apr 2023 05:54:55 GMT
12:54:55.286 [main] DEBUG org.apache.http.headers -- << Content-Type: application/json; charset=utf-8
12:54:55.286 [main] DEBUG org.apache.http.headers -- << Transfer-Encoding: chunked
12:54:55.286 [main] DEBUG org.apache.http.headers -- << Connection: keep-alive
12:54:55.286 [main] DEBUG org.apache.http.headers -- << Access-Control-Allow-Origin: *
12:54:55.286 [main] DEBUG org.apache.http.headers -- << Etag: W/"297c-kgtAqsPV+9MMR0dzy4sqhhSyR9Q"
12:54:55.286 [main] DEBUG org.apache.http.headers -- << X-Powered-By: Express
12:54:55.286 [main] DEBUG org.apache.http.headers -- << CF-Cache-Status: DYNAMIC
12:54:55.286 [main] DEBUG org.apache.http.headers -- << Report-To: {"endpoints":[{"url":"https:\/\/a.nel.cloudflare.com\/report\/v3?s=StlOs8N4NflrrMu0SFn0FjDMBlVR%2Fhie0PQeC0%2Fo3zUhv3kXD7HWnfTy8QTYXazdRFRl4SvXGmXzrqEwZk9X%2Fj%2Ftg%2FL2Iv9%2BIKfw09Y%2Fy3sDzMeWikTC%2FXNV3%2Ff02iy8SJyf"}],"group":"cf-nel","max_age":604800}
12:54:55.286 [main] DEBUG org.apache.http.headers -- << NEL: {"success_fraction":0,"report_to":"cf-nel","max_age":604800}
12:54:55.286 [main] DEBUG org.apache.http.headers -- << Server: cloudflare
12:54:55.286 [main] DEBUG org.apache.http.headers -- << CF-RAY: 7b8a2d257b67a057-SIN
12:54:55.286 [main] DEBUG org.apache.http.headers -- << Content-Encoding: gzip
12:54:55.286 [main] DEBUG org.apache.http.headers -- << alt-svc: h3=":443"; ma=86400, h3-29=":443"; ma=86400
12:54:55.286 [main] DEBUG org.apache.http.impl.client.DefaultHttpClient -- Connection can be kept alive indefinitely
12:54:55.286 [main] DEBUG io.restassured.internal.RestAssuredHttpBuilder -- Parsing response as: application/json; charset=utf-8
12:54:55.286 [main] DEBUG org.apache.http.wire --  << "1153[\r][\n]"
12:54:55.286 [main] DEBUG org.apache.http.wire --  << "[0x1f][0x8b][0x8][0x0][0x0][0x0][0x0][0x0][0x0][0x3][0xac]Z[0xdd]r[0xdb][0xb8][0x92]~[0x95].W[0xcd]LR[0x87][0xa2][0xf5][0xeb][0xbf][0xb9][0x92]%[0xd9]R[0x8e]$;[0xa2][0x1c][0xc7][0xd9][0xda]JAdKD[0x4][0x2][0x1c][0x0][0xb4]"[0x9f][0x99][0xaa]y[0x87][0xbd][0xda][0x8b]}[0xb9][0xf3]$[[\r]P[0x16][0xed]xf3;[0xbe][0xb1],[0x11][0xc4]O[0xf7][0xd7][0xdd]_w[0xe3]?[0xfe]u[0xc0][0x93][0x83][0xb3]f=8[0xb0][0xdc][\n]"
12:54:55.286 [main] DEBUG org.apache.http.wire --  << "<8;[0xe8]w[0xa7][0x1f][0xae]n[0xee][0xe0]Ve([\r][0xcc]!J[0xb9][0xb6][0xd0]c[0xa6]`[0x2]z[0xca]Z%!J[0x95][0xb6][0x7][0xc1]A[0xae]y[0x8c][0x7]g[0x8d]fxz[0x1a][0x1c]$hb[0xcd]s[0xcb][0x95]<8;8[0xed][0xfc][0xe0]G[0x7][0x9d][0x1f][0xa2][0x9c][0xc9][0x4][0xbf][0x6]p[0x81][0xcc][0x16][0x1a][0xcd]Y9a[0xe0][0xa7][0x82]H [0xde]c[0x0]c[0xb4][0x16]5\k.m[0xf0][0xa1]6[0xc5]x[0x1d]\0[0x93]r%a[0x8e]h[0x2][0x98][0xa7][0x8]K[0xb6][0xd0]<[0x6]n[0xc0][0xa8][0xa5][0x5]&[0x13]H[0x19]}[0xc9][0x10][0x8c][0xd5]h[0xe3]4[0xc][0xe0]*[0x8e][0x99][0xe1]J[0xee][0xd6]:[0xbc]Z.y[0x8c][0x87][0xe7][0xc8][0xe2][0xf4]0[0x8a]S[0xa5][0xc4][0xe1]Pex[0x18]Y[0x8d]hC[0x88][0x90][0x19][0x1a][0x1f][0xe5][0x9a][0xcb]U[0x10][0x15]Y[0x86]:[0xe8][0x16][0xb6][0xc8]dp[0xcb][0xa5]E[0x1d][0x1e][0x4][0x7]1[0xb3][0xb8]Rz{pv[0xb0]!)[0xfd]d [0x16][0xca][0xa6]\[0xae][0xe][0x82][0x3][0x9e][0xb1][0x15][0x9]2[0xb5]67g[0x87][0x87]K[0xb6]Fc[0x95]F[0x96][0xf3]0V[0xd9]![0xcf]V[0x87]G[0x8d]|[0xd8][0x1d][0xbc]kO'[0xe3][0xf0]s[0xb7][0xf7][0xf9][0xe6][0xe3][0xd1][0xf1][0xe9][0xe7][0xf0]KN3hfi[0xaa][0xb3][0xd1]xp[0xd6][\n]"
12:54:55.286 [main] DEBUG org.apache.http.wire --  << "[0x8f][0x82][0x83]X[0x15][0xd2][0x1e][0x9c]5[0xda][0x9d][0xdf]~[0xb][0xbc][0xda][0x1a][0xa7]{[0xb5]][0xe5][0x92]y[0x9d][0xfd]d[0x9e][0xc8][0x14]&[0x8a][0x1b][0x92][0xf9]^][0xc7][0xe1]i[0xe7][0xb9][0xb6][0x1a][0xf5][0xfa][0xf]p[0xad][0xc4][0x16][0x8d]E[0x1d][0xc0][0x84][0xc5])[0x97][0x8][0x1b]f[0xd2][0x0][0xdc][0xd3][0x98][0xd1]X[0x1e]C[0xbe][0x1b][0x6]N$B[0xc5][0xeb][0xfd][0xb][0xb7][0xcc][0xa4][0xf0]#\k[0x84]([0xd5][0x85]\[0xc3]Ri`p[0xa9][0x91]Y[0xb8][0xe0]6[0x80]1_[0xa5]v[0x83][0xf4]7[0x0][0xad]T[0xb6][0xf5]*[0xe4][0xab]TlaA[0x3]S[0xb6][0x10][0x8][0x1b]nS[0xc8][0xca][0xfd][0xc3][0x86][0xc7]k.W;[0xed]oR[0x1e][0xa7][0x90][0xa2][0xc8][\r]X[0x5]k[0xc4]|?[0x96]m[0xd8]6[0x80][0x88][0xd0]QY[\r].[0xca]Wi[0xde]XeK[0xa5][0xad][[0xe8]CMb[0xbc][0x86]X[0x9][0xc1][0xb4][0xdb][0xc][0x3]#8[0xa9][0x1f][0x96][0xb4][0xe5][0x4][0x5][0xbf]Gm[0xdc][0xef][0x88][0xeb][0x0]2[0xa5][0x11][0x96][0x98]qI[0xa7]6\[0xa4][0xaa] [0xf0][0xba][0xb7][0xbb]I[0x82][0x9][0xf4][0xfc][\n]"
12:54:55.286 [main] DEBUG org.apache.http.wire --  << "[0xaf][0x83][0x98]N[0x3]W[0x9d]N"
12:54:55.289 [main] DEBUG org.apache.http.wire --  << "q[0x9b]%[0xdf][0x81][0x98]v[0xd8][0xa9] [0xe6]h[0x8f][0x98][0x93]=b&[0xe7][0xef][0xf6][0x80]Q[0x82]'Oas[0xae][0x98][0x5][0xb2]?[0xf8][0x0]{[0xe8][0x9c][0x86]'[0x9d][0x17][0xc][0x1d]f[0xdd][0xbb][0xab])t~[0x80][0xe8][0xba];[0xed][0xf]>[0x12][0x1e][0x12][0x4].[0xe1]&[0xea][0x82][0xd2]0[0xca]r[0xa5]-&[0x1][0xf4][0x15]L[0x95][0x85]sAf[0xf8][0x4][0xc][0x8f][0x9a]%[0xf5][0xac][0x1c]^Jkv[0x18]*[0x15][0x16][0xc0][0x8c]/[0x16][0x98][0x80][0x92]N[0x17][0xf7]h[0x9c][0xcc]I[0x83][0x82]tq[0x8]}U[0x90]V[0x8d][0xe5][0x96]@[0xb9][0xa2][0xa1][0xb][0xf2]E[0x19][0xa4][0x98][0xbd][0x8e]>[0x8e][0x1b][0xf][0xad]u>[0xe9][0xde][0x99]R[0x1f]w'[0xa6][0x8f][0xe3][0xbd]>Z[0xf5][0xbd]>[0x8e][0xf7][0xfa][0x98]1.[0xe1][0x1d][0x8b][0xd7]h[0xbd]^[0xe0][0x96][0xcb][0x84][0xac]a[0x8d][0x1a]"[0xab]yN[0x98][0x12]<[[0xd0][0x91]hx[0xac][0x98]5{[0xe5][0xb4]N_p[0xc3]U[0xf9][0xe6][0xa8][0x97]h[0x9d]0i:[0xd2]K[0xec][0xfd][0xfa][0x6][0x99][0xae][0xd5]jc%W[0xa5]P[0xbd][0x16]R[0xa5][0x12]R[0x1a]K[0xbe][0x14][0xc6][0xdb]J[0xa2][0xd9][0xc6]Xr[0x90][0xb0]a[0xdc]XH[0xd0][0xf0][0x95][0xc][0xe1][0xbc]p[0xb1][0x81]t[0xf1][0xc0][0xf3][0x9c]LG+iI[0xb2][0x86]lR[0x97];[0xe]`Y[0x8][0xb1]%[0xdd][0xf2][0x1c][\r][0x8c][0xb9][0xc4][0xc4][0xbd]F[0xbe]}w.[0xe7][0xd1][0x9b]`x[0x82][0x90]+[0x92][0x8a][0x1]F[0x96][\r]+[0xa5][0x12]0[0xfc][0x1][0xc9][0xec]S%[0x12]`B[0xc0][0x9a][0xcb][0xc4][0x80]Z[0x82][0xd3][0xa2][0x9][0x80][[0x88][0x95][0xb3]Y[0x9b]"[0xa4]<7[0x81][[0xc4]}[0xa3])[0xb8][0x81][0x15]J[0xd4][0xaa]0[0xb0](,$[\n]"
12:54:55.289 [main] DEBUG org.apache.http.wire --  << "[0x8d][0xfc][0xc9][0x2][0xbd][0x94]([0xe0]6[0xec]Z[0xcb][0xe2][0xd4]Y[0xb2];[0x9a][0xdf][0xe9][0x90]^v[0xd2][0xe9][0xee][0xa5][0xd2][0x94][0x8a][0x81][0x15][0xbf]GZ[0x9e][0x81]F&[0xc0][0xd8][0xad][0xc0][0x4][0x84]R[0xeb][0xf0][0xb5][0xb0]7\[0x88][0xee][0xd0]t[0xbe]V[0xb1]Wk[0xfe]a[0xfc]8yD[0xdf][0xd1][0xf1][0xe9][0x1e]}G{[0xf4][0x8d]U[0xbc]v[0xe2][0x19][0xab]{|[0xf4][0xb]3[0xcc][0xd4][0xbd];[0xdf][0xd0][0x1][0x1].X[0xf1][0x15][0xc6][0xe4][0xa0]Q[0xc3]DY[0x5][0xe7][0x9c][0xe0][0xe9]q[0xbb][0x87]b[0xf3][0xf4][0xf]c[0xcc][0xd5][0xf8][0xee]f6[0x98][0xf][0xbb][0xd3][0xc1][0x1b][0x93][0xa2][0x10]o[0xe1][0xf1][0xc1] [0x9a][0xf]fo[0x4][0xf9][0xd4][0xd5][8[0xee]T~[0x85]f[0xe7][0x7][0xe8]][0xcd][0xe7]WSx[0x13][0xdd][0xe][0xba][0xf3][0xc1][0xec]m[0xe0]7$[0xca][\r]e[0xcc][0xa2][0xe6]L8[0x84];[0xb1][0xbb]#[0x95][0x8e][0x3][0xe][0xa1][0xf9][0x8]%[0xb5][0xf4][0xe8][0xc][0xa0]Y[0xbb]P[0xba]v%[0x1f][0xcf][0x98][0xa0][0xe4]Y[0xf9][0xfa][0xb2]:[0xfd][0x17]w[0xc8]`[0x7][0xf4][0x4]-[0xe3][0x82]|[0x8b][0xb7][0x83]C[0xe8][0xfb]_[0xf6]~[0x87]<[0x18]O[0x88][0xb6][0xc][0xbb][0xd3]>[0xdc]v[0xa3]!\M[0xc7]w4[0xf6][\n]"
12:54:55.289 [main] DEBUG org.apache.http.wire --  << "[0xa6]Ws8[0x1f][0xf][0xba][0xbd]![0x1c][0xc2]x4[0x1d]@Vy4[0x9a]]M_[0x7]/'[0x8d][0x8f][0xc3]:[0x9e],q[0xf9][0x1d][0xbe][0xaa][0x19][0x9e]>[0xa2][0xa5][0xd5][0xae][0xf8][0xaa][0xce][0x1e]-[0xe7][0xa3][0xbb]q[0xb7]7[0x1e]D[0x83][0xe9]#VZ5.k[\r][0x88][0xa4][0xda],[0x14][0xd3][0xc9][0xa3]/s$[0x1]zO}U[0xe7][0xe8][0x5]_5U[0x16][0xcf][0xc8][0x9][0xf8]W[\r][0x99][0xe8]M[0x4][0xc6]2[0x99][0xd0][0x8c]d[0xf4][0x1]\[0xb]d[0x6][0x81][0xf8][0x9b]A[0xef][0x8][0x98][0x81][0xad]*4[0x14][0x8f][0xce][0xc]&%[0x16][0xce][0xe0])[0xb5][0xf9][0xd9]i)[0xf6][0x4][0x83][0xc]Z[0x97][0xac][0xe0][0xc]n[0x99][0xce][0xe0]B [0xc6][0x18]VG][0x14]2[0xa6][0x1d]2[0xe1]_8[0x83]h[0xcd]%\h[0x8e]2[0x11][0xdb]J[0xc][0xf3]\[0x94][0xe6][0x9]#[0xda]4[0xf4]<[0xa3][0xf0][0xeb][0xec][0xf0][0xe3][0xa8][0xca]V[0x15][0xb0][0xa1][0x5][0xb9]$[0xde][0x91][0xd0][0xae][0x9]e!|r[0xce][0x13][0x13][0xb8][0xf6]X=[0x83][0xe6][0xfe][0xb7]![0xcd]Z>[0x8][0xaa][0xf][0xae]w[0xc0][0x96][0xd0]K[0xd1]Xx[0x83]R[0x15][0xab][0xf4][0x91][0x1b][0xc5]L[0x93][0x83][0xd4][0xb0][0xc6][0xad]yK[0xd3]4`[0xc8][0x93][0x4]e[0xf9].[0x8c]$[0x81]5|q-w[0xb0][0xa7][0xc3]w[0xc7][0xd0][0xa5][0xcb][0x5][0x83]q[0xa1]1[0x84]a[0x91]1[0xc9][0x1f]0[0x81][0xbe][0xb][\r]gUGI[0xf3]Td[0xeb][0x9c][0xa9][0xa7]L[0x8f]C[0xe2]b[0xb9][0xa4]m[0xe7][0x1a][0xef]QZ[0xe7][0xb1]7\[0xfa]q[0x1b][0xd2]k[0xe0]9e[0x95][0xc2]-[0xb9][\r][0xa1]E[0xd2]lT[0xe7][0xf7];[0x80]\[0xab]{[0x8a]$[0x8e][0xb5][0xc5]J[0xde][0xa3][0xe4](c[0xc][0x9c][0x1e]b&[0xc1]`[0xce][0xc8][0x0][0xdc]j.[0x0][0xd1]j\[0x92][0xe2][0x98][0x1][0x89][0xe8][0x2][0xa1][0xd2][0x1e]^[0xdc][0x82]U+[0xf4][0x1a][0x1b]Y[0x97][0x8b][0x14][0xbc][0xdc][0x8a][0xd2][0x90][0xf0][0xe5][0x12]5[0xed][0xde][0xb8][0xa4][0xc2]3\[0x14]^[0xf1],a9MP[0x19][0x16][0xb]N[0xee][0xcb][0xbc][0x16][[0xbc][0xeb]LG[0xb5]Q[0xe7][0xcb]w[0xb0][0xc5]f%[0xbf]h[0xb6]*[0xf9]E{o[0xf1][0x11][0xcb]L!W[0xd0]>[0xad][0x8d]d[0x9c]BoxyZ[0x87]F[0xbb]=|[0x80]^[0xa1][0xef]1[0x81]K[0x96][0x91][0xcf][0x9b]([0xc9][0xad][0xd2][0xf0]f[0xdc]k[0x9f][0xd2][0xa8][0xfe]d[0xfa][0xf1]S[0xf7]-[0xfc][0xfb][0xf7][0xff][0x82][0xa8] ^p#[0xac]f[0x1b][0xd2]G[0x14]kD[0x9][0xef][0xc7][0x83]~[0x95]e[0x9e][0xbe][0xc4]d[0xda][0xa7]0[0x9a][0xf6][0x86][0x10][0xdd]\[0xf]fp3[0x9e][0xcf][0xba][0xb7][0xa3][0xfe][0x0]Z[0xcd][0xb3]S[0xe8][0xdd][0xcc]>[0xc][0xfa]p[0xd9][0x9d][0x8c][0xa6][0x97]0[0xb9][0x9a][0x8e][0xe6]W3[0x1f][0xa5][0x13][0xf2][0x9][0xcd]c[0xe0][0xb4]o[0xe3][0x17]t[0xb4]b[0xb1][0xf5][0x9f][0xef]o[0xba][0xd3][0xf9][0xcd][0x4][0xfa]WsxC[y[0xb][0xf3]Ao8[0xbd][0x1a]_][0xde][0x5]0[0xec][0xcf][0xc0][0x14]9[0xf1]W[0xa7][0xc5]%[0x8b][0xad][0xd2][[0x88][0x99][0xe0][0xb][0xed][0x92][0xa2][0x1d][0xbe][0xc][0x18][H[0x8a]^b[0xeb][0x82]?7[0x96][0xc7]>[0xa1][0x88][0xe3][0xc2][0xe1]+VB[0xe9]2.I[0xab][0x99][0xb1]N[0x8c][0x9f]`8[0xba][0x1c][0xc2]lp1[0x1b]DC[0x98]u[0xe7][0x3]7[0xa8][0x91][0x19](H^[0xb0][0xa4][0xa1][0x1a]M[0xae][0xa4]A[0xb0]<C[0xd8]([0xbd]&[0x18][0xa1][0xe0][0x19][0x97]4{[0xa6][0xdc]~[0x16][0xa2][0xd0][0x1][0xac]ReH[0xd5][0x9e][0xf8]hL[0x8a][0x98]8y^X[0x10]l[0xf5]"
12:54:55.293 [main] DEBUG org.apache.http.wire --  << "[0x14]i(0[0xb6][0x9a][0xf2];[0xf3][0xfd]a[0xe5][0x93]m7[0xb9][0xea][0xad]<[0xc8][0xa2]?[0x7]Y[0xb3][0x92][0x92]T[0xc2]Jk[0xf][0xb2]nLL[0xf7][0xbc][0xd9][0xac][0xbf][0x87][0x5][0x87]f#[0xec]8[0xad][0xa1][0x81][0x8b]B[0x8][0x18][0xf6][0xe1]M[0xe3][0xb4]Y[0x87][0xaf][0xd0][0xa8][0x9f][0xd4][0xdf][0xc2][0xe8]:[0xf2]`[0xaa][0xcd]S.+[0xd1][0xe5][[0xf4]4[0x1b]![0xfc][0x1f][0xb3][0x11]"K|[0xd0][0xc4][0x9]7[0xb9]`[[0xe8][0xca][0x4]f,A%a[0xa9][0x11]![0xda][0xca][0x18],[0xc6][0xa9]TB[0xad][0xb6]!L[0x15]y[0xa2][0x9c]Y[0xbe][0xe0][0x82][0xdb][0xad]s[0x0][0x1f][0x6]Q[0x17]&t^[0x98][0xe1]R[0xa3]Ia[0xc6],[0x9e][0xc1]qg[0xf8][0x0]5[0xb8]1d,[0xc3][0xfe]d[0x4][0xe]Y[0x9f]P[0xab][0xda]R[0xb3][0xc]KB[\r][0xbf]z[0xbd][0xd7][0xc8][0xf0][0xe1]Whg[0xe6][0x99][0xf6]u[0xdb][0xcc][0x99]D[0x1]][0x93]cl[0xc1][0xc1][0x11]j[0xd0]8:[0x83][0xd3][0x90][0xc2][0x8f][0xd2]dt>[0xf9]r[0xf]B8[0x86][0x8c][0xb]A0qX4![0x9c]k[0x8a]`[0x12][0x8d][0x81][0x1a]4;u[0x90][0xdc][0xc2][0x9c][0xb][0x2][0xfc]J [0xd4]:[0x90][0xe0][0x8a][0xe]o[0x15]4v_B[0x18]*[0xcd][0x1f][0x94][0xb4]L[0xc0]=[0xc7][0x8d][0xa3]<[0xf4]B[0xad]q|[0xf2]8[0xe8][0x3]j[0xcb][0xe3]?[0x19][0x2][0xc7][0x1d]HQ[0xdb][0x87]W@[0xe4][0xfb]|=[0x8a][0xed]/[0xd7][0xdf][0x85][0xc8]=[0xd1]iv*[0x88]l[0xee][0x11]y[0xdb][0x87][0xf6][0xfc]|[0xe7][0xda][0xfa][0x9a];r[0xac][0xd7][0xc6][0xbb][0x96]k[0xc1][0xb6][0xc6]z[0x17][0xd0][0x86][0xeb]],[0x1a]|[0xb5][0xa8][0x89].[0xc][0x89][0xb5][0xb8][0xb7]*[0xc5]2r[0xab]O[0xb1]9[0xf8]J[0xf5]1[0x1f]K[0xaf][0xa3]6[0xac][0xfc]r[0xf8]5G][0x86])Z[0x9][0x98][0xdc]nR[0xd4][0x8][0x17][0xe4][\n]"
12:54:55.293 [main] DEBUG org.apache.http.wire --  << "[0xe8][0x15]df[0x1b][0x80]A[[0xe4].q_[0xef][0xc0][0xe3][0xb3]7[0xbe]J!f9[0x8b][0xb9][0xdd][0x6][0xd0][0xaa]m)teL[0x16][0xe4][0xc3][\n]"
12:54:55.293 [main] DEBUG org.apache.http.wire --  << "[0x8d][0xfa]'[0x3][0xe4]:[0x8][0x1b][0x1b][0xa6]5[0x93]v[0xfb][0xb7][0x95]p[0xd4][0xc8][0xec][0xf8][0xa8][0xd3]o[0xc7][0xdf][0xa1][0x84]v%7i[0xd7]+JhTb[0xf][0x17]<V[0xc4];6[0xa8][0xa1][0xd9]9[0xba]<[0x87]([0xea]C[0xab][0xf]S[0xa2][0xd5][0xdd]N[0x7][0xa2]q[0xf]z[0x94][0xac][0xc1]5[0xea][0xa5][0xd2][0x19][0x93]1[0x15]1[0x94][0xb1][0x10]u[0xe7]][0x18][0x8d]F[0xd0][0xc];[0x15]=[0xd4][0xbf][0xf1][0x11][0xbb][0x9][0x97][0x82][0x8a]X.[0xdb][0xcc]s[0xc1]1q[0xa1][0xda][0x97][0x80][0xbc]P[0xad]f[0xd2],Q[0x83][0xc9][0x11][0x13][0x97](1[0xbd]v[0xca][0xfe][0xc8][0xa6][0xcc][0x2]J[0xcf][0xc][0x98]+[0x9b]-[0x94]"[0x85]9[0x82][0x91]Q[0xe8][0xa0]j[0xc6]=j[0xca]c[0xcd][0xd6]X[0xcc]\[0xaa]^[0x9e]"ty1K[0xee][0xe9]KR9[0xe9][0xfc][0xd1][0x7]Q[0x6][0xac]6[0xa6][0xfa][0x16]-R[0x82]D([0xb9]B[\r][0x82]/[0xd1][0xe4]L[0xc2]q[0x96][0xb9][0xea][0xd6][0xe]+O[0x88][0x8b]s[0xa7][0xb][0xa5][0xd6][0x9e][0xf2]y[0xef][0xea]FKe[0xd1]=[0x8]w[0x1e][0xc5][0xc0]|6[0x9a][0x90][0xf3][0xcb][0x98]L[0x2][0xb8]dz[0xc1]V[0xe8]X/:[0xca]\[0xf1][0x93][0x1][0xcc][0xba][0xa3][0xbe][0xf]E[0x83]^[0xf][0xde][0xc][0xb4]V[0x9a][0xc8][0xaa]/[0xeb][0xfd][0x8]=[0xa5][0xb5][0xed][0xad][0xa7][0x9e][0xb3][0x11]!S[0xb9][0xe5][0x99][0xa3][0x94][0xd5]#:[0xb][0x90][0xa9][0x97][0x8b]F[0xc1][0x99]w[0xc0][0xe1][0xdf][0xc6][0xf0]qc}[0xbb][0xcd]>[0xfd]#[0xfe][0xc7]_[0xc4]p[0xab]Q[0xc9][0xaf][0xeb]U[0xfe]$[0xfb][0xdc][0xac][0x1d]n[0xaf][0xc7]7[0x11]4[0xe6][0xe7]0[0x92][0xa5][0x9f][0xa0]_k{[0x9c][0x1e][0xc1][0xe5][0xe2][0xd0][0xfc])T[0x7][0xcc]l[0xa1][0xc8]W[0x9a][0xca]l[0xa4][0xb7][\n]"
12:54:55.293 [main] DEBUG org.apache.http.wire --  << "[0xb4][0xa0][0xc8][0x3]0ia[0x13][0xb5][0x91][0x81][0xc7][0xb0]/[0xde][0x82]P,)[0xc9]@[0x19]I[0xde]t[0x8d][0x8f]^[0xda][0xc3][0xbc][0xd3][0xae][0xd7]av=[0xf1][0xbb]i[0x86][0x9d][0xff][0xfe]?[0x90][0x92][0x1f]K[0xc8][0x8f][0xfd][0xc][0xe7][0xcc][0xf8][0xe2][^,[0x4]7T[0x1e][0xa1][0xd8][0xc3][0x97][0xe5][0x1a][0xa6]$[0xce][0xe5][0xd1][0x16]([0xe3][0x94][0x8c][0x83]tl[0xd1]X[0x3][0x85][0xb]}[0xd7][0xbd][0x9][0xd3]k[0xb8]g[0xd2][0x12]fL[0xac]4[0x9a][0xb7][0xde]d[0xa9] [0xa3][0x8d][0x85][0x8d][0xe6][0x16][0xab]*[0xf] cn&n[0x81]'X[0xa6][0xfa]v[0x9b][0xbb][0x0]s[0xdd]s[0x8c][0x88][0xe]i[0x9c][0xd1][0xb8][0x82]Wla[0xc1][0x84][0x3][0x8c]Z~[0x83][0x9f][\n]"
12:54:55.293 [main] DEBUG org.apache.http.wire --  << "l`[0x86],9[0xf4]k[0x96][0xc6][0xab][0x96]P[0xe4]N,[0xad][0xce][0xe4][0xfc][0xd0][0x1c][0xb6];u[0xfa][0x84]7[0x8f]bx<)[0x1d][0x8e][0xcb][0xd5][0xcf]O<P[0xc6][0xb6]p[0xcf][0xf4][0x16][0x12][0xcc]Q&[0xb4][0xf5]"[0xa7][0xe2][0x81][0xb]%{[0xdf]LL[\r][0x12][0xbc][0xe7]t[0xc6][0xab][0xc8]S[0xc6][0xbd][0xe2][0xc2][0xb7][0xaf][0xe0][0x96]o[0x8e][0xe7][0x8d][0xb5]z[0xff][0xcb]_[0x8c][0x8d][0xed][0xe3][0xbd][>}[0x12][0x1a][0x9b][0xf3]s[0x18][0x8][0xcc]PZ[0xf3][0xa7][0xd1][0x8f][0xf8]Nt[0xe][0xad][0xb0]^a[0xf9]G[0xdf][0xc4][0xc1][0xdd][0x18][0xe7]x[0xa2]sh[0x86]u*[0xa2]W[0x98][0x95][0xb]|[0x9][0xb3][0xec][0xd1][0xcd][0x1a]*-[0x93][0xb]%[0xed]W%?$?[0xdd]+[0x5][0xfc][0xf3][0xf3]yh[0x94][0xa5][0xb0]7[0x9d]_D[0xe]DTm%[0x1f][0xda][0xa8][0x7][0x8f][0xff][0x9f][0x84][0x8d][0xfd][0x97][0xe3][0x9f][0x89][0xc9][0xf9][0x17]I[0x8f][0xa4][0xda][0x5][0x82][0xc6]_[\n]"
12:54:55.293 [main] DEBUG org.apache.http.wire --  << "N[0xc6]C[0x93](W(R9z[0x81][0x96][0xde][0xdc]<_[0xfe][0x5]T([0x9][0x85]A[0xfd][0xef][0xdf][0xff][0xdb]8s[0xdb]0[0x9f][0xa9].[0xf9][0xaa]([0x93][0xc][0x12][0xcb][0xf3][0xa9]_[0x1][0x16][0xa3][0xf3][0xf3][0xf][0xef][0xee][0xa3]~[0x9][0x8b]?[0xab][\r][0xb5][0xc2][0xd6][0x9e]2[0xd5][[0x8f][0xb0][0xa8][0xb4][0x15][0xae]9jr[0xc7]W[0x1b][0x1]3*[0xd0]\Rq[0xe3]Z0[0x12]vd[0x19][0x97][0x82]hfd[0x11]EY[0xa8][0xaf]:[0xba][0x17][0xf2][0xbe]of)[0xcb][0xfb][0x17][0xc2][0xf9][0xac]y![0x89][0x0]_[0x8b]b[0x5][0x3][0xa6]][0x9]6[0xf4][0xed][0x7][0xb5][0x84]V[0xe3]h[0xfc]|[0xd9][0xa7]2[0xfb][0x82][0x1b][0x14][0xa8][0xb7][0xdf][0x9f]Z[0xdf][0xf4][0x7][0xf][0x93]w[0x1f][0xf2]2[0xb5][0x1e][0x1f][0xb5][0xeb][0x9f][0xdf][0x8f][0x8f]:[0x9f]'[0xe3][0xd6][0x1f]I[0xae]Q1[0xa8]F[0x85][0xe7]T[0x1a][0x0][0xb7])9[0x9e][0xea]A[0xa9][\r][0x1a][0xa3]1[0xd5][0xfe][0xcb][0xb7][0xf2][0xe9][0x9]f[0xc][0x8f][0xa1]"
12:54:55.293 [main] DEBUG org.apache.http.wire --  << "G[0x1d][0x13]L[0xe0][0x16][0x13][0x87][0xa8][0x81]\[0xb1][0x95]3N[0xd7][0xdf][0xb1][0x8c]k[0x84]>g[0x99][0xa2][0xb2][0x8e]V[0x19]7[0x8]3[0xd7]QS[0x1a][0x86]T[0xc8][0xb8][0xe4]K[0xeb][0xba]i&W\xB*[0xc8][0xb6]|[0xb7]K[0xe9][0xca][0xa4][0xc1]n[0xa1][0x0][0xba]R[0xba][0xee][0x18][0xd3][0xdb][0x0]>0[0x81][0xd2]r[0x89]?[0x19][0xe8][0xb3]m[0x18][0x86]O[0xde][0xc7][0x8d][0xbb][0xee][0xe8][0xe2][0xa6]}2[0xfa]+[0xf2]n[0xbd][0xc8]*+[0x5]o[0xdf][0xf2][0xf2][0xd2]FK[0x92][0x9f][0xf0]X[0xab][0x9c][0xdd]c[0xc5]G5[0x8e]N[0x9e][0x8b];b[0x96][0x1b][0xe2][0xcf]d[0x92][0x97][0x5]#[0xd2][0x8c][0x98][0x84]0C[hI[0x15]"[0xfc][0x1a][0xa7]L[0xae]([0xc0]lA[0xe9][0x4][0xb5][0xe3][0xe3]\B[0xab][0xe][0x9][0xdb][0x9a][0xd0][0x97][0xa5][0xca][0xb6][0x87][0xa1]M,[0xb6]0dK[0xc4][0x7][0xe8][0xa1][0xf4][0xbd]U[0xc7]|n$/-[0xc7]"1[0xaf][0xd7]X[0xfd][0xef])[0xe4][0xa8]a[0x16][0x13]~#[0xd5][0xe5]_RH[0xc5][0x0]*[0x1][0xa5]RT~[0xa7]R[0xe9]b[0xc6][0xf6][0xb1][0xa6]<[0xc6][0x15]R[g[0xca]V[0xcc][0xeb][0xea]G[0x88][0xb8] [0x1a][0xde][0xd7]lE7[0x11][0xca][0xec][0xab][0x97]R[0xfb][0xec]\[0xb3][0x18]E[0xb5][0x11]q[0xf4]m[0x1b][0xe2]B[0xab][0xc][0x8][0xd9][0xbb][0xd9][0xf7]t5p"w[0xab]m[0x98][0x1].M[0xee]\[0xfb]b[0xeb][0x1e]d[[0x9b]:[0xa2][0xe1][0x8a][0x90][0xd4][0x9][0xa3]-8[0x82][0x9f]ke1[0xb6][0xbe][0xd9][0xa4]bd[0xb4][0xfd][0x1c][0x99][0x16]![0xdc]R[0xd6][0xb5]d[0xb1][0xe3]-rCQ[0xd1]*[\n]"
12:54:55.293 [main] DEBUG org.apache.http.wire --  << "[0x1d][0xb][0x12][0xee][0x6][0xcb]n[0x92]34[0x17][0xf7][0x17][0x85]L<[0xdb][0xa1][0x90]RX[0xf7][\n]"
12:54:55.293 [main] DEBUG org.apache.http.wire --  << "Y_[0xb9][\n]"
12:54:55.293 [main] DEBUG org.apache.http.wire --  << "[0x11][0x82][0xbf]kT[0xf9][0xed]C[0x9a][0xbc][0x9b]n[0xfe][0x8a][0xe][0xdb][0x95]Ba[0xd5][0xac]*u[0xc2][0x9]][0x1a])/[0x8b]D[0x94]5\[0xf0][0xea]E[0x91][0xce][0xb][0xfe]k[0x9e][0xee][0x8a]b[0xb1]*[0xc8][0x12][0x90][0xb2][0x93]Uj[0xc5][0xb6]R[0x1f]][0xa0][0xdd]PeFy[0xb3]([0xeb]4[0x9e]jB[0xae][0xc9]"(U:[0xdc][0xb5][0x7]([[0xf1][0xaa]Y[0xa8]d[0xb][0x8b][0x82][0x8b][0xc4][0xf8][0xa0][0xbb][0xd8][0x12][0xb]4[0xa5][0xba]5[0xc5]t[0xc][0xca]v[0xe][0x96][0xad]E.}[0xa4]'l[0x99]t[0xb7]/[0x8d]T[0xc3] @[0xa0]P[0x9b][0xdd]^r[0xad][0x92]"v[0x8d][0xd0][0xdd][0xb1][0x9e][0xa9][0xe7][0xff][0xdb][0xe6][0xbb][0xfb][0xf8][0x80]W[0x85][0x11][0xdf][0xd5][0xb6]i[0xec]uSi1[0xb7][0x9e][0xeb][0xc6][0xb7]2[0x9f]7[0xec]:/i[0xc6][0xf7][0xe0]UaQ[0xbb][0xa2][0xf7][0x97][0xb2]-CP[0xf4]wd[0xe][0xfd][0xe5][0x98]C[0xdf][0xe4][0x9][0x9e][0xa6][0x92][0x99]s@[0xe5]-[0x1c]C[0xf][0xe3][0x94]j[0xe9][0xc4][0xd1]][0xdc]H[0xb9][0xff][0x8c]Y[0x96][0xbb]2[0xda]?[0xe3][0xf2]PS;2.{[0xdd][0x1][0xc4][0xdb]X[0xb8][0xac]f[0xf7]([0x1c]_z$[[0x94][0xe7][0xb8]*[0xd6]%[0xf5][0x12]V|i[0xa9]7[0xc4]c[0xbf][0x9]*[0xb7][0xfb][0xf][0xb2][0xc1][0x8c][0x8b]-d[0x98]-([0xda]u}[0x3]&E[0xe6][0x8a]c[0xce][0xfe][0xac][0x82][0xb][0xd7][0x87][0x9] -[0xcc][0xc2]Q.[\r][0xc6][0xf1]|[0xea]s[0xb8]|^[0xae][0xcd][0x8a][0xdf][0x97][0xbb][0xe8][0xa5][0x9a][0x1b][0x9b]1[0x1f][0xed]^G[0xef][0x82][0xd7][0x8a]/V[0xdc]|[0xd7]U[0x8f][0xfd][0xd5][0x82]N[0xc5]&[0x9b]/[0xdb][0xe4][0xb5][0xc6][0x8c][0x17][0xd9][0xa3]m[0xc2][0xbc][0xe6].x[0x99]J[0xd0]k6[0x89][0xe6]=[0x8b]z[0x82]g[0xb5]%[0xf7][0xcc][0xd7][0xf5]F[0x83]}[0xfd]Z[0xb3][0x95]`[0xd2][0xd5][0x19][0xca][0xdb][0x3]dY[0x1a][0xb1][0xb6][0xf0][0xad][0xd2][0x14][0xa5][0xc0]-[0xe4][0xa2][0xec][0x80]9[0xf3][0x86][0xf2]V[0xc2][0x8f][0xfe][0x16]Wy[0xf9][0x83]tV[0xb9][0x2]T[0xe9][0xdf][0xfa]+A[0xc8][0x8]w[0xa1][0xab][0xca][0xfa][0x18][0xee][0xdb][0xad]d[0xb8][0xfe] [0xce][0x99]jU[0x94]wB [0xdb][0xa5][0xc8]I[0xa1]w[0x99][0x9e][0xbf][0xe2][0xe3][0xf1][0xbd][0xe4][0xfe]JDy[0x15]bY^7s[0x88][0xa7]q[0x9]G[0x97][0xff].[0x98][0xc1][0x5][0x95]h[0x96]L[0x1a]_[0x94][0x19][0xfa]s[0xf9]^[0xf1]~Iw[\r][0x85][0xcb]X[0x14][0xd4][0x12]`OeQ[\n]"
12:54:55.294 [main] DEBUG org.apache.http.wire --  << "[0xe1][0x95][0x90]Rk[\r][0xbf]\N[0xfb]7[0x15][0xf2][0x1e]~[0x8e]>[0x86][0x9f]o>[0x86][0x9f][0xa3][0xbb][0xf0][0xf3][0xcd][0xdd][0x1f]#[0xa7]Q[0xa9]V[0xca][0x16]{[0xe4]\|aB[0x90][0xc9]I[0xa8][0xc1][0x85][0x12][0x89]a[0xf1][0x1a][0xa6]*[0x84][0x6][0x9c][0xb3]x[0x9d]3[0xba][0xfa]u[0xc1][0xad][0xa1][0xaa][0xf0][0x98][0xe5]V[0xe5]O[0xeb][0x16]/\[0x3][0xb8]#S[0xdc]e[0xe6]4[0x83][0x93]>[0xde][0xa3][0xde]&lKYP[0xd9][0xe8][0x13]k[0xb3]cA[0xe4][0xa2][\r][0xdd][0xd0][0xb3]T[0x99][0xf3][0xbc][0xd4][0xad][0x6]o|~[0xde][0xd8][0xd5][0xf6][0xdf][0xee]^[0xc9][0x99][0xbb][0x84][0xb5][0xc3][0xa3]{g[0xb7][0xc8]k[0xc8][0xfe][0xa4][0xb1][0xbc][0xfe]gRkv[0xef]J[0xd9][0x8f][0x1b][0x9d]z[0xfd]{[0xe8]O[0xa3]Y[0xff][0xed][0xb7][0xff][0xfc]_[0x0][0x0][0x0][0xff][0xff][0x3][0x0][0xf6][0x8e][0xcf][0xe5]|)[0x0][0x0]"
12:54:55.294 [main] DEBUG org.apache.http.wire --  << "[\r][\n]"
12:54:55.294 [main] DEBUG org.apache.http.wire --  << "0[\r][\n]"
12:54:55.294 [main] DEBUG org.apache.http.wire --  << "[\r][\n]"
12:54:55.294 [main] DEBUG io.restassured.internal.RestAssuredHttpBuilder -- Parsed data to instance of: class org.apache.http.conn.EofSensorInputStream
12:54:55.295 [main] DEBUG org.apache.http.impl.conn.BasicClientConnectionManager -- Releasing connection org.apache.http.impl.conn.ManagedClientConnectionImpl@6f7a65e
12:54:55.295 [main] DEBUG org.apache.http.impl.conn.BasicClientConnectionManager -- Connection can be kept alive indefinitely
12:54:55.318 [main] DEBUG net.thucydides.core.steps.StepInterceptor -- STEP DONE: I send the request Get product
  &amp#27;[32mWhen &amp#27;[0m&amp#27;[32mI send the request Get product&amp#27;[0m         &amp#27;[90m# starter.stepdefinition.ProductSteps.requestGetProductShort()&amp#27;[0m
12:54:55.329 [main] DEBUG net.thucydides.core.steps.StepInterceptor -- STARTING STEP: ProductSteps.validateGetproductShort - I receive 200 to validate scenario
12:54:55.335 [main] DEBUG net.thucydides.core.steps.StepInterceptor -- STEP DONE: I receive 200 to validate scenario
  &amp#27;[32mThen &amp#27;[0m&amp#27;[32mI receive 200 to validate scenario&amp#27;[0m     &amp#27;[90m# starter.stepdefinition.ProductSteps.validateGetproductShort()&amp#27;[0m
12:54:55.341 [main] INFO  -- 
  _____   ___   ___   _____     ___     _     ___   ___   ___   ___  
 |_   _| | __| / __| |_   _|   | _ \   /_\   / __| / __| | __| |   \ 
   | |   | _|  \__ \   | |     |  _/  / _ \  \__ \ \__ \ | _|  | |) |
   |_|   |___| |___/   |_|     |_|   /_/ \_\ |___/ |___/ |___| |___/ 

Get product by short the parameter
----------------------------------------------------------------------
]]></system-out>
  </testcase>
  <testcase name="Get the product by it&apos;s category" classname="Access Product from Shop" time="1.224">
    <system-out><![CDATA[
Scenario: Get the product by it's category            &amp#27;[90m# src/test/resources/features/Product.feature:15&amp#27;[0m
12:54:55.364 [main] DEBUG io.cucumber.core.plugin.SerenityReporter -- Running feature from file:///D:/Intelij/REST%20API/fakestoreapi/src/test/resources/features/Product.feature
12:54:55.375 [main] INFO  -- 
  _____   ___   ___   _____     ___   _____     _     ___   _____   ___   ___  
 |_   _| | __| / __| |_   _|   / __| |_   _|   /_\   | _ \ |_   _| | __| |   \ 
   | |   | _|  \__ \   | |     \__ \   | |    / _ \  |   /   | |   | _|  | |) |
   |_|   |___| |___/   |_|     |___/   |_|   /_/ \_\ |_|_\   |_|   |___| |___/ 

Get the product by it's category(access-product-from-shop;get-the-product-by-it-s-category)
--------------------------------------------------------------------------------
12:54:55.433 [main] DEBUG net.thucydides.core.steps.StepInterceptor -- STARTING STEP: ProductSteps.setToGetProductCate - Set the GET product endpoint with category
12:54:55.433 [main] DEBUG net.thucydides.core.steps.StepInterceptor -- STEP DONE: Set the GET product endpoint with category
  &amp#27;[32mGiven &amp#27;[0m&amp#27;[32mSet the GET product endpoint with category&amp#27;[0m    &amp#27;[90m# starter.stepdefinition.ProductSteps.setToGetProductCate()&amp#27;[0m
12:54:55.444 [main] DEBUG net.thucydides.core.steps.StepInterceptor -- STARTING STEP: ProductSteps.RequestGetProductCate - Send the HTTP request for Get product category
12:54:55.448 [main] DEBUG net.thucydides.core.steps.StepInterceptor -- STARTING STEP: GetbyCategory.sendRequestProductCate - Set the GET product endpoint with category
12:54:55.448 [main] DEBUG net.thucydides.core.steps.StepInterceptor -- STEP DONE: Set the GET product endpoint with category
12:54:55.483 [main] DEBUG org.apache.http.impl.conn.BasicClientConnectionManager -- Get connection for route {s}->https://fakestoreapi.com:443
12:54:55.483 [main] DEBUG org.apache.http.impl.conn.DefaultClientConnectionOperator -- Connecting to fakestoreapi.com:443
12:54:55.660 [main] DEBUG org.apache.http.client.protocol.RequestAddCookies -- CookieSpec selected: ignoreCookies
12:54:55.660 [main] DEBUG org.apache.http.client.protocol.RequestAuthCache -- Auth cache not set in the context
12:54:55.660 [main] DEBUG org.apache.http.client.protocol.RequestTargetAuthentication -- Target auth state: UNCHALLENGED
12:54:55.660 [main] DEBUG org.apache.http.client.protocol.RequestProxyAuthentication -- Proxy auth state: UNCHALLENGED
12:54:55.660 [main] DEBUG org.apache.http.impl.client.DefaultHttpClient -- Attempt 1 to execute request
12:54:55.660 [main] DEBUG org.apache.http.impl.conn.DefaultClientConnection -- Sending request: GET /products/category/phone HTTP/1.1
12:54:55.660 [main] DEBUG org.apache.http.wire --  >> "GET /products/category/phone HTTP/1.1[\r][\n]"
12:54:55.660 [main] DEBUG org.apache.http.wire --  >> "Accept: */*[\r][\n]"
12:54:55.661 [main] DEBUG org.apache.http.wire --  >> "Host: fakestoreapi.com[\r][\n]"
12:54:55.661 [main] DEBUG org.apache.http.wire --  >> "Connection: Keep-Alive[\r][\n]"
12:54:55.661 [main] DEBUG org.apache.http.wire --  >> "User-Agent: Apache-HttpClient/4.5.13 (Java/20)[\r][\n]"
12:54:55.661 [main] DEBUG org.apache.http.wire --  >> "Accept-Encoding: gzip,deflate[\r][\n]"
12:54:55.661 [main] DEBUG org.apache.http.wire --  >> "[\r][\n]"
12:54:55.661 [main] DEBUG org.apache.http.headers -- >> GET /products/category/phone HTTP/1.1
12:54:55.661 [main] DEBUG org.apache.http.headers -- >> Accept: */*
12:54:55.661 [main] DEBUG org.apache.http.headers -- >> Host: fakestoreapi.com
12:54:55.661 [main] DEBUG org.apache.http.headers -- >> Connection: Keep-Alive
12:54:55.661 [main] DEBUG org.apache.http.headers -- >> User-Agent: Apache-HttpClient/4.5.13 (Java/20)
12:54:55.661 [main] DEBUG org.apache.http.headers -- >> Accept-Encoding: gzip,deflate
12:54:56.556 [main] DEBUG org.apache.http.wire --  << "HTTP/1.1 200 OK[\r][\n]"
12:54:56.556 [main] DEBUG org.apache.http.wire --  << "Date: Sun, 16 Apr 2023 05:54:56 GMT[\r][\n]"
12:54:56.556 [main] DEBUG org.apache.http.wire --  << "Content-Type: application/json; charset=utf-8[\r][\n]"
12:54:56.556 [main] DEBUG org.apache.http.wire --  << "Content-Length: 2[\r][\n]"
12:54:56.556 [main] DEBUG org.apache.http.wire --  << "Connection: keep-alive[\r][\n]"
12:54:56.556 [main] DEBUG org.apache.http.wire --  << "Access-Control-Allow-Origin: *[\r][\n]"
12:54:56.556 [main] DEBUG org.apache.http.wire --  << "Etag: W/"2-l9Fw4VUO7kr8CvBlt4zaMCqXZ0w"[\r][\n]"
12:54:56.556 [main] DEBUG org.apache.http.wire --  << "X-Powered-By: Express[\r][\n]"
12:54:56.556 [main] DEBUG org.apache.http.wire --  << "CF-Cache-Status: DYNAMIC[\r][\n]"
12:54:56.556 [main] DEBUG org.apache.http.wire --  << "Report-To: {"endpoints":[{"url":"https:\/\/a.nel.cloudflare.com\/report\/v3?s=xgvsLtJhgVPmU5w8SDE6IwWXmnHpZUWH2%2Fz0Kbp5F0TgS4qWbkhh6rqdf0Rj0bWGVk%2FAC56Q0nMep8zpIYE4vqWoWNRijI%2BraOFb8LOi3VoIEgj%2BnaNFghirFcDtc93mtL3H"}],"group":"cf-nel","max_age":604800}[\r][\n]"
12:54:56.556 [main] DEBUG org.apache.http.wire --  << "NEL: {"success_fraction":0,"report_to":"cf-nel","max_age":604800}[\r][\n]"
12:54:56.556 [main] DEBUG org.apache.http.wire --  << "Server: cloudflare[\r][\n]"
12:54:56.556 [main] DEBUG org.apache.http.wire --  << "CF-RAY: 7b8a2d2c58083fab-SIN[\r][\n]"
12:54:56.556 [main] DEBUG org.apache.http.wire --  << "alt-svc: h3=":443"; ma=86400, h3-29=":443"; ma=86400[\r][\n]"
12:54:56.556 [main] DEBUG org.apache.http.wire --  << "[\r][\n]"
12:54:56.556 [main] DEBUG org.apache.http.impl.conn.DefaultClientConnection -- Receiving response: HTTP/1.1 200 OK
12:54:56.556 [main] DEBUG org.apache.http.headers -- << HTTP/1.1 200 OK
12:54:56.557 [main] DEBUG org.apache.http.headers -- << Date: Sun, 16 Apr 2023 05:54:56 GMT
12:54:56.557 [main] DEBUG org.apache.http.headers -- << Content-Type: application/json; charset=utf-8
12:54:56.557 [main] DEBUG org.apache.http.headers -- << Content-Length: 2
12:54:56.557 [main] DEBUG org.apache.http.headers -- << Connection: keep-alive
12:54:56.557 [main] DEBUG org.apache.http.headers -- << Access-Control-Allow-Origin: *
12:54:56.557 [main] DEBUG org.apache.http.headers -- << Etag: W/"2-l9Fw4VUO7kr8CvBlt4zaMCqXZ0w"
12:54:56.557 [main] DEBUG org.apache.http.headers -- << X-Powered-By: Express
12:54:56.557 [main] DEBUG org.apache.http.headers -- << CF-Cache-Status: DYNAMIC
12:54:56.557 [main] DEBUG org.apache.http.headers -- << Report-To: {"endpoints":[{"url":"https:\/\/a.nel.cloudflare.com\/report\/v3?s=xgvsLtJhgVPmU5w8SDE6IwWXmnHpZUWH2%2Fz0Kbp5F0TgS4qWbkhh6rqdf0Rj0bWGVk%2FAC56Q0nMep8zpIYE4vqWoWNRijI%2BraOFb8LOi3VoIEgj%2BnaNFghirFcDtc93mtL3H"}],"group":"cf-nel","max_age":604800}
12:54:56.557 [main] DEBUG org.apache.http.headers -- << NEL: {"success_fraction":0,"report_to":"cf-nel","max_age":604800}
12:54:56.557 [main] DEBUG org.apache.http.headers -- << Server: cloudflare
12:54:56.557 [main] DEBUG org.apache.http.headers -- << CF-RAY: 7b8a2d2c58083fab-SIN
12:54:56.557 [main] DEBUG org.apache.http.headers -- << alt-svc: h3=":443"; ma=86400, h3-29=":443"; ma=86400
12:54:56.557 [main] DEBUG org.apache.http.impl.client.DefaultHttpClient -- Connection can be kept alive indefinitely
12:54:56.557 [main] DEBUG io.restassured.internal.RestAssuredHttpBuilder -- Parsing response as: application/json; charset=utf-8
12:54:56.557 [main] DEBUG io.restassured.internal.RestAssuredHttpBuilder -- Parsed data to instance of: class org.apache.http.conn.EofSensorInputStream
12:54:56.558 [main] DEBUG org.apache.http.wire --  << "[]"
12:54:56.558 [main] DEBUG org.apache.http.impl.conn.BasicClientConnectionManager -- Releasing connection org.apache.http.impl.conn.ManagedClientConnectionImpl@5c0d3715
12:54:56.558 [main] DEBUG org.apache.http.impl.conn.BasicClientConnectionManager -- Connection can be kept alive indefinitely
12:54:56.559 [main] DEBUG net.thucydides.core.steps.StepInterceptor -- STEP DONE: Send the HTTP request for Get product category
  &amp#27;[32mWhen &amp#27;[0m&amp#27;[32mSend the HTTP request for Get product category&amp#27;[0m &amp#27;[90m# starter.stepdefinition.ProductSteps.RequestGetProductCate()&amp#27;[0m
12:54:56.563 [main] DEBUG net.thucydides.core.steps.StepInterceptor -- STARTING STEP: ProductSteps.validateGetproductCate - Receive HTTP code 200
12:54:56.564 [main] DEBUG net.thucydides.core.steps.StepInterceptor -- STEP DONE: Receive HTTP code 200
  &amp#27;[32mThen &amp#27;[0m&amp#27;[32mReceive HTTP code 200&amp#27;[0m                          &amp#27;[90m# starter.stepdefinition.ProductSteps.validateGetproductCate()&amp#27;[0m
12:54:56.567 [main] INFO  -- 
  _____   ___   ___   _____     ___     _     ___   ___   ___   ___  
 |_   _| | __| / __| |_   _|   | _ \   /_\   / __| / __| | __| |   \ 
   | |   | _|  \__ \   | |     |  _/  / _ \  \__ \ \__ \ | _|  | |) |
   |_|   |___| |___/   |_|     |_|   /_/ \_\ |___/ |___/ |___| |___/ 

Get the product by it's category
----------------------------------------------------------------------
]]></system-out>
  </testcase>
  <testcase name="Update Product using PUT method" classname="Access Product from Shop" time="0.858">
    <system-out><![CDATA[
Scenario: Update Product using PUT method     &amp#27;[90m# src/test/resources/features/Product.feature:20&amp#27;[0m
12:54:56.581 [main] DEBUG io.cucumber.core.plugin.SerenityReporter -- Running feature from file:///D:/Intelij/REST%20API/fakestoreapi/src/test/resources/features/Product.feature
12:54:56.591 [main] INFO  -- 
  _____   ___   ___   _____     ___   _____     _     ___   _____   ___   ___  
 |_   _| | __| / __| |_   _|   / __| |_   _|   /_\   | _ \ |_   _| | __| |   \ 
   | |   | _|  \__ \   | |     \__ \   | |    / _ \  |   /   | |   | _|  | |) |
   |_|   |___| |___/   |_|     |___/   |_|   /_/ \_\ |_|_\   |_|   |___| |___/ 

Update Product using PUT method(access-product-from-shop;update-product-using-put-method)
--------------------------------------------------------------------------------
12:54:56.670 [main] DEBUG net.thucydides.core.steps.StepInterceptor -- STARTING STEP: ProductSteps.setToPUTNewProduct - I am set the PUT new product endpoint
12:54:56.670 [main] DEBUG net.thucydides.core.steps.StepInterceptor -- STEP DONE: I am set the PUT new product endpoint
  &amp#27;[32mGiven &amp#27;[0m&amp#27;[32mI am set the PUT new product endpoint&amp#27;[0m &amp#27;[90m# starter.stepdefinition.ProductSteps.setToPUTNewProduct()&amp#27;[0m
12:54:56.682 [main] DEBUG net.thucydides.core.steps.StepInterceptor -- STARTING STEP: ProductSteps.sendRequestPutNewProd - I send the Request for HTTP PUT
12:54:56.688 [main] DEBUG net.thucydides.core.steps.StepInterceptor -- STARTING STEP: PutUpdateProduct.requestUpdateProduct - I am set the PUT new product endpoint
12:54:56.688 [main] DEBUG net.thucydides.core.steps.StepInterceptor -- STEP DONE: I am set the PUT new product endpoint
12:54:56.748 [main] DEBUG org.apache.http.impl.conn.BasicClientConnectionManager -- Get connection for route {s}->https://fakestoreapi.com:443
12:54:56.750 [main] DEBUG org.apache.http.impl.conn.DefaultClientConnectionOperator -- Connecting to fakestoreapi.com:443
12:54:56.911 [main] DEBUG org.apache.http.client.protocol.RequestAddCookies -- CookieSpec selected: ignoreCookies
12:54:56.911 [main] DEBUG org.apache.http.client.protocol.RequestAuthCache -- Auth cache not set in the context
12:54:56.911 [main] DEBUG org.apache.http.client.protocol.RequestTargetAuthentication -- Target auth state: UNCHALLENGED
12:54:56.911 [main] DEBUG org.apache.http.client.protocol.RequestProxyAuthentication -- Proxy auth state: UNCHALLENGED
12:54:56.911 [main] DEBUG org.apache.http.impl.client.DefaultHttpClient -- Attempt 1 to execute request
12:54:56.911 [main] DEBUG org.apache.http.impl.conn.DefaultClientConnection -- Sending request: PUT /products/1 HTTP/1.1
12:54:56.911 [main] DEBUG org.apache.http.wire --  >> "PUT /products/1 HTTP/1.1[\r][\n]"
12:54:56.911 [main] DEBUG org.apache.http.wire --  >> "Accept: */*[\r][\n]"
12:54:56.911 [main] DEBUG org.apache.http.wire --  >> "Content-Type: application/json[\r][\n]"
12:54:56.911 [main] DEBUG org.apache.http.wire --  >> "Content-Length: 130[\r][\n]"
12:54:56.911 [main] DEBUG org.apache.http.wire --  >> "Host: fakestoreapi.com[\r][\n]"
12:54:56.911 [main] DEBUG org.apache.http.wire --  >> "Connection: Keep-Alive[\r][\n]"
12:54:56.911 [main] DEBUG org.apache.http.wire --  >> "User-Agent: Apache-HttpClient/4.5.13 (Java/20)[\r][\n]"
12:54:56.911 [main] DEBUG org.apache.http.wire --  >> "Accept-Encoding: gzip,deflate[\r][\n]"
12:54:56.911 [main] DEBUG org.apache.http.wire --  >> "[\r][\n]"
12:54:56.911 [main] DEBUG org.apache.http.headers -- >> PUT /products/1 HTTP/1.1
12:54:56.912 [main] DEBUG org.apache.http.headers -- >> Accept: */*
12:54:56.912 [main] DEBUG org.apache.http.headers -- >> Content-Type: application/json
12:54:56.912 [main] DEBUG org.apache.http.headers -- >> Content-Length: 130
12:54:56.912 [main] DEBUG org.apache.http.headers -- >> Host: fakestoreapi.com
12:54:56.912 [main] DEBUG org.apache.http.headers -- >> Connection: Keep-Alive
12:54:56.912 [main] DEBUG org.apache.http.headers -- >> User-Agent: Apache-HttpClient/4.5.13 (Java/20)
12:54:56.912 [main] DEBUG org.apache.http.headers -- >> Accept-Encoding: gzip,deflate
12:54:56.912 [main] DEBUG org.apache.http.wire --  >> "{"image":"https:\/\/i.pravatar.cc","price":77.7,"description":"FLASH SALE PRODUCT","title":"SALE PRODUCT","category":"MOTORCYCLE"}"
12:54:57.322 [main] DEBUG org.apache.http.wire --  << "HTTP/1.1 200 OK[\r][\n]"
12:54:57.322 [main] DEBUG org.apache.http.wire --  << "Date: Sun, 16 Apr 2023 05:54:57 GMT[\r][\n]"
12:54:57.322 [main] DEBUG org.apache.http.wire --  << "Content-Type: application/json; charset=utf-8[\r][\n]"
12:54:57.322 [main] DEBUG org.apache.http.wire --  << "Transfer-Encoding: chunked[\r][\n]"
12:54:57.322 [main] DEBUG org.apache.http.wire --  << "Connection: keep-alive[\r][\n]"
12:54:57.322 [main] DEBUG org.apache.http.wire --  << "Access-Control-Allow-Origin: *[\r][\n]"
12:54:57.322 [main] DEBUG org.apache.http.wire --  << "Etag: W/"87-MHrXSUbT5K5MjZRi64d0uorC/dk"[\r][\n]"
12:54:57.322 [main] DEBUG org.apache.http.wire --  << "X-Powered-By: Express[\r][\n]"
12:54:57.322 [main] DEBUG org.apache.http.wire --  << "CF-Cache-Status: DYNAMIC[\r][\n]"
12:54:57.322 [main] DEBUG org.apache.http.wire --  << "Report-To: {"endpoints":[{"url":"https:\/\/a.nel.cloudflare.com\/report\/v3?s=RG7k2iCi2yyadG7ReGeY2kcwAiZVl%2FGfCLu7xsplkEM3bs7O874iYOlXI0QP61%2Fd%2FoIKkMlQuRgCEwl7Y2fOmCxMU59Tkzpkv7uWn7eDlzotQHBAyE28T6VYf1S9czv172jH"}],"group":"cf-nel","max_age":604800}[\r][\n]"
12:54:57.322 [main] DEBUG org.apache.http.wire --  << "NEL: {"success_fraction":0,"report_to":"cf-nel","max_age":604800}[\r][\n]"
12:54:57.322 [main] DEBUG org.apache.http.wire --  << "Server: cloudflare[\r][\n]"
12:54:57.322 [main] DEBUG org.apache.http.wire --  << "CF-RAY: 7b8a2d341c7c6bf7-SIN[\r][\n]"
12:54:57.322 [main] DEBUG org.apache.http.wire --  << "Content-Encoding: gzip[\r][\n]"
12:54:57.322 [main] DEBUG org.apache.http.wire --  << "alt-svc: h3=":443"; ma=86400, h3-29=":443"; ma=86400[\r][\n]"
12:54:57.322 [main] DEBUG org.apache.http.wire --  << "[\r][\n]"
12:54:57.322 [main] DEBUG org.apache.http.impl.conn.DefaultClientConnection -- Receiving response: HTTP/1.1 200 OK
12:54:57.322 [main] DEBUG org.apache.http.headers -- << HTTP/1.1 200 OK
12:54:57.322 [main] DEBUG org.apache.http.headers -- << Date: Sun, 16 Apr 2023 05:54:57 GMT
12:54:57.322 [main] DEBUG org.apache.http.headers -- << Content-Type: application/json; charset=utf-8
12:54:57.322 [main] DEBUG org.apache.http.headers -- << Transfer-Encoding: chunked
12:54:57.322 [main] DEBUG org.apache.http.headers -- << Connection: keep-alive
12:54:57.322 [main] DEBUG org.apache.http.headers -- << Access-Control-Allow-Origin: *
12:54:57.322 [main] DEBUG org.apache.http.headers -- << Etag: W/"87-MHrXSUbT5K5MjZRi64d0uorC/dk"
12:54:57.322 [main] DEBUG org.apache.http.headers -- << X-Powered-By: Express
12:54:57.322 [main] DEBUG org.apache.http.headers -- << CF-Cache-Status: DYNAMIC
12:54:57.322 [main] DEBUG org.apache.http.headers -- << Report-To: {"endpoints":[{"url":"https:\/\/a.nel.cloudflare.com\/report\/v3?s=RG7k2iCi2yyadG7ReGeY2kcwAiZVl%2FGfCLu7xsplkEM3bs7O874iYOlXI0QP61%2Fd%2FoIKkMlQuRgCEwl7Y2fOmCxMU59Tkzpkv7uWn7eDlzotQHBAyE28T6VYf1S9czv172jH"}],"group":"cf-nel","max_age":604800}
12:54:57.322 [main] DEBUG org.apache.http.headers -- << NEL: {"success_fraction":0,"report_to":"cf-nel","max_age":604800}
12:54:57.322 [main] DEBUG org.apache.http.headers -- << Server: cloudflare
12:54:57.322 [main] DEBUG org.apache.http.headers -- << CF-RAY: 7b8a2d341c7c6bf7-SIN
12:54:57.322 [main] DEBUG org.apache.http.headers -- << Content-Encoding: gzip
12:54:57.322 [main] DEBUG org.apache.http.headers -- << alt-svc: h3=":443"; ma=86400, h3-29=":443"; ma=86400
12:54:57.322 [main] DEBUG org.apache.http.impl.client.DefaultHttpClient -- Connection can be kept alive indefinitely
12:54:57.322 [main] DEBUG io.restassured.internal.RestAssuredHttpBuilder -- Parsing response as: application/json; charset=utf-8
12:54:57.322 [main] DEBUG org.apache.http.wire --  << "8e[\r][\n]"
12:54:57.322 [main] DEBUG org.apache.http.wire --  << "[0x1f][0x8b][0x8][0x0][0x0][0x0][0x0][0x0][0x0][0x3]\[0xcc][0xb1][\n]"
12:54:57.322 [main] DEBUG org.apache.http.wire --  << "[0xc2]0[0x14][0x5][0xd0]_)w[0xe])N[0x81][0xb7][0x95]Xq[0x88]D[0xda]:8[0x86]4[0xd4][0x7][0xd6][0x86][0xf4]![0x94][0xe2][0xbf][0x8b][0xab][0xfb][0xe1][0xec][0xe0][0x11]tP[0x10][0x96]g[0x2][0xa1]o\[];[0xbc][0xd9][0x1][\n]"
12:54:57.322 [main] DEBUG org.apache.http.wire --  << "[0xb9]pL c[0xb4]Q[0x18][0xd3][0x1a][0xb]g[0xe1][0xe5][0x5][0xc2][0xc9]5[0xfd][0xb9][0xfa][0xf3]<[0x87][0xe9][0xd7]<D[0xf2]Ju[0xcd]:[0x97][0xf0][0xe][0x12][0x8a][0x8e][0x11][\n]"
12:54:57.322 [main] DEBUG org.apache.http.wire --  << "1H[0x9a][0x96][0xb2][0x81]p[0xf1][0x83][0xef][0xec][0xdd][0xba][0x16][0x9f]/[0x0][0x0][0x0][0xff][0xff][0x3][0x0][0xe5][0xd2]b5[0x87][0x0][0x0][0x0]"
12:54:57.322 [main] DEBUG org.apache.http.wire --  << "[\r][\n]"
12:54:57.323 [main] DEBUG org.apache.http.wire --  << "0[\r][\n]"
12:54:57.323 [main] DEBUG org.apache.http.wire --  << "[\r][\n]"
12:54:57.323 [main] DEBUG io.restassured.internal.RestAssuredHttpBuilder -- Parsed data to instance of: class org.apache.http.conn.EofSensorInputStream
12:54:57.327 [main] DEBUG org.apache.http.impl.conn.BasicClientConnectionManager -- Releasing connection org.apache.http.impl.conn.ManagedClientConnectionImpl@6f926d01
12:54:57.327 [main] DEBUG org.apache.http.impl.conn.BasicClientConnectionManager -- Connection can be kept alive indefinitely
12:54:57.329 [main] DEBUG net.thucydides.core.steps.StepInterceptor -- STEP DONE: I send the Request for HTTP PUT
  &amp#27;[32mWhen &amp#27;[0m&amp#27;[32mI send the Request for HTTP PUT&amp#27;[0m        &amp#27;[90m# starter.stepdefinition.ProductSteps.sendRequestPutNewProd()&amp#27;[0m
12:54:57.336 [main] DEBUG net.thucydides.core.steps.StepInterceptor -- STARTING STEP: ProductSteps.validatePutUpdateProduct - I received the success code 201
12:54:57.338 [main] DEBUG net.thucydides.core.steps.StepInterceptor -- STEP DONE: I received the success code 201
  &amp#27;[32mThen &amp#27;[0m&amp#27;[32mI received the success code 201&amp#27;[0m        &amp#27;[90m# starter.stepdefinition.ProductSteps.validatePutUpdateProduct()&amp#27;[0m
12:54:57.342 [main] DEBUG net.thucydides.core.steps.StepInterceptor -- STARTING STEP: ProductSteps.checkNewDataProduct - I trying to check the new data
12:54:57.419 [main] DEBUG net.thucydides.core.steps.StepInterceptor -- STEP DONE: I trying to check the new data
  &amp#27;[32mAnd &amp#27;[0m&amp#27;[32mI trying to check the new data&amp#27;[0m          &amp#27;[90m# starter.stepdefinition.ProductSteps.checkNewDataProduct()&amp#27;[0m
12:54:57.424 [main] INFO  -- 
  _____   ___   ___   _____     ___     _     ___   ___   ___   ___  
 |_   _| | __| / __| |_   _|   | _ \   /_\   / __| / __| | __| |   \ 
   | |   | _|  \__ \   | |     |  _/  / _ \  \__ \ \__ \ | _|  | |) |
   |_|   |___| |___/   |_|     |_|   /_/ \_\ |___/ |___/ |___| |___/ 

Update Product using PUT method
----------------------------------------------------------------------
]]></system-out>
  </testcase>
  <testcase name="POST new data of product" classname="Access Product from Shop" time="1.045">
    <system-out><![CDATA[
Scenario: POST new data of product                 &amp#27;[90m# src/test/resources/features/Product.feature:26&amp#27;[0m
12:54:57.438 [main] DEBUG io.cucumber.core.plugin.SerenityReporter -- Running feature from file:///D:/Intelij/REST%20API/fakestoreapi/src/test/resources/features/Product.feature
12:54:57.443 [main] INFO  -- 
  _____   ___   ___   _____     ___   _____     _     ___   _____   ___   ___  
 |_   _| | __| / __| |_   _|   / __| |_   _|   /_\   | _ \ |_   _| | __| |   \ 
   | |   | _|  \__ \   | |     \__ \   | |    / _ \  |   /   | |   | _|  | |) |
   |_|   |___| |___/   |_|     |___/   |_|   /_/ \_\ |_|_\   |_|   |___| |___/ 

POST new data of product(access-product-from-shop;post-new-data-of-product)
--------------------------------------------------------------------------------
12:54:57.473 [main] DEBUG net.thucydides.core.steps.StepInterceptor -- STARTING STEP: ProductSteps.setToPostNewProduct - I am set the POST new product Api endpoint
12:54:57.474 [main] DEBUG net.thucydides.core.steps.StepInterceptor -- STEP DONE: I am set the POST new product Api endpoint
  &amp#27;[32mGiven &amp#27;[0m&amp#27;[32mI am set the POST new product Api endpoint&amp#27;[0m &amp#27;[90m# starter.stepdefinition.ProductSteps.setToPostNewProduct()&amp#27;[0m
12:54:57.479 [main] DEBUG net.thucydides.core.steps.StepInterceptor -- STARTING STEP: ProductSteps.sendRequestPostNewProd - I send the request for HTTP POST
12:54:57.482 [main] DEBUG net.thucydides.core.steps.StepInterceptor -- STARTING STEP: PostNewProduct.requestPostNewProduct - I am set the POST new product Api endpoint
12:54:57.482 [main] DEBUG net.thucydides.core.steps.StepInterceptor -- STEP DONE: I am set the POST new product Api endpoint
12:54:57.503 [main] DEBUG org.apache.http.impl.conn.BasicClientConnectionManager -- Get connection for route {s}->https://fakestoreapi.com:443
12:54:57.503 [main] DEBUG org.apache.http.impl.conn.DefaultClientConnectionOperator -- Connecting to fakestoreapi.com:443
12:54:57.727 [main] DEBUG org.apache.http.client.protocol.RequestAddCookies -- CookieSpec selected: ignoreCookies
12:54:57.727 [main] DEBUG org.apache.http.client.protocol.RequestAuthCache -- Auth cache not set in the context
12:54:57.727 [main] DEBUG org.apache.http.client.protocol.RequestTargetAuthentication -- Target auth state: UNCHALLENGED
12:54:57.727 [main] DEBUG org.apache.http.client.protocol.RequestProxyAuthentication -- Proxy auth state: UNCHALLENGED
12:54:57.727 [main] DEBUG org.apache.http.impl.client.DefaultHttpClient -- Attempt 1 to execute request
12:54:57.727 [main] DEBUG org.apache.http.impl.conn.DefaultClientConnection -- Sending request: POST /products HTTP/1.1
12:54:57.728 [main] DEBUG org.apache.http.wire --  >> "POST /products HTTP/1.1[\r][\n]"
12:54:57.728 [main] DEBUG org.apache.http.wire --  >> "Accept: */*[\r][\n]"
12:54:57.728 [main] DEBUG org.apache.http.wire --  >> "Content-Type: application/json[\r][\n]"
12:54:57.728 [main] DEBUG org.apache.http.wire --  >> "Content-Length: 127[\r][\n]"
12:54:57.728 [main] DEBUG org.apache.http.wire --  >> "Host: fakestoreapi.com[\r][\n]"
12:54:57.728 [main] DEBUG org.apache.http.wire --  >> "Connection: Keep-Alive[\r][\n]"
12:54:57.728 [main] DEBUG org.apache.http.wire --  >> "User-Agent: Apache-HttpClient/4.5.13 (Java/20)[\r][\n]"
12:54:57.728 [main] DEBUG org.apache.http.wire --  >> "Accept-Encoding: gzip,deflate[\r][\n]"
12:54:57.728 [main] DEBUG org.apache.http.wire --  >> "[\r][\n]"
12:54:57.728 [main] DEBUG org.apache.http.headers -- >> POST /products HTTP/1.1
12:54:57.728 [main] DEBUG org.apache.http.headers -- >> Accept: */*
12:54:57.728 [main] DEBUG org.apache.http.headers -- >> Content-Type: application/json
12:54:57.728 [main] DEBUG org.apache.http.headers -- >> Content-Length: 127
12:54:57.728 [main] DEBUG org.apache.http.headers -- >> Host: fakestoreapi.com
12:54:57.728 [main] DEBUG org.apache.http.headers -- >> Connection: Keep-Alive
12:54:57.728 [main] DEBUG org.apache.http.headers -- >> User-Agent: Apache-HttpClient/4.5.13 (Java/20)
12:54:57.728 [main] DEBUG org.apache.http.headers -- >> Accept-Encoding: gzip,deflate
12:54:57.728 [main] DEBUG org.apache.http.wire --  >> "{"image":"https:\/\/i.pravatar.cc","price":13.5,"description":"lorem ipsum set","title":"test product","category":"electronic"}"
12:54:58.442 [main] DEBUG org.apache.http.wire --  << "HTTP/1.1 200 OK[\r][\n]"
12:54:58.442 [main] DEBUG org.apache.http.wire --  << "Date: Sun, 16 Apr 2023 05:54:58 GMT[\r][\n]"
12:54:58.442 [main] DEBUG org.apache.http.wire --  << "Content-Type: application/json; charset=utf-8[\r][\n]"
12:54:58.442 [main] DEBUG org.apache.http.wire --  << "Transfer-Encoding: chunked[\r][\n]"
12:54:58.442 [main] DEBUG org.apache.http.wire --  << "Connection: keep-alive[\r][\n]"
12:54:58.442 [main] DEBUG org.apache.http.wire --  << "Access-Control-Allow-Origin: *[\r][\n]"
12:54:58.442 [main] DEBUG org.apache.http.wire --  << "Etag: W/"85-Wc9onS4WiYRqBYCEA9mjLdeESpg"[\r][\n]"
12:54:58.442 [main] DEBUG org.apache.http.wire --  << "X-Powered-By: Express[\r][\n]"
12:54:58.442 [main] DEBUG org.apache.http.wire --  << "CF-Cache-Status: DYNAMIC[\r][\n]"
12:54:58.442 [main] DEBUG org.apache.http.wire --  << "Report-To: {"endpoints":[{"url":"https:\/\/a.nel.cloudflare.com\/report\/v3?s=nVDPejBBzD1iL5pRGMME7JLT4UKvKTHEZHBaBlkliza9afPc8fRABO2nFZS6QB6LgonnmCNArgbiWl6pVxBomK%2FpiHRa9y%2BD7zOnTFP%2FhRueKhi0AgOSEkHNSAPcjxh%2FT5w%2F"}],"group":"cf-nel","max_age":604800}[\r][\n]"
12:54:58.442 [main] DEBUG org.apache.http.wire --  << "NEL: {"success_fraction":0,"report_to":"cf-nel","max_age":604800}[\r][\n]"
12:54:58.442 [main] DEBUG org.apache.http.wire --  << "Server: cloudflare[\r][\n]"
12:54:58.442 [main] DEBUG org.apache.http.wire --  << "CF-RAY: 7b8a2d39386640df-SIN[\r][\n]"
12:54:58.442 [main] DEBUG org.apache.http.wire --  << "Content-Encoding: gzip[\r][\n]"
12:54:58.442 [main] DEBUG org.apache.http.wire --  << "alt-svc: h3=":443"; ma=86400, h3-29=":443"; ma=86400[\r][\n]"
12:54:58.442 [main] DEBUG org.apache.http.wire --  << "[\r][\n]"
12:54:58.442 [main] DEBUG org.apache.http.impl.conn.DefaultClientConnection -- Receiving response: HTTP/1.1 200 OK
12:54:58.442 [main] DEBUG org.apache.http.headers -- << HTTP/1.1 200 OK
12:54:58.442 [main] DEBUG org.apache.http.headers -- << Date: Sun, 16 Apr 2023 05:54:58 GMT
12:54:58.442 [main] DEBUG org.apache.http.headers -- << Content-Type: application/json; charset=utf-8
12:54:58.442 [main] DEBUG org.apache.http.headers -- << Transfer-Encoding: chunked
12:54:58.442 [main] DEBUG org.apache.http.headers -- << Connection: keep-alive
12:54:58.442 [main] DEBUG org.apache.http.headers -- << Access-Control-Allow-Origin: *
12:54:58.442 [main] DEBUG org.apache.http.headers -- << Etag: W/"85-Wc9onS4WiYRqBYCEA9mjLdeESpg"
12:54:58.442 [main] DEBUG org.apache.http.headers -- << X-Powered-By: Express
12:54:58.442 [main] DEBUG org.apache.http.headers -- << CF-Cache-Status: DYNAMIC
12:54:58.442 [main] DEBUG org.apache.http.headers -- << Report-To: {"endpoints":[{"url":"https:\/\/a.nel.cloudflare.com\/report\/v3?s=nVDPejBBzD1iL5pRGMME7JLT4UKvKTHEZHBaBlkliza9afPc8fRABO2nFZS6QB6LgonnmCNArgbiWl6pVxBomK%2FpiHRa9y%2BD7zOnTFP%2FhRueKhi0AgOSEkHNSAPcjxh%2FT5w%2F"}],"group":"cf-nel","max_age":604800}
12:54:58.442 [main] DEBUG org.apache.http.headers -- << NEL: {"success_fraction":0,"report_to":"cf-nel","max_age":604800}
12:54:58.442 [main] DEBUG org.apache.http.headers -- << Server: cloudflare
12:54:58.442 [main] DEBUG org.apache.http.headers -- << CF-RAY: 7b8a2d39386640df-SIN
12:54:58.442 [main] DEBUG org.apache.http.headers -- << Content-Encoding: gzip
12:54:58.442 [main] DEBUG org.apache.http.headers -- << alt-svc: h3=":443"; ma=86400, h3-29=":443"; ma=86400
12:54:58.442 [main] DEBUG org.apache.http.impl.client.DefaultHttpClient -- Connection can be kept alive indefinitely
12:54:58.442 [main] DEBUG io.restassured.internal.RestAssuredHttpBuilder -- Parsing response as: application/json; charset=utf-8
12:54:58.442 [main] DEBUG org.apache.http.wire --  << "84[\r][\n]"
12:54:58.443 [main] DEBUG org.apache.http.wire --  << "[0x1f][0x8b][0x8][0x0][0x0][0x0][0x0][0x0][0x0][0x3][0x14][0xcc]A[\n]"
12:54:58.443 [main] DEBUG org.apache.http.wire --  << "[0xc3]0[0xc][0x4][0xc0][0xaf][0x84]=[0x1b][0x87][0xb4][0xf4][0xa2][0xdf][0x18]Y$[0x2];[0x16][0xb2]R([0xa5]/[0xb9][0xf][0xf3][0x85]V[0xd0]cK[0x8][0x8d]& [0x84][0xcc]X[0xcc]G[0xbd]8[0x90]`[0xae],[0xa0][0xed][0x99]_[0x9]U&[0xbb]Z[0xe8]8Ah[0xc3][0xa5]/j[0xf3][0xea][0xcb][0x94][0x1b]k/[0xfb]}[0x1c][0x11]6i]5[0x9b][0x97]w[0x89][0xe2][0x99][0x19][0x9]\B[0xf6][0xe1][0x1f][0x10][0xa4][0x9][0x87][0x8f]S[0x19][0xbf]?[0x0][0x0][0x0][0xff][0xff][0x3][0x0]x[0xbd][0x8][0x86][0x85][0x0][0x0][0x0]"
12:54:58.443 [main] DEBUG org.apache.http.wire --  << "[\r][\n]"
12:54:58.443 [main] DEBUG org.apache.http.wire --  << "0[\r][\n]"
12:54:58.443 [main] DEBUG org.apache.http.wire --  << "[\r][\n]"
12:54:58.443 [main] DEBUG io.restassured.internal.RestAssuredHttpBuilder -- Parsed data to instance of: class org.apache.http.conn.EofSensorInputStream
12:54:58.444 [main] DEBUG org.apache.http.impl.conn.BasicClientConnectionManager -- Releasing connection org.apache.http.impl.conn.ManagedClientConnectionImpl@41f61188
12:54:58.444 [main] DEBUG org.apache.http.impl.conn.BasicClientConnectionManager -- Connection can be kept alive indefinitely
12:54:58.444 [main] DEBUG net.thucydides.core.steps.StepInterceptor -- STEP DONE: I send the request for HTTP POST
  &amp#27;[32mWhen &amp#27;[0m&amp#27;[32mI send the request for HTTP POST&amp#27;[0m            &amp#27;[90m# starter.stepdefinition.ProductSteps.sendRequestPostNewProd()&amp#27;[0m
12:54:58.449 [main] DEBUG net.thucydides.core.steps.StepInterceptor -- STARTING STEP: ProductSteps.validatePostNewProd - system send me 200 code success
12:54:58.450 [main] DEBUG net.thucydides.core.steps.StepInterceptor -- STEP DONE: system send me 200 code success
  &amp#27;[32mThen &amp#27;[0m&amp#27;[32msystem send me 200 code success&amp#27;[0m             &amp#27;[90m# starter.stepdefinition.ProductSteps.validatePostNewProd()&amp#27;[0m
12:54:58.454 [main] DEBUG net.thucydides.core.steps.StepInterceptor -- STARTING STEP: ProductSteps.checknewPostProduct - I try to check the new product
12:54:58.468 [main] DEBUG net.thucydides.core.steps.StepInterceptor -- STEP DONE: I try to check the new product
  &amp#27;[32mAnd &amp#27;[0m&amp#27;[32mI try to check the new product&amp#27;[0m               &amp#27;[90m# starter.stepdefinition.ProductSteps.checknewPostProduct()&amp#27;[0m
12:54:58.471 [main] INFO  -- 
  _____   ___   ___   _____     ___     _     ___   ___   ___   ___  
 |_   _| | __| / __| |_   _|   | _ \   /_\   / __| / __| | __| |   \ 
   | |   | _|  \__ \   | |     |  _/  / _ \  \__ \ \__ \ | _|  | |) |
   |_|   |___| |___/   |_|     |_|   /_/ \_\ |___/ |___/ |___| |___/ 

POST new data of product
----------------------------------------------------------------------
]]></system-out>
  </testcase>
  <testcase name="Get All data users" classname="USER feature" time="0.982">
    <system-out><![CDATA[12:54:58.473 [main] DEBUG io.cucumber.core.plugin.SerenityReporter -- Running feature from file:///D:/Intelij/REST%20API/fakestoreapi/src/test/resources/features/User.feature
12:54:58.475 [main] DEBUG net.thucydides.core.steps.StepEventBus -- Test suite started for story net.thucydides.core.model.Story@44965f7f
12:54:58.476 [main] INFO  -- Test Suite Started: USER feature

Scenario: Get All data users            &amp#27;[90m# src/test/resources/features/User.feature:6&amp#27;[0m
12:54:58.486 [main] DEBUG io.cucumber.core.plugin.SerenityReporter -- Running feature from file:///D:/Intelij/REST%20API/fakestoreapi/src/test/resources/features/User.feature
12:54:58.491 [main] INFO  -- 
  _____   ___   ___   _____     ___   _____     _     ___   _____   ___   ___  
 |_   _| | __| / __| |_   _|   / __| |_   _|   /_\   | _ \ |_   _| | __| |   \ 
   | |   | _|  \__ \   | |     \__ \   | |    / _ \  |   /   | |   | _|  | |) |
   |_|   |___| |___/   |_|     |___/   |_|   /_/ \_\ |_|_\   |_|   |___| |___/ 

Get All data users(user-feature;get-all-data-users)
--------------------------------------------------------------------------------
12:54:58.568 [main] DEBUG net.thucydides.core.steps.StepInterceptor -- STARTING STEP: UserSteps.setEndpointofGet - I set GET all api endpoint
12:54:58.569 [main] DEBUG net.thucydides.core.steps.StepInterceptor -- STEP DONE: I set GET all api endpoint
  &amp#27;[32mGiven &amp#27;[0m&amp#27;[32mI set GET all api endpoint&amp#27;[0m      &amp#27;[90m# starter.stepdefinition.UserSteps.setEndpointofGet()&amp#27;[0m
12:54:58.576 [main] DEBUG net.thucydides.core.steps.StepInterceptor -- STARTING STEP: UserSteps.setHTTPGet - I send GET all HTTP Request
12:54:58.579 [main] DEBUG net.thucydides.core.steps.StepInterceptor -- STARTING STEP: GetAll.sendRequestHTTP - I set GET all api endpoint
12:54:58.579 [main] DEBUG net.thucydides.core.steps.StepInterceptor -- STEP DONE: I set GET all api endpoint
12:54:58.596 [main] DEBUG org.apache.http.impl.conn.BasicClientConnectionManager -- Get connection for route {s}->https://fakestoreapi.com:443
12:54:58.596 [main] DEBUG org.apache.http.impl.conn.DefaultClientConnectionOperator -- Connecting to fakestoreapi.com:443
12:54:58.765 [main] DEBUG org.apache.http.client.protocol.RequestAddCookies -- CookieSpec selected: ignoreCookies
12:54:58.765 [main] DEBUG org.apache.http.client.protocol.RequestAuthCache -- Auth cache not set in the context
12:54:58.765 [main] DEBUG org.apache.http.client.protocol.RequestTargetAuthentication -- Target auth state: UNCHALLENGED
12:54:58.765 [main] DEBUG org.apache.http.client.protocol.RequestProxyAuthentication -- Proxy auth state: UNCHALLENGED
12:54:58.765 [main] DEBUG org.apache.http.impl.client.DefaultHttpClient -- Attempt 1 to execute request
12:54:58.765 [main] DEBUG org.apache.http.impl.conn.DefaultClientConnection -- Sending request: GET /users?id=1 HTTP/1.1
12:54:58.765 [main] DEBUG org.apache.http.wire --  >> "GET /users?id=1 HTTP/1.1[\r][\n]"
12:54:58.765 [main] DEBUG org.apache.http.wire --  >> "Accept: */*[\r][\n]"
12:54:58.765 [main] DEBUG org.apache.http.wire --  >> "Host: fakestoreapi.com[\r][\n]"
12:54:58.765 [main] DEBUG org.apache.http.wire --  >> "Connection: Keep-Alive[\r][\n]"
12:54:58.765 [main] DEBUG org.apache.http.wire --  >> "User-Agent: Apache-HttpClient/4.5.13 (Java/20)[\r][\n]"
12:54:58.765 [main] DEBUG org.apache.http.wire --  >> "Accept-Encoding: gzip,deflate[\r][\n]"
12:54:58.765 [main] DEBUG org.apache.http.wire --  >> "[\r][\n]"
12:54:58.765 [main] DEBUG org.apache.http.headers -- >> GET /users?id=1 HTTP/1.1
12:54:58.765 [main] DEBUG org.apache.http.headers -- >> Accept: */*
12:54:58.765 [main] DEBUG org.apache.http.headers -- >> Host: fakestoreapi.com
12:54:58.765 [main] DEBUG org.apache.http.headers -- >> Connection: Keep-Alive
12:54:58.765 [main] DEBUG org.apache.http.headers -- >> User-Agent: Apache-HttpClient/4.5.13 (Java/20)
12:54:58.765 [main] DEBUG org.apache.http.headers -- >> Accept-Encoding: gzip,deflate
12:54:59.335 [main] DEBUG org.apache.http.wire --  << "HTTP/1.1 200 OK[\r][\n]"
12:54:59.335 [main] DEBUG org.apache.http.wire --  << "Date: Sun, 16 Apr 2023 05:54:59 GMT[\r][\n]"
12:54:59.335 [main] DEBUG org.apache.http.wire --  << "Content-Type: application/json; charset=utf-8[\r][\n]"
12:54:59.335 [main] DEBUG org.apache.http.wire --  << "Transfer-Encoding: chunked[\r][\n]"
12:54:59.335 [main] DEBUG org.apache.http.wire --  << "Connection: keep-alive[\r][\n]"
12:54:59.335 [main] DEBUG org.apache.http.wire --  << "Access-Control-Allow-Origin: *[\r][\n]"
12:54:59.335 [main] DEBUG org.apache.http.wire --  << "Etag: W/"bae-Vi0JNVg0EAD6LcGk4v18ASK0bgA"[\r][\n]"
12:54:59.335 [main] DEBUG org.apache.http.wire --  << "X-Powered-By: Express[\r][\n]"
12:54:59.335 [main] DEBUG org.apache.http.wire --  << "CF-Cache-Status: DYNAMIC[\r][\n]"
12:54:59.335 [main] DEBUG org.apache.http.wire --  << "Report-To: {"endpoints":[{"url":"https:\/\/a.nel.cloudflare.com\/report\/v3?s=MR5rVEx19pyp1b6iFGhm8KGJLgDD8A%2FFjkJleHdSvpd95l2P%2B%2Bt7JP0Gs9gkwfd%2BBPliod%2ButZhQjkVViDKnEK%2BL3yTx%2Bx4%2Fjzdfgwjs0%2B0wzNgiEp0oA3UHCcpeD%2FF4TeAQ"}],"group":"cf-nel","max_age":604800}[\r][\n]"
12:54:59.335 [main] DEBUG org.apache.http.wire --  << "NEL: {"success_fraction":0,"report_to":"cf-nel","max_age":604800}[\r][\n]"
12:54:59.335 [main] DEBUG org.apache.http.wire --  << "Server: cloudflare[\r][\n]"
12:54:59.335 [main] DEBUG org.apache.http.wire --  << "CF-RAY: 7b8a2d3fbd594a77-SIN[\r][\n]"
12:54:59.335 [main] DEBUG org.apache.http.wire --  << "Content-Encoding: gzip[\r][\n]"
12:54:59.335 [main] DEBUG org.apache.http.wire --  << "alt-svc: h3=":443"; ma=86400, h3-29=":443"; ma=86400[\r][\n]"
12:54:59.335 [main] DEBUG org.apache.http.wire --  << "[\r][\n]"
12:54:59.335 [main] DEBUG org.apache.http.impl.conn.DefaultClientConnection -- Receiving response: HTTP/1.1 200 OK
12:54:59.335 [main] DEBUG org.apache.http.headers -- << HTTP/1.1 200 OK
12:54:59.335 [main] DEBUG org.apache.http.headers -- << Date: Sun, 16 Apr 2023 05:54:59 GMT
12:54:59.335 [main] DEBUG org.apache.http.headers -- << Content-Type: application/json; charset=utf-8
12:54:59.335 [main] DEBUG org.apache.http.headers -- << Transfer-Encoding: chunked
12:54:59.335 [main] DEBUG org.apache.http.headers -- << Connection: keep-alive
12:54:59.335 [main] DEBUG org.apache.http.headers -- << Access-Control-Allow-Origin: *
12:54:59.335 [main] DEBUG org.apache.http.headers -- << Etag: W/"bae-Vi0JNVg0EAD6LcGk4v18ASK0bgA"
12:54:59.335 [main] DEBUG org.apache.http.headers -- << X-Powered-By: Express
12:54:59.335 [main] DEBUG org.apache.http.headers -- << CF-Cache-Status: DYNAMIC
12:54:59.335 [main] DEBUG org.apache.http.headers -- << Report-To: {"endpoints":[{"url":"https:\/\/a.nel.cloudflare.com\/report\/v3?s=MR5rVEx19pyp1b6iFGhm8KGJLgDD8A%2FFjkJleHdSvpd95l2P%2B%2Bt7JP0Gs9gkwfd%2BBPliod%2ButZhQjkVViDKnEK%2BL3yTx%2Bx4%2Fjzdfgwjs0%2B0wzNgiEp0oA3UHCcpeD%2FF4TeAQ"}],"group":"cf-nel","max_age":604800}
12:54:59.335 [main] DEBUG org.apache.http.headers -- << NEL: {"success_fraction":0,"report_to":"cf-nel","max_age":604800}
12:54:59.335 [main] DEBUG org.apache.http.headers -- << Server: cloudflare
12:54:59.335 [main] DEBUG org.apache.http.headers -- << CF-RAY: 7b8a2d3fbd594a77-SIN
12:54:59.335 [main] DEBUG org.apache.http.headers -- << Content-Encoding: gzip
12:54:59.335 [main] DEBUG org.apache.http.headers -- << alt-svc: h3=":443"; ma=86400, h3-29=":443"; ma=86400
12:54:59.335 [main] DEBUG org.apache.http.impl.client.DefaultHttpClient -- Connection can be kept alive indefinitely
12:54:59.336 [main] DEBUG io.restassured.internal.RestAssuredHttpBuilder -- Parsing response as: application/json; charset=utf-8
12:54:59.336 [main] DEBUG org.apache.http.wire --  << "37f[\r][\n]"
12:54:59.336 [main] DEBUG org.apache.http.wire --  << "[0x1f][0x8b][0x8][0x0][0x0][0x0][0x0][0x0][0x0][0x3][0xb4][0xd6]O[0x8f][0xe3]&[0x14][0x0][0xf0][0xaf]b[0xb1][0xdb][0x1e][0xa2][0x10][0xf1][0x1f][0xdb][0xa7][0xa9][0xa6]Z[0xf5][0xb0][0xb7]=[0xf4]P[0xb5][0x11][0x8d][0xc9][0x84]1[0x86][0x8][0x9c]D[0xd3][0xd1]~[0xf7][0xca][0x9e]d[0x2]N[0xbd][0xda][0xa8][0xed][0xd1]![0xef][0x81]z~[0x8f][0xdf]^[0x81]j[0x9a][0xa0]c[0x4][0xf5]+x[0xd2][0xde][0xfa][0x8d][0xea][0x8d]w[0xc3][0xa3]U=[0xa8][0x1][0xa4]rE1[0xaf][0xc0][0x12]X[0xef][0x9e]@[\r]J[0xbc][0xc2][0xac][0x12][0xe0][0xeb][0x12]lL[0xff][0x2]j[0xd0][0x1a][0xbb][0xf1][0xde]j[0xb0][0x4][0xb1][0xf]Z[0xf]qN[0x9f][0x8a][0xe0]U[0x3][0x96][0xc0][0x1d][0xba]?u[0x0][0xb5][0x14]%Y[0x82][0xbf][0xcc]~[0xe3][0x1b][\r]j[0x80]IE[0x4][0xa4][0xa5]dC.[0xd3][0x80][0x1a]/[0x81][0xee][0x94][0xb1][0xa0][0x6][0xcf]~[0xe7][0x1e][0x9e][0x86][0x87][0xd5][0xc6]w`[0x9][0xe]Q[0x7][0xa7]:}^[0x1b][0x12][0xef]U[0x8c]'[0x1f][0x1a]P[0x83][0x8e][0x96][0xa1][0xfb][0xf4]q[0xd8]m[0xfc][0xcf]+[0xd8][0x9a][0x10][0xfb]$`x[0x1][0xf5][0xfe]K[0xe3][0xf5][0xb0][0xe9]~[0xe7][0xdd]x[0x14][0xc8]%[0x82][0x84][\n]"
12:54:59.336 [main] DEBUG org.apache.http.wire --  << "([0x11][0xa5]`[0x9][0xd6][0xeb]#[0xa8][0xd1][0xd7][0xe5][0xff][0x7][0xf4][0xd9][0x1f]u[0x88][0xc5]g[0x97][\n]"
12:54:59.336 [main] DEBUG org.apache.http.wire --  << "[0x11]![0xbf]-D[0xae]B[0x9d][0xf][0xc1]D?[0xab][0xd4][0xf9][0xb0]&[0x14][0xb3][0x1c][0xaa][0xa4][0x81][0xff][0xb1][0x9e]qj[0xd4][0xd1]49[0xd4]e[0x97][0xff]H[0x8b][0xa1][0x15]eB^[0xb1] E+L1J[0xb4][0x1e][0xf][0xd6]v[0xca][0xa5]X[0x9f][0x82]r[0x1b][0x1d][0x8b][0xc7]>[0xd1]*EjE*.$[0xc4][0x8c][0x93][0x8b][0x15][0xbd]Z[0xb5][0xfa]hf[0xa1][0xc6][0xc5][0xf0]2[0xee][0x98]H[0xb5][0xfa][0x88]HE[0xe5][0xc3][0xc][0xd6][0x18][0x96]c[0x8d]Ir(!![0xaa][0x18][0xc4][0x94][0xf1][0xbb][0xa0][0xf8][\r][0x14][0xb9][0x81][0xfa][0xa2]\[0xf1][0x93][0xeb][0xbd]3>[0xc5][0xfa][0xe5][0xe0][0xfa][0xa1][0xb4][0x1e][0x83][0xd6]m[0xf1]sH[0xc8][0x4][0xe3],E[0xab]JB[0x19][0xc4][0x92][0xbe][0x17][0x18][0xbb][0xa2]5[0xf3][0xb5][0xd5]x[0xa7][0x83][0xcf][0xbd][0xf4]I7[0xde][0xcd]U[0x96][0x9f]R[0xf9]N[0x87][0xdc]J[\n]"
12:54:59.336 [main] DEBUG org.apache.http.wire --  << "[0xe]eYA1[0x1c][0xe7][0xdf][0x15][0x15][0xbb][0xb1][0x8a][0xff]l[0xa5][0x1a][0xd5][0xc5][0xe2]KZV[0x84][0xf1][0x94][0xa8]D[0xb2][0x12][0x10][0x93]+[0x11]O[0x88]t[0xd0][0xed],[0xd2][0xb0][0x98][0x1b]=[0xb7][0xf6]i[0xb1][0xe6]bN[0xe9][0x1c][0x91]8[0xed][0xfd]I[[0x9b]CU\@[0x84]0[0xc4][0xd5][0x9d]E5[0x94][0x90][0x90])[0x14]F+![0xcb]*[0x81][0xd2][0xb6][0xd8][0xab][0x98]![0xed][0x83][0x8f]{[0xbd][0xe9][0x8b][0x98]:a[0xc2][0xf2]^E[0x99][0x80][0x88]qqq[0x12][0x89][0xd3][0xd0]X[0xd6]aV[0xea]m9[0xb7][0xa2]L[0x96][0x8b][0xf][0x9c]}[0xaf][\n]"
12:54:59.336 [main] DEBUG org.apache.http.wire --  << "[0x87][0x18]o[0xb0][0x84],!e[0x1c]V[0xe5][0xc8][0xfe][0xfd]Xx[0xa8][0xaa]1[0xe6][0x8c]E[0xd0]J0[0x9c]Zm[0x83][0x8e].[0xa3][0x8a][0xaa]i[0xac][0x9e]@Q"
12:54:59.336 [main] DEBUG org.apache.http.wire --  << "[0x96][0xcd][0xbd]JPYBD[0x18][0xbf]H[0xc9][0xa4][0xab][0x9b]`T7[0x7][0x15][0xdd]K[0xa3]'N[B[0xcb][0x1f][0x1f][0x16]s[0xb3][0xef]-a[0xe]uN[0x93]9aBa[0xc5](D\[0xd0][0xfb];U[0xea][0x84]o[0x9c]:[0x1d]U[0xaa]tT[0xd6][0xbe][0x14]G[0xa3]O[0x85]uwI[0x95]W[0xa9][0x93][0xb1][0xf6][0x1b]T;[0xbf]o[0x8d][0x8b][0xb9][0xd5][0xaf]o1\|[0xdc]=[0xcf]x[0x9d][0xd3][0xe6]`[0x97]d[0x99][0x18][0x1b][0xce][0x86]0De[0x85][0xee][0xed]W[0x98]LK[0x8b]O[0xc8][0x8c][0xea]L[0xd6][0xa9][0x8e][0xde]5[0xca][0xea]B[0x1d]uBF[0xf3]nu+V%SP[0xf5]zv[0x8][0xaa]^[0xaf]w[0x93][0x9][0xb8][0xd5][0xcf][0xed][0xc3]b[0xee][0xb6]0[0x84]L[0x98][0x94][0xd5][0xb7]_[0x1f][0xe3][0x2][0xe2][0xea][0xce][0x9e]N[0xd1][0x8a]0Y[0x96][0xf9][0x0][0xe4]l[0xc2][0xb4][0xf5][0xa1]/N[0xea][0xc5]ew+[0xaf][0xda][0xc2][0xaa][0x93][0x9b]Xq[0x92][0xdd][0x18]0"\@[0xc6][0xe9][0xfb][0x8d][0x1][0xa3][0xe4][0x2]j[0xba][0xce][0xcc]r[0xbd][0xad][0xae]'[0xed][0xbd][0xb5][0xda][0xb8][0xc5][0x87][0x1f][0x16]s[0xf7][0xd0]1*7[0x1b]c&[0x9f]"bca1>[0xe][0xb5]3[0xda][0xef][0x3][0x0][0x0][0xff][0xff][0x3][0x0]z[\r][0xe]b[0xae][0xb][0x0][0x0]"
12:54:59.336 [main] DEBUG org.apache.http.wire --  << "[\r][\n]"
12:54:59.336 [main] DEBUG org.apache.http.wire --  << "0[\r][\n]"
12:54:59.336 [main] DEBUG org.apache.http.wire --  << "[\r][\n]"
12:54:59.336 [main] DEBUG io.restassured.internal.RestAssuredHttpBuilder -- Parsed data to instance of: class org.apache.http.conn.EofSensorInputStream
12:54:59.338 [main] DEBUG org.apache.http.impl.conn.BasicClientConnectionManager -- Releasing connection org.apache.http.impl.conn.ManagedClientConnectionImpl@68722de3
12:54:59.338 [main] DEBUG org.apache.http.impl.conn.BasicClientConnectionManager -- Connection can be kept alive indefinitely
12:54:59.346 [main] DEBUG net.thucydides.core.steps.StepInterceptor -- STEP DONE: I send GET all HTTP Request
  &amp#27;[32mWhen &amp#27;[0m&amp#27;[32mI send GET all HTTP Request&amp#27;[0m      &amp#27;[90m# starter.stepdefinition.UserSteps.setHTTPGet()&amp#27;[0m
12:54:59.353 [main] DEBUG net.thucydides.core.steps.StepInterceptor -- STARTING STEP: UserSteps.receiveHTTPResponse - I receive Valid HTTP response 200
12:54:59.354 [main] DEBUG net.thucydides.core.steps.StepInterceptor -- STEP DONE: I receive Valid HTTP response 200
  &amp#27;[32mAnd &amp#27;[0m&amp#27;[32mI receive Valid HTTP response 200&amp#27;[0m &amp#27;[90m# starter.stepdefinition.UserSteps.receiveHTTPResponse()&amp#27;[0m
12:54:59.360 [main] DEBUG net.thucydides.core.steps.StepInterceptor -- STARTING STEP: UserSteps.receiveGetDataUser - I receive valid data detail user
12:54:59.450 [main] DEBUG net.thucydides.core.steps.StepInterceptor -- STEP DONE: I receive valid data detail user
  &amp#27;[32mThen &amp#27;[0m&amp#27;[32mI receive valid data detail user&amp#27;[0m &amp#27;[90m# starter.stepdefinition.UserSteps.receiveGetDataUser()&amp#27;[0m
12:54:59.456 [main] INFO  -- 
  _____   ___   ___   _____     ___     _     ___   ___   ___   ___  
 |_   _| | __| / __| |_   _|   | _ \   /_\   / __| / __| | __| |   \ 
   | |   | _|  \__ \   | |     |  _/  / _ \  \__ \ \__ \ | _|  | |) |
   |_|   |___| |___/   |_|     |_|   /_/ \_\ |___/ |___/ |___| |___/ 

Get All data users
----------------------------------------------------------------------
]]></system-out>
  </testcase>
  <testcase name="POST new data for new user" classname="USER feature" time="1.309">
    <system-out><![CDATA[12:54:59.472 [Finalizer] DEBUG org.apache.http.impl.conn.DefaultClientConnection -- Connection 0.0.0.0:50994<->104.21.3.149:443 closed
12:54:59.473 [Finalizer] DEBUG org.apache.http.impl.conn.DefaultClientConnection -- Connection 0.0.0.0:50995<->104.21.3.149:443 closed
12:54:59.474 [Finalizer] DEBUG org.apache.http.impl.conn.DefaultClientConnection -- Connection 0.0.0.0:50996<->104.21.3.149:443 closed
12:54:59.475 [Finalizer] DEBUG org.apache.http.impl.conn.DefaultClientConnection -- Connection 0.0.0.0:50997<->104.21.3.149:443 closed
12:54:59.476 [Finalizer] DEBUG org.apache.http.impl.conn.DefaultClientConnection -- Connection 0.0.0.0:50998<->104.21.3.149:443 closed

Scenario: POST new data for new user             &amp#27;[90m# src/test/resources/features/User.feature:12&amp#27;[0m
12:54:59.482 [main] DEBUG io.cucumber.core.plugin.SerenityReporter -- Running feature from file:///D:/Intelij/REST%20API/fakestoreapi/src/test/resources/features/User.feature
12:54:59.488 [main] INFO  -- 
  _____   ___   ___   _____     ___   _____     _     ___   _____   ___   ___  
 |_   _| | __| / __| |_   _|   / __| |_   _|   /_\   | _ \ |_   _| | __| |   \ 
   | |   | _|  \__ \   | |     \__ \   | |    / _ \  |   /   | |   | _|  | |) |
   |_|   |___| |___/   |_|     |___/   |_|   /_/ \_\ |_|_\   |_|   |___| |___/ 

POST new data for new user(user-feature;post-new-data-for-new-user)
--------------------------------------------------------------------------------
12:54:59.557 [main] DEBUG net.thucydides.core.steps.StepInterceptor -- STARTING STEP: UserSteps.setPOSTUserEndpoint - I set POST api endpoint
12:54:59.558 [main] DEBUG net.thucydides.core.steps.StepInterceptor -- STEP DONE: I set POST api endpoint
  &amp#27;[32mGiven &amp#27;[0m&amp#27;[32mI set POST api endpoint&amp#27;[0m                  &amp#27;[90m# starter.stepdefinition.UserSteps.setPOSTUserEndpoint()&amp#27;[0m
12:54:59.572 [main] DEBUG net.thucydides.core.steps.StepInterceptor -- STARTING STEP: UserSteps.setRequestPOSTUser - I set the POST HTTP request
12:54:59.580 [main] DEBUG net.thucydides.core.steps.StepInterceptor -- STARTING STEP: PostNewUser.RequestHTTPPOstUser - I set POST api endpoint
12:54:59.581 [main] DEBUG net.thucydides.core.steps.StepInterceptor -- STEP DONE: I set POST api endpoint
12:54:59.643 [main] DEBUG org.apache.http.impl.conn.BasicClientConnectionManager -- Get connection for route {s}->https://fakestoreapi.com:443
12:54:59.643 [main] DEBUG org.apache.http.impl.conn.DefaultClientConnectionOperator -- Connecting to fakestoreapi.com:443
12:54:59.805 [main] DEBUG org.apache.http.client.protocol.RequestAddCookies -- CookieSpec selected: ignoreCookies
12:54:59.805 [main] DEBUG org.apache.http.client.protocol.RequestAuthCache -- Auth cache not set in the context
12:54:59.805 [main] DEBUG org.apache.http.client.protocol.RequestTargetAuthentication -- Target auth state: UNCHALLENGED
12:54:59.805 [main] DEBUG org.apache.http.client.protocol.RequestProxyAuthentication -- Proxy auth state: UNCHALLENGED
12:54:59.805 [main] DEBUG org.apache.http.impl.client.DefaultHttpClient -- Attempt 1 to execute request
12:54:59.805 [main] DEBUG org.apache.http.impl.conn.DefaultClientConnection -- Sending request: POST /users HTTP/1.1
12:54:59.805 [main] DEBUG org.apache.http.wire --  >> "POST /users HTTP/1.1[\r][\n]"
12:54:59.805 [main] DEBUG org.apache.http.wire --  >> "Accept: */*[\r][\n]"
12:54:59.805 [main] DEBUG org.apache.http.wire --  >> "Content-Type: application/json[\r][\n]"
12:54:59.805 [main] DEBUG org.apache.http.wire --  >> "Content-Length: 81[\r][\n]"
12:54:59.805 [main] DEBUG org.apache.http.wire --  >> "Host: fakestoreapi.com[\r][\n]"
12:54:59.805 [main] DEBUG org.apache.http.wire --  >> "Connection: Keep-Alive[\r][\n]"
12:54:59.805 [main] DEBUG org.apache.http.wire --  >> "User-Agent: Apache-HttpClient/4.5.13 (Java/20)[\r][\n]"
12:54:59.805 [main] DEBUG org.apache.http.wire --  >> "Accept-Encoding: gzip,deflate[\r][\n]"
12:54:59.805 [main] DEBUG org.apache.http.wire --  >> "[\r][\n]"
12:54:59.805 [main] DEBUG org.apache.http.headers -- >> POST /users HTTP/1.1
12:54:59.805 [main] DEBUG org.apache.http.headers -- >> Accept: */*
12:54:59.805 [main] DEBUG org.apache.http.headers -- >> Content-Type: application/json
12:54:59.805 [main] DEBUG org.apache.http.headers -- >> Content-Length: 81
12:54:59.805 [main] DEBUG org.apache.http.headers -- >> Host: fakestoreapi.com
12:54:59.805 [main] DEBUG org.apache.http.headers -- >> Connection: Keep-Alive
12:54:59.805 [main] DEBUG org.apache.http.headers -- >> User-Agent: Apache-HttpClient/4.5.13 (Java/20)
12:54:59.805 [main] DEBUG org.apache.http.headers -- >> Accept-Encoding: gzip,deflate
12:54:59.805 [main] DEBUG org.apache.http.wire --  >> "{"password":"aaaaa$","'id'":21,"__v":0,"email":"AAA@gmail.com","username":"AAAA"}"
12:55:00.715 [main] DEBUG org.apache.http.wire --  << "HTTP/1.1 200 OK[\r][\n]"
12:55:00.715 [main] DEBUG org.apache.http.wire --  << "Date: Sun, 16 Apr 2023 05:55:01 GMT[\r][\n]"
12:55:00.715 [main] DEBUG org.apache.http.wire --  << "Content-Type: application/json; charset=utf-8[\r][\n]"
12:55:00.715 [main] DEBUG org.apache.http.wire --  << "Content-Length: 9[\r][\n]"
12:55:00.715 [main] DEBUG org.apache.http.wire --  << "Connection: keep-alive[\r][\n]"
12:55:00.715 [main] DEBUG org.apache.http.wire --  << "Access-Control-Allow-Origin: *[\r][\n]"
12:55:00.715 [main] DEBUG org.apache.http.wire --  << "Etag: W/"9-hVv0cNJophUD7CGn+ZqXp8tVGo0"[\r][\n]"
12:55:00.715 [main] DEBUG org.apache.http.wire --  << "X-Powered-By: Express[\r][\n]"
12:55:00.715 [main] DEBUG org.apache.http.wire --  << "CF-Cache-Status: DYNAMIC[\r][\n]"
12:55:00.715 [main] DEBUG org.apache.http.wire --  << "Report-To: {"endpoints":[{"url":"https:\/\/a.nel.cloudflare.com\/report\/v3?s=2TztQOgl68hfwjcM5gJbGv98T5U6rhLcBy%2FT%2BHlBra97QgXuCq6ABlR8nSo%2FdehFy8aW6qYrrJg%2BZTeCaFXlkozJJzbAZVmNOQOBEr20rWu9TIWYZtIFwtFKGfp7aijw3%2Bbg"}],"group":"cf-nel","max_age":604800}[\r][\n]"
12:55:00.715 [main] DEBUG org.apache.http.wire --  << "NEL: {"success_fraction":0,"report_to":"cf-nel","max_age":604800}[\r][\n]"
12:55:00.715 [main] DEBUG org.apache.http.wire --  << "Server: cloudflare[\r][\n]"
12:55:00.715 [main] DEBUG org.apache.http.wire --  << "CF-RAY: 7b8a2d4638450172-SIN[\r][\n]"
12:55:00.715 [main] DEBUG org.apache.http.wire --  << "alt-svc: h3=":443"; ma=86400, h3-29=":443"; ma=86400[\r][\n]"
12:55:00.715 [main] DEBUG org.apache.http.wire --  << "[\r][\n]"
12:55:00.715 [main] DEBUG org.apache.http.impl.conn.DefaultClientConnection -- Receiving response: HTTP/1.1 200 OK
12:55:00.715 [main] DEBUG org.apache.http.headers -- << HTTP/1.1 200 OK
12:55:00.715 [main] DEBUG org.apache.http.headers -- << Date: Sun, 16 Apr 2023 05:55:01 GMT
12:55:00.715 [main] DEBUG org.apache.http.headers -- << Content-Type: application/json; charset=utf-8
12:55:00.715 [main] DEBUG org.apache.http.headers -- << Content-Length: 9
12:55:00.715 [main] DEBUG org.apache.http.headers -- << Connection: keep-alive
12:55:00.715 [main] DEBUG org.apache.http.headers -- << Access-Control-Allow-Origin: *
12:55:00.715 [main] DEBUG org.apache.http.headers -- << Etag: W/"9-hVv0cNJophUD7CGn+ZqXp8tVGo0"
12:55:00.715 [main] DEBUG org.apache.http.headers -- << X-Powered-By: Express
12:55:00.715 [main] DEBUG org.apache.http.headers -- << CF-Cache-Status: DYNAMIC
12:55:00.715 [main] DEBUG org.apache.http.headers -- << Report-To: {"endpoints":[{"url":"https:\/\/a.nel.cloudflare.com\/report\/v3?s=2TztQOgl68hfwjcM5gJbGv98T5U6rhLcBy%2FT%2BHlBra97QgXuCq6ABlR8nSo%2FdehFy8aW6qYrrJg%2BZTeCaFXlkozJJzbAZVmNOQOBEr20rWu9TIWYZtIFwtFKGfp7aijw3%2Bbg"}],"group":"cf-nel","max_age":604800}
12:55:00.715 [main] DEBUG org.apache.http.headers -- << NEL: {"success_fraction":0,"report_to":"cf-nel","max_age":604800}
12:55:00.715 [main] DEBUG org.apache.http.headers -- << Server: cloudflare
12:55:00.715 [main] DEBUG org.apache.http.headers -- << CF-RAY: 7b8a2d4638450172-SIN
12:55:00.715 [main] DEBUG org.apache.http.headers -- << alt-svc: h3=":443"; ma=86400, h3-29=":443"; ma=86400
12:55:00.715 [main] DEBUG org.apache.http.impl.client.DefaultHttpClient -- Connection can be kept alive indefinitely
12:55:00.716 [main] DEBUG io.restassured.internal.RestAssuredHttpBuilder -- Parsing response as: application/json; charset=utf-8
12:55:00.716 [main] DEBUG io.restassured.internal.RestAssuredHttpBuilder -- Parsed data to instance of: class org.apache.http.conn.EofSensorInputStream
12:55:00.717 [main] DEBUG org.apache.http.wire --  << "{"id":11}"
12:55:00.717 [main] DEBUG org.apache.http.impl.conn.BasicClientConnectionManager -- Releasing connection org.apache.http.impl.conn.ManagedClientConnectionImpl@6e54bef6
12:55:00.717 [main] DEBUG org.apache.http.impl.conn.BasicClientConnectionManager -- Connection can be kept alive indefinitely
12:55:00.717 [main] DEBUG net.thucydides.core.steps.StepInterceptor -- STEP DONE: I set the POST HTTP request
  &amp#27;[32mWhen &amp#27;[0m&amp#27;[32mI set the POST HTTP request&amp#27;[0m               &amp#27;[90m# starter.stepdefinition.UserSteps.setRequestPOSTUser()&amp#27;[0m
12:55:00.721 [main] DEBUG net.thucydides.core.steps.StepInterceptor -- STARTING STEP: UserSteps.receivePostUser200 - I should receive success response code 200
12:55:00.723 [main] DEBUG net.thucydides.core.steps.StepInterceptor -- STEP DONE: I should receive success response code 200
  &amp#27;[32mAnd &amp#27;[0m&amp#27;[32mI should receive success response code 200&amp#27;[0m &amp#27;[90m# starter.stepdefinition.UserSteps.receivePostUser200()&amp#27;[0m
12:55:00.732 [main] DEBUG net.thucydides.core.steps.StepInterceptor -- STARTING STEP: UserSteps.validatePostUser - I validate the new data of user
12:55:00.759 [main] DEBUG net.thucydides.core.steps.StepInterceptor -- STEP DONE: I validate the new data of user
  &amp#27;[32mThen &amp#27;[0m&amp#27;[32mI validate the new data of user&amp#27;[0m           &amp#27;[90m# starter.stepdefinition.UserSteps.validatePostUser()&amp#27;[0m
12:55:00.765 [main] INFO  -- 
  _____   ___   ___   _____     ___     _     ___   ___   ___   ___  
 |_   _| | __| / __| |_   _|   | _ \   /_\   / __| / __| | __| |   \ 
   | |   | _|  \__ \   | |     |  _/  / _ \  \__ \ \__ \ | _|  | |) |
   |_|   |___| |___/   |_|     |_|   /_/ \_\ |___/ |___/ |___| |___/ 

POST new data for new user
----------------------------------------------------------------------
]]></system-out>
  </testcase>
  <testcase name="PUT for update data user" classname="USER feature" time="0.765">
    <system-out><![CDATA[
Scenario: PUT for update data user           &amp#27;[90m# src/test/resources/features/User.feature:18&amp#27;[0m
12:55:00.780 [main] DEBUG io.cucumber.core.plugin.SerenityReporter -- Running feature from file:///D:/Intelij/REST%20API/fakestoreapi/src/test/resources/features/User.feature
12:55:00.789 [main] INFO  -- 
  _____   ___   ___   _____     ___   _____     _     ___   _____   ___   ___  
 |_   _| | __| / __| |_   _|   / __| |_   _|   /_\   | _ \ |_   _| | __| |   \ 
   | |   | _|  \__ \   | |     \__ \   | |    / _ \  |   /   | |   | _|  | |) |
   |_|   |___| |___/   |_|     |___/   |_|   /_/ \_\ |_|_\   |_|   |___| |___/ 

PUT for update data user(user-feature;put-for-update-data-user)
--------------------------------------------------------------------------------
12:55:00.833 [main] DEBUG net.thucydides.core.steps.StepInterceptor -- STARTING STEP: UserSteps.setPUTUpdateEndpoint - I set the Api PUT ENDPOINT
12:55:00.833 [main] DEBUG net.thucydides.core.steps.StepInterceptor -- STEP DONE: I set the Api PUT ENDPOINT
  &amp#27;[32mGiven &amp#27;[0m&amp#27;[32mI set the Api PUT ENDPOINT&amp#27;[0m           &amp#27;[90m# starter.stepdefinition.UserSteps.setPUTUpdateEndpoint()&amp#27;[0m
12:55:00.843 [main] DEBUG net.thucydides.core.steps.StepInterceptor -- STARTING STEP: UserSteps.setRequestPUTUpdateUser - I send HTTP Request to PUT
12:55:00.848 [main] DEBUG net.thucydides.core.steps.StepInterceptor -- STARTING STEP: PutUpdate.setRequestPutUpdateUser - I set the Api PUT ENDPOINT
12:55:00.848 [main] DEBUG net.thucydides.core.steps.StepInterceptor -- STEP DONE: I set the Api PUT ENDPOINT
12:55:00.871 [main] DEBUG org.apache.http.impl.conn.BasicClientConnectionManager -- Get connection for route {s}->https://fakestoreapi.com:443
12:55:00.871 [main] DEBUG org.apache.http.impl.conn.DefaultClientConnectionOperator -- Connecting to fakestoreapi.com:443
12:55:01.041 [main] DEBUG org.apache.http.client.protocol.RequestAddCookies -- CookieSpec selected: ignoreCookies
12:55:01.041 [main] DEBUG org.apache.http.client.protocol.RequestAuthCache -- Auth cache not set in the context
12:55:01.041 [main] DEBUG org.apache.http.client.protocol.RequestTargetAuthentication -- Target auth state: UNCHALLENGED
12:55:01.041 [main] DEBUG org.apache.http.client.protocol.RequestProxyAuthentication -- Proxy auth state: UNCHALLENGED
12:55:01.041 [main] DEBUG org.apache.http.impl.client.DefaultHttpClient -- Attempt 1 to execute request
12:55:01.041 [main] DEBUG org.apache.http.impl.conn.DefaultClientConnection -- Sending request: PUT /users/1 HTTP/1.1
12:55:01.041 [main] DEBUG org.apache.http.wire --  >> "PUT /users/1 HTTP/1.1[\r][\n]"
12:55:01.041 [main] DEBUG org.apache.http.wire --  >> "Accept: */*[\r][\n]"
12:55:01.041 [main] DEBUG org.apache.http.wire --  >> "Content-Type: application/json[\r][\n]"
12:55:01.041 [main] DEBUG org.apache.http.wire --  >> "Content-Length: 71[\r][\n]"
12:55:01.041 [main] DEBUG org.apache.http.wire --  >> "Host: fakestoreapi.com[\r][\n]"
12:55:01.041 [main] DEBUG org.apache.http.wire --  >> "Connection: Keep-Alive[\r][\n]"
12:55:01.041 [main] DEBUG org.apache.http.wire --  >> "User-Agent: Apache-HttpClient/4.5.13 (Java/20)[\r][\n]"
12:55:01.041 [main] DEBUG org.apache.http.wire --  >> "Accept-Encoding: gzip,deflate[\r][\n]"
12:55:01.041 [main] DEBUG org.apache.http.wire --  >> "[\r][\n]"
12:55:01.041 [main] DEBUG org.apache.http.headers -- >> PUT /users/1 HTTP/1.1
12:55:01.041 [main] DEBUG org.apache.http.headers -- >> Accept: */*
12:55:01.041 [main] DEBUG org.apache.http.headers -- >> Content-Type: application/json
12:55:01.041 [main] DEBUG org.apache.http.headers -- >> Content-Length: 71
12:55:01.042 [main] DEBUG org.apache.http.headers -- >> Host: fakestoreapi.com
12:55:01.042 [main] DEBUG org.apache.http.headers -- >> Connection: Keep-Alive
12:55:01.042 [main] DEBUG org.apache.http.headers -- >> User-Agent: Apache-HttpClient/4.5.13 (Java/20)
12:55:01.042 [main] DEBUG org.apache.http.headers -- >> Accept-Encoding: gzip,deflate
12:55:01.042 [main] DEBUG org.apache.http.wire --  >> "{"password":"aaaaa$","__v":0,"email":"AAA@gmail.com","username":"AAAA"}"
12:55:01.458 [main] DEBUG org.apache.http.wire --  << "HTTP/1.1 200 OK[\r][\n]"
12:55:01.458 [main] DEBUG org.apache.http.wire --  << "Date: Sun, 16 Apr 2023 05:55:01 GMT[\r][\n]"
12:55:01.458 [main] DEBUG org.apache.http.wire --  << "Content-Type: application/json; charset=utf-8[\r][\n]"
12:55:01.458 [main] DEBUG org.apache.http.wire --  << "Transfer-Encoding: chunked[\r][\n]"
12:55:01.458 [main] DEBUG org.apache.http.wire --  << "Connection: keep-alive[\r][\n]"
12:55:01.458 [main] DEBUG org.apache.http.wire --  << "Access-Control-Allow-Origin: *[\r][\n]"
12:55:01.458 [main] DEBUG org.apache.http.wire --  << "Etag: W/"47-uXIP31NXXG2cuLaKXiyKS3LDs7s"[\r][\n]"
12:55:01.458 [main] DEBUG org.apache.http.wire --  << "X-Powered-By: Express[\r][\n]"
12:55:01.458 [main] DEBUG org.apache.http.wire --  << "CF-Cache-Status: DYNAMIC[\r][\n]"
12:55:01.458 [main] DEBUG org.apache.http.wire --  << "Report-To: {"endpoints":[{"url":"https:\/\/a.nel.cloudflare.com\/report\/v3?s=aU%2Fe90Yzx4T6VmQuadnmXe37exwwEgheHFe3HjBwi78wvTWo%2BwJrepno9B81SzIwJyCVOylCbnKbrrXLPDmnGU4T5rhvvv6gudhlsBRoaIigM1OSRl1BhTbecBu9ZnmMY6Pz"}],"group":"cf-nel","max_age":604800}[\r][\n]"
12:55:01.458 [main] DEBUG org.apache.http.wire --  << "NEL: {"success_fraction":0,"report_to":"cf-nel","max_age":604800}[\r][\n]"
12:55:01.458 [main] DEBUG org.apache.http.wire --  << "Server: cloudflare[\r][\n]"
12:55:01.458 [main] DEBUG org.apache.http.wire --  << "CF-RAY: 7b8a2d4dfa8240f0-SIN[\r][\n]"
12:55:01.458 [main] DEBUG org.apache.http.wire --  << "Content-Encoding: gzip[\r][\n]"
12:55:01.458 [main] DEBUG org.apache.http.wire --  << "alt-svc: h3=":443"; ma=86400, h3-29=":443"; ma=86400[\r][\n]"
12:55:01.458 [main] DEBUG org.apache.http.wire --  << "[\r][\n]"
12:55:01.458 [main] DEBUG org.apache.http.impl.conn.DefaultClientConnection -- Receiving response: HTTP/1.1 200 OK
12:55:01.458 [main] DEBUG org.apache.http.headers -- << HTTP/1.1 200 OK
12:55:01.458 [main] DEBUG org.apache.http.headers -- << Date: Sun, 16 Apr 2023 05:55:01 GMT
12:55:01.458 [main] DEBUG org.apache.http.headers -- << Content-Type: application/json; charset=utf-8
12:55:01.458 [main] DEBUG org.apache.http.headers -- << Transfer-Encoding: chunked
12:55:01.458 [main] DEBUG org.apache.http.headers -- << Connection: keep-alive
12:55:01.458 [main] DEBUG org.apache.http.headers -- << Access-Control-Allow-Origin: *
12:55:01.458 [main] DEBUG org.apache.http.headers -- << Etag: W/"47-uXIP31NXXG2cuLaKXiyKS3LDs7s"
12:55:01.458 [main] DEBUG org.apache.http.headers -- << X-Powered-By: Express
12:55:01.458 [main] DEBUG org.apache.http.headers -- << CF-Cache-Status: DYNAMIC
12:55:01.458 [main] DEBUG org.apache.http.headers -- << Report-To: {"endpoints":[{"url":"https:\/\/a.nel.cloudflare.com\/report\/v3?s=aU%2Fe90Yzx4T6VmQuadnmXe37exwwEgheHFe3HjBwi78wvTWo%2BwJrepno9B81SzIwJyCVOylCbnKbrrXLPDmnGU4T5rhvvv6gudhlsBRoaIigM1OSRl1BhTbecBu9ZnmMY6Pz"}],"group":"cf-nel","max_age":604800}
12:55:01.458 [main] DEBUG org.apache.http.headers -- << NEL: {"success_fraction":0,"report_to":"cf-nel","max_age":604800}
12:55:01.458 [main] DEBUG org.apache.http.headers -- << Server: cloudflare
12:55:01.458 [main] DEBUG org.apache.http.headers -- << CF-RAY: 7b8a2d4dfa8240f0-SIN
12:55:01.458 [main] DEBUG org.apache.http.headers -- << Content-Encoding: gzip
12:55:01.458 [main] DEBUG org.apache.http.headers -- << alt-svc: h3=":443"; ma=86400, h3-29=":443"; ma=86400
12:55:01.458 [main] DEBUG org.apache.http.impl.client.DefaultHttpClient -- Connection can be kept alive indefinitely
12:55:01.458 [main] DEBUG io.restassured.internal.RestAssuredHttpBuilder -- Parsing response as: application/json; charset=utf-8
12:55:01.458 [main] DEBUG org.apache.http.wire --  << "58[\r][\n]"
12:55:01.459 [main] DEBUG org.apache.http.wire --  << "[0x1f][0x8b][0x8][0x0][0x0][0x0][0x0][0x0][0x0][0x3][0xaa]V*H,..[0xcf]/JQ[0xb2]RJ[0x4][0x1][0x15]%[0x1d][0xa5][0xf8][0xf8]2%+[0x3][0x1d][0xa5][0xd4][0xdc][0xc4][0xcc][0x1c]%+%GGG[0x87]t[0x10][/9?WIG[0xa9][0xb4]8[0xb5](/17[0x15]"[0xe5][0xa8]T[0xb][0x0][0x0][0x0][0xff][0xff][0x3][0x0] [0xc3]f[0x0]G[0x0][0x0][0x0]"
12:55:01.459 [main] DEBUG org.apache.http.wire --  << "[\r][\n]"
12:55:01.459 [main] DEBUG org.apache.http.wire --  << "0[\r][\n]"
12:55:01.459 [main] DEBUG org.apache.http.wire --  << "[\r][\n]"
12:55:01.459 [main] DEBUG io.restassured.internal.RestAssuredHttpBuilder -- Parsed data to instance of: class org.apache.http.conn.EofSensorInputStream
12:55:01.460 [main] DEBUG org.apache.http.impl.conn.BasicClientConnectionManager -- Releasing connection org.apache.http.impl.conn.ManagedClientConnectionImpl@6ee07d7f
12:55:01.460 [main] DEBUG org.apache.http.impl.conn.BasicClientConnectionManager -- Connection can be kept alive indefinitely
12:55:01.461 [main] DEBUG net.thucydides.core.steps.StepInterceptor -- STEP DONE: I send HTTP Request to PUT
  &amp#27;[32mWhen &amp#27;[0m&amp#27;[32mI send HTTP Request to PUT&amp#27;[0m            &amp#27;[90m# starter.stepdefinition.UserSteps.setRequestPUTUpdateUser()&amp#27;[0m
12:55:01.465 [main] DEBUG net.thucydides.core.steps.StepInterceptor -- STARTING STEP: UserSteps.receiveUpdatePutResponse200 - I receive response code 200
12:55:01.466 [main] DEBUG net.thucydides.core.steps.StepInterceptor -- STEP DONE: I receive response code 200
  &amp#27;[32mThen &amp#27;[0m&amp#27;[32mI receive response code 200&amp#27;[0m           &amp#27;[90m# starter.stepdefinition.UserSteps.receiveUpdatePutResponse200()&amp#27;[0m
12:55:01.470 [main] DEBUG net.thucydides.core.steps.StepInterceptor -- STARTING STEP: UserSteps.validateUpdateUser - I try to validate the update data user
12:55:01.526 [main] DEBUG net.thucydides.core.steps.StepInterceptor -- STEP DONE: I try to validate the update data user
  &amp#27;[32mAnd &amp#27;[0m&amp#27;[32mI try to validate the update data user&amp#27;[0m &amp#27;[90m# starter.stepdefinition.UserSteps.validateUpdateUser()&amp#27;[0m
12:55:01.531 [main] INFO  -- 
  _____   ___   ___   _____     ___     _     ___   ___   ___   ___  
 |_   _| | __| / __| |_   _|   | _ \   /_\   / __| / __| | __| |   \ 
   | |   | _|  \__ \   | |     |  _/  / _ \  \__ \ \__ \ | _|  | |) |
   |_|   |___| |___/   |_|     |_|   /_/ \_\ |___/ |___/ |___| |___/ 

PUT for update data user
----------------------------------------------------------------------
]]></system-out>
  </testcase>
  <testcase name="DELETE data user exist" classname="USER feature" time="0.919">
    <system-out><![CDATA[
Scenario: DELETE data user exist               &amp#27;[90m# src/test/resources/features/User.feature:24&amp#27;[0m
12:55:01.541 [main] DEBUG io.cucumber.core.plugin.SerenityReporter -- Running feature from file:///D:/Intelij/REST%20API/fakestoreapi/src/test/resources/features/User.feature
12:55:01.544 [main] INFO  -- 
  _____   ___   ___   _____     ___   _____     _     ___   _____   ___   ___  
 |_   _| | __| / __| |_   _|   / __| |_   _|   /_\   | _ \ |_   _| | __| |   \ 
   | |   | _|  \__ \   | |     \__ \   | |    / _ \  |   /   | |   | _|  | |) |
   |_|   |___| |___/   |_|     |___/   |_|   /_/ \_\ |_|_\   |_|   |___| |___/ 

DELETE data user exist(user-feature;delete-data-user-exist)
--------------------------------------------------------------------------------
12:55:01.580 [main] DEBUG net.thucydides.core.steps.StepInterceptor -- STARTING STEP: UserSteps.setDeleteUserEndpoint - I set the Delete endpoint
12:55:01.581 [main] DEBUG net.thucydides.core.steps.StepInterceptor -- STEP DONE: I set the Delete endpoint
  &amp#27;[32mGiven &amp#27;[0m&amp#27;[32mI set the Delete endpoint&amp#27;[0m              &amp#27;[90m# starter.stepdefinition.UserSteps.setDeleteUserEndpoint()&amp#27;[0m
12:55:01.588 [main] DEBUG net.thucydides.core.steps.StepInterceptor -- STARTING STEP: UserSteps.setRequestDeleteUser - I send HTTP Request for Deleting
12:55:01.594 [main] DEBUG net.thucydides.core.steps.StepInterceptor -- STARTING STEP: DeleteUser.sendHTTPforDeleteUser - I set the Delete endpoint
12:55:01.595 [main] DEBUG net.thucydides.core.steps.StepInterceptor -- STEP DONE: I set the Delete endpoint
12:55:01.648 [main] DEBUG org.apache.http.impl.conn.BasicClientConnectionManager -- Get connection for route {s}->https://fakestoreapi.com:443
12:55:01.648 [main] DEBUG org.apache.http.impl.conn.DefaultClientConnectionOperator -- Connecting to fakestoreapi.com:443
12:55:01.864 [main] DEBUG org.apache.http.client.protocol.RequestAddCookies -- CookieSpec selected: ignoreCookies
12:55:01.864 [main] DEBUG org.apache.http.client.protocol.RequestAuthCache -- Auth cache not set in the context
12:55:01.864 [main] DEBUG org.apache.http.client.protocol.RequestTargetAuthentication -- Target auth state: UNCHALLENGED
12:55:01.864 [main] DEBUG org.apache.http.client.protocol.RequestProxyAuthentication -- Proxy auth state: UNCHALLENGED
12:55:01.864 [main] DEBUG org.apache.http.impl.client.DefaultHttpClient -- Attempt 1 to execute request
12:55:01.864 [main] DEBUG org.apache.http.impl.conn.DefaultClientConnection -- Sending request: DELETE /users/1 HTTP/1.1
12:55:01.864 [main] DEBUG org.apache.http.wire --  >> "DELETE /users/1 HTTP/1.1[\r][\n]"
12:55:01.864 [main] DEBUG org.apache.http.wire --  >> "Accept: */*[\r][\n]"
12:55:01.864 [main] DEBUG org.apache.http.wire --  >> "Host: fakestoreapi.com[\r][\n]"
12:55:01.864 [main] DEBUG org.apache.http.wire --  >> "Connection: Keep-Alive[\r][\n]"
12:55:01.864 [main] DEBUG org.apache.http.wire --  >> "User-Agent: Apache-HttpClient/4.5.13 (Java/20)[\r][\n]"
12:55:01.864 [main] DEBUG org.apache.http.wire --  >> "Accept-Encoding: gzip,deflate[\r][\n]"
12:55:01.864 [main] DEBUG org.apache.http.wire --  >> "[\r][\n]"
12:55:01.864 [main] DEBUG org.apache.http.headers -- >> DELETE /users/1 HTTP/1.1
12:55:01.864 [main] DEBUG org.apache.http.headers -- >> Accept: */*
12:55:01.864 [main] DEBUG org.apache.http.headers -- >> Host: fakestoreapi.com
12:55:01.864 [main] DEBUG org.apache.http.headers -- >> Connection: Keep-Alive
12:55:01.864 [main] DEBUG org.apache.http.headers -- >> User-Agent: Apache-HttpClient/4.5.13 (Java/20)
12:55:01.864 [main] DEBUG org.apache.http.headers -- >> Accept-Encoding: gzip,deflate
12:55:02.435 [main] DEBUG org.apache.http.wire --  << "HTTP/1.1 200 OK[\r][\n]"
12:55:02.435 [main] DEBUG org.apache.http.wire --  << "Date: Sun, 16 Apr 2023 05:55:02 GMT[\r][\n]"
12:55:02.435 [main] DEBUG org.apache.http.wire --  << "Content-Type: application/json; charset=utf-8[\r][\n]"
12:55:02.435 [main] DEBUG org.apache.http.wire --  << "Transfer-Encoding: chunked[\r][\n]"
12:55:02.435 [main] DEBUG org.apache.http.wire --  << "Connection: keep-alive[\r][\n]"
12:55:02.435 [main] DEBUG org.apache.http.wire --  << "Access-Control-Allow-Origin: *[\r][\n]"
12:55:02.435 [main] DEBUG org.apache.http.wire --  << "Etag: W/"120-HNMhv14aQeBJetA9fBvavCZ+gdk"[\r][\n]"
12:55:02.435 [main] DEBUG org.apache.http.wire --  << "X-Powered-By: Express[\r][\n]"
12:55:02.435 [main] DEBUG org.apache.http.wire --  << "CF-Cache-Status: DYNAMIC[\r][\n]"
12:55:02.435 [main] DEBUG org.apache.http.wire --  << "Report-To: {"endpoints":[{"url":"https:\/\/a.nel.cloudflare.com\/report\/v3?s=yx%2FHGok3%2Fbn1p7P429OuvnJ7h9v0mDRQDHAsSjRZo%2BUbM34PaRCgz%2Bify73%2BoljF9pGoe2Z5ep6phQ%2B0gpp6i%2Ba2gs%2FbN76Uja6g%2BEaEyCxbyXOGwCEe%2BlTE620NjlWA4gtS"}],"group":"cf-nel","max_age":604800}[\r][\n]"
12:55:02.435 [main] DEBUG org.apache.http.wire --  << "NEL: {"success_fraction":0,"report_to":"cf-nel","max_age":604800}[\r][\n]"
12:55:02.435 [main] DEBUG org.apache.http.wire --  << "Server: cloudflare[\r][\n]"
12:55:02.435 [main] DEBUG org.apache.http.wire --  << "CF-RAY: 7b8a2d530dc13ff3-SIN[\r][\n]"
12:55:02.435 [main] DEBUG org.apache.http.wire --  << "Content-Encoding: gzip[\r][\n]"
12:55:02.435 [main] DEBUG org.apache.http.wire --  << "alt-svc: h3=":443"; ma=86400, h3-29=":443"; ma=86400[\r][\n]"
12:55:02.435 [main] DEBUG org.apache.http.wire --  << "[\r][\n]"
12:55:02.435 [main] DEBUG org.apache.http.impl.conn.DefaultClientConnection -- Receiving response: HTTP/1.1 200 OK
12:55:02.435 [main] DEBUG org.apache.http.headers -- << HTTP/1.1 200 OK
12:55:02.435 [main] DEBUG org.apache.http.headers -- << Date: Sun, 16 Apr 2023 05:55:02 GMT
12:55:02.435 [main] DEBUG org.apache.http.headers -- << Content-Type: application/json; charset=utf-8
12:55:02.435 [main] DEBUG org.apache.http.headers -- << Transfer-Encoding: chunked
12:55:02.435 [main] DEBUG org.apache.http.headers -- << Connection: keep-alive
12:55:02.435 [main] DEBUG org.apache.http.headers -- << Access-Control-Allow-Origin: *
12:55:02.435 [main] DEBUG org.apache.http.headers -- << Etag: W/"120-HNMhv14aQeBJetA9fBvavCZ+gdk"
12:55:02.435 [main] DEBUG org.apache.http.headers -- << X-Powered-By: Express
12:55:02.435 [main] DEBUG org.apache.http.headers -- << CF-Cache-Status: DYNAMIC
12:55:02.435 [main] DEBUG org.apache.http.headers -- << Report-To: {"endpoints":[{"url":"https:\/\/a.nel.cloudflare.com\/report\/v3?s=yx%2FHGok3%2Fbn1p7P429OuvnJ7h9v0mDRQDHAsSjRZo%2BUbM34PaRCgz%2Bify73%2BoljF9pGoe2Z5ep6phQ%2B0gpp6i%2Ba2gs%2FbN76Uja6g%2BEaEyCxbyXOGwCEe%2BlTE620NjlWA4gtS"}],"group":"cf-nel","max_age":604800}
12:55:02.435 [main] DEBUG org.apache.http.headers -- << NEL: {"success_fraction":0,"report_to":"cf-nel","max_age":604800}
12:55:02.435 [main] DEBUG org.apache.http.headers -- << Server: cloudflare
12:55:02.435 [main] DEBUG org.apache.http.headers -- << CF-RAY: 7b8a2d530dc13ff3-SIN
12:55:02.435 [main] DEBUG org.apache.http.headers -- << Content-Encoding: gzip
12:55:02.435 [main] DEBUG org.apache.http.headers -- << alt-svc: h3=":443"; ma=86400, h3-29=":443"; ma=86400
12:55:02.435 [main] DEBUG org.apache.http.impl.client.DefaultHttpClient -- Connection can be kept alive indefinitely
12:55:02.435 [main] DEBUG io.restassured.internal.RestAssuredHttpBuilder -- Parsing response as: application/json; charset=utf-8
12:55:02.435 [main] DEBUG org.apache.http.wire --  << "e3[\r][\n]"
12:55:02.435 [main] DEBUG org.apache.http.wire --  << "[0x1f][0x8b][0x8][0x0][0x0][0x0][0x0][0x0][0x0][0x3]LO[0xcb]N[0xc3]0[0x10][0xfc][0x15]4[0xe2][0xe8]DI[0xdc][0xc6][0x89]O=[0xf1][0x1b][0x95][0x89][0x97][0xd4]`{#[0xdb][0xa5][0x82][0xa8][0xff][0x8e]\![0xc4]qvv^;[0x8c][0xb5][0x89]r[0x86][0xde][0xb1][0x12]{^Lq[0x1c]+[0xf4][0xa6]@[0xa3][0x91][0xaa][0x95][0xfd]q[0x86][0x80][0xe7][0xb8]Bc[0xea][0xdb][0xfe]0[0x8f][0xb8][0xb],[0xae]|A[0xe3][0xc3][0xf9][0x85][0xd9][0x13][0x4]rIDU[0x17][0xe9][0xf6][0x94][0xd8]X[0x8][0xc4]kx[0xa5][0x4][0xad][0xc6]i[0x10][0xf8]v[0xdb][0xc2][0x96][0xa0][0xd1][0xf][0xf3]06rR[0x87][0xea][0xe5],t/@[0xc1]8[0xf][0x8d]w[0xbe][0xc4][0xd3]ZA[0xbb]p[0x80][0xc0]5S[0x8a]&[0xd0]/W[0x8d]7[0x93][0xf3][0x8d][0x93][0x85]F[0x90]S[\n]"
12:55:02.435 [main] DEBUG org.apache.http.wire --  << "/[0xcf]5[0xed][0xf1][0xb3][0xe3][0xcd][0xa5]\[0xfe][0x9][0xea][0x0][0xf3]w[0xb1]L5t[0xbb]p|Ti[0x8e][0xaa]k[0x6]96[0xaa][0x93][0x12][0x2][0xe7][0xf3]'tw[0xff][0x1][0x0][0x0][0xff][0xff][0x3][0x0][0xee][0xd7][0xb6][0xa6] [0x1][0x0][0x0]"
12:55:02.435 [main] DEBUG org.apache.http.wire --  << "[\r][\n]"
12:55:02.436 [main] DEBUG org.apache.http.wire --  << "0[\r][\n]"
12:55:02.436 [main] DEBUG org.apache.http.wire --  << "[\r][\n]"
12:55:02.436 [main] DEBUG io.restassured.internal.RestAssuredHttpBuilder -- Parsed data to instance of: class org.apache.http.conn.EofSensorInputStream
12:55:02.438 [main] DEBUG org.apache.http.impl.conn.BasicClientConnectionManager -- Releasing connection org.apache.http.impl.conn.ManagedClientConnectionImpl@470866d1
12:55:02.438 [main] DEBUG org.apache.http.impl.conn.BasicClientConnectionManager -- Connection can be kept alive indefinitely
12:55:02.439 [main] DEBUG net.thucydides.core.steps.StepInterceptor -- STEP DONE: I send HTTP Request for Deleting
  &amp#27;[32mWhen &amp#27;[0m&amp#27;[32mI send HTTP Request for Deleting&amp#27;[0m        &amp#27;[90m# starter.stepdefinition.UserSteps.setRequestDeleteUser()&amp#27;[0m
12:55:02.446 [main] DEBUG net.thucydides.core.steps.StepInterceptor -- STARTING STEP: UserSteps.receiveDeleteUserCode200 - I receive code 200 for success deleting
12:55:02.447 [main] DEBUG net.thucydides.core.steps.StepInterceptor -- STEP DONE: I receive code 200 for success deleting
  &amp#27;[32mThen &amp#27;[0m&amp#27;[32mI receive code 200 for success deleting&amp#27;[0m &amp#27;[90m# starter.stepdefinition.UserSteps.receiveDeleteUserCode200()&amp#27;[0m
12:55:02.450 [main] INFO  -- 
  _____   ___   ___   _____     ___     _     ___   ___   ___   ___  
 |_   _| | __| / __| |_   _|   | _ \   /_\   / __| / __| | __| |   \ 
   | |   | _|  \__ \   | |     |  _/  / _ \  \__ \ \__ \ | _|  | |) |
   |_|   |___| |___/   |_|     |_|   /_/ \_\ |___/ |___/ |___| |___/ 

DELETE data user exist
----------------------------------------------------------------------
]]></system-out>
  </testcase>
</testsuite>